[0.095s] Invoking command in '/home/alexander/ros2_ws/src/new_cpp_pkg/build/new_cpp_pkg': CMAKE_PREFIX_PATH=${CMAKE_PREFIX_PATH}:/home/alexander/ros2_ws/install/new_py_pkg:/opt/ros/humble /usr/bin/cmake /home/alexander/ros2_ws/src/new_cpp_pkg -DCMAKE_INSTALL_PREFIX=/home/alexander/ros2_ws/src/new_cpp_pkg/install/new_cpp_pkg
[0.213s] -- The C compiler identification is GNU 11.4.0
[0.318s] -- The CXX compiler identification is GNU 11.4.0
[0.332s] -- Detecting C compiler ABI info
[0.402s] -- Detecting C compiler ABI info - done
[0.410s] -- Check for working C compiler: /usr/lib/ccache/cc - skipped
[0.411s] -- Detecting C compile features
[0.411s] -- Detecting C compile features - done
[0.416s] -- Detecting CXX compiler ABI info
[0.496s] -- Detecting CXX compiler ABI info - done
[0.504s] -- Check for working CXX compiler: /usr/lib/ccache/c++ - skipped
[0.505s] -- Detecting CXX compile features
[0.505s] -- Detecting CXX compile features - done
[0.511s] -- Found ament_cmake: 1.3.5 (/opt/ros/humble/share/ament_cmake/cmake)
[0.698s] -- Found Python3: /usr/bin/python3.10 (found version "3.10.12") found components: Interpreter 
[0.808s] -- Found rclcpp: 16.0.6 (/opt/ros/humble/share/rclcpp/cmake)
[0.869s] -- Found rosidl_generator_c: 3.1.5 (/opt/ros/humble/share/rosidl_generator_c/cmake)
[0.876s] -- Found rosidl_adapter: 3.1.5 (/opt/ros/humble/share/rosidl_adapter/cmake)
[0.888s] -- Found rosidl_generator_cpp: 3.1.5 (/opt/ros/humble/share/rosidl_generator_cpp/cmake)
[0.909s] -- Using all available rosidl_typesupport_c: rosidl_typesupport_fastrtps_c;rosidl_typesupport_introspection_c
[0.936s] -- Using all available rosidl_typesupport_cpp: rosidl_typesupport_fastrtps_cpp;rosidl_typesupport_introspection_cpp
[1.018s] -- Found rmw_implementation_cmake: 6.1.1 (/opt/ros/humble/share/rmw_implementation_cmake/cmake)
[1.022s] -- Found rmw_fastrtps_cpp: 6.2.4 (/opt/ros/humble/share/rmw_fastrtps_cpp/cmake)
[1.126s] -- Found OpenSSL: /usr/lib/x86_64-linux-gnu/libcrypto.so (found version "3.0.2")  
[1.154s] -- Found FastRTPS: /opt/ros/humble/include  
[1.204s] -- Using RMW implementation 'rmw_fastrtps_cpp' as default
[1.217s] -- Looking for pthread.h
[1.322s] -- Looking for pthread.h - found
[1.323s] -- Performing Test CMAKE_HAVE_LIBC_PTHREAD
[1.435s] -- Performing Test CMAKE_HAVE_LIBC_PTHREAD - Success
[1.436s] -- Found Threads: TRUE  
[1.632s] -- Found example_interfaces: 0.9.3 (/opt/ros/humble/share/example_interfaces/cmake)
[1.863s] -- Configuring done
[1.882s] -- Generating done
[1.884s] -- Build files have been written to: /home/alexander/ros2_ws/src/new_cpp_pkg/build/new_cpp_pkg
[1.895s] Invoked command in '/home/alexander/ros2_ws/src/new_cpp_pkg/build/new_cpp_pkg' returned '0': CMAKE_PREFIX_PATH=${CMAKE_PREFIX_PATH}:/home/alexander/ros2_ws/install/new_py_pkg:/opt/ros/humble /usr/bin/cmake /home/alexander/ros2_ws/src/new_cpp_pkg -DCMAKE_INSTALL_PREFIX=/home/alexander/ros2_ws/src/new_cpp_pkg/install/new_cpp_pkg
[1.897s] Invoking command in '/home/alexander/ros2_ws/src/new_cpp_pkg/build/new_cpp_pkg': CMAKE_PREFIX_PATH=${CMAKE_PREFIX_PATH}:/home/alexander/ros2_ws/install/new_py_pkg:/opt/ros/humble /usr/bin/cmake --build /home/alexander/ros2_ws/src/new_cpp_pkg/build/new_cpp_pkg -- -j8 -l8
[1.956s] [ 50%] [32mBuilding CXX object CMakeFiles/smartphone.dir/src/smartphone.cpp.o[0m
[1.956s] [ 50%] [32mBuilding CXX object CMakeFiles/cpp_node.dir/src/my_first_node.cpp.o[0m
[1.957s] [ 50%] [32mBuilding CXX object CMakeFiles/robot_news_station.dir/src/robot_news_station.cpp.o[0m
[6.182s] [ 66%] [32m[1mLinking CXX executable cpp_node[0m
[6.375s] [ 66%] Built target cpp_node
[7.864s] [ 83%] [32m[1mLinking CXX executable robot_news_station[0m
[8.133s] [ 83%] Built target robot_news_station
[12.037s] [100%] [32m[1mLinking CXX executable smartphone[0m
[12.532s] [100%] Built target smartphone
[12.571s] Invoked command in '/home/alexander/ros2_ws/src/new_cpp_pkg/build/new_cpp_pkg' returned '0': CMAKE_PREFIX_PATH=${CMAKE_PREFIX_PATH}:/home/alexander/ros2_ws/install/new_py_pkg:/opt/ros/humble /usr/bin/cmake --build /home/alexander/ros2_ws/src/new_cpp_pkg/build/new_cpp_pkg -- -j8 -l8
[12.673s] Invoking command in '/home/alexander/ros2_ws/src/new_cpp_pkg/build/new_cpp_pkg': CMAKE_PREFIX_PATH=${CMAKE_PREFIX_PATH}:/home/alexander/ros2_ws/install/new_py_pkg:/opt/ros/humble /usr/bin/cmake --install /home/alexander/ros2_ws/src/new_cpp_pkg/build/new_cpp_pkg
[12.690s] -- Install configuration: ""
[12.691s] -- Installing: /home/alexander/ros2_ws/src/new_cpp_pkg/install/new_cpp_pkg/lib/new_cpp_pkg/cpp_node
[12.692s] -- Set runtime path of "/home/alexander/ros2_ws/src/new_cpp_pkg/install/new_cpp_pkg/lib/new_cpp_pkg/cpp_node" to ""
[12.693s] -- Installing: /home/alexander/ros2_ws/src/new_cpp_pkg/install/new_cpp_pkg/lib/new_cpp_pkg/robot_news_station
[12.696s] -- Set runtime path of "/home/alexander/ros2_ws/src/new_cpp_pkg/install/new_cpp_pkg/lib/new_cpp_pkg/robot_news_station" to ""
[12.696s] -- Installing: /home/alexander/ros2_ws/src/new_cpp_pkg/install/new_cpp_pkg/lib/new_cpp_pkg/smartphone
[12.703s] -- Set runtime path of "/home/alexander/ros2_ws/src/new_cpp_pkg/install/new_cpp_pkg/lib/new_cpp_pkg/smartphone" to ""
[12.703s] -- Installing: /home/alexander/ros2_ws/src/new_cpp_pkg/install/new_cpp_pkg/share/ament_index/resource_index/package_run_dependencies/new_cpp_pkg
[12.703s] -- Installing: /home/alexander/ros2_ws/src/new_cpp_pkg/install/new_cpp_pkg/share/ament_index/resource_index/parent_prefix_path/new_cpp_pkg
[12.704s] -- Installing: /home/alexander/ros2_ws/src/new_cpp_pkg/install/new_cpp_pkg/share/new_cpp_pkg/environment/ament_prefix_path.sh
[12.704s] -- Installing: /home/alexander/ros2_ws/src/new_cpp_pkg/install/new_cpp_pkg/share/new_cpp_pkg/environment/ament_prefix_path.dsv
[12.704s] -- Installing: /home/alexander/ros2_ws/src/new_cpp_pkg/install/new_cpp_pkg/share/new_cpp_pkg/environment/path.sh
[12.704s] -- Installing: /home/alexander/ros2_ws/src/new_cpp_pkg/install/new_cpp_pkg/share/new_cpp_pkg/environment/path.dsv
[12.705s] -- Installing: /home/alexander/ros2_ws/src/new_cpp_pkg/install/new_cpp_pkg/share/new_cpp_pkg/local_setup.bash
[12.705s] -- Installing: /home/alexander/ros2_ws/src/new_cpp_pkg/install/new_cpp_pkg/share/new_cpp_pkg/local_setup.sh
[12.705s] -- Installing: /home/alexander/ros2_ws/src/new_cpp_pkg/install/new_cpp_pkg/share/new_cpp_pkg/local_setup.zsh
[12.705s] -- Installing: /home/alexander/ros2_ws/src/new_cpp_pkg/install/new_cpp_pkg/share/new_cpp_pkg/local_setup.dsv
[12.705s] -- Installing: /home/alexander/ros2_ws/src/new_cpp_pkg/install/new_cpp_pkg/share/new_cpp_pkg/package.dsv
[12.706s] -- Installing: /home/alexander/ros2_ws/src/new_cpp_pkg/install/new_cpp_pkg/share/ament_index/resource_index/packages/new_cpp_pkg
[12.706s] -- Installing: /home/alexander/ros2_ws/src/new_cpp_pkg/install/new_cpp_pkg/share/new_cpp_pkg/cmake/new_cpp_pkgConfig.cmake
[12.706s] -- Installing: /home/alexander/ros2_ws/src/new_cpp_pkg/install/new_cpp_pkg/share/new_cpp_pkg/cmake/new_cpp_pkgConfig-version.cmake
[12.706s] -- Installing: /home/alexander/ros2_ws/src/new_cpp_pkg/install/new_cpp_pkg/share/new_cpp_pkg/package.xml
[12.709s] Invoked command in '/home/alexander/ros2_ws/src/new_cpp_pkg/build/new_cpp_pkg' returned '0': CMAKE_PREFIX_PATH=${CMAKE_PREFIX_PATH}:/home/alexander/ros2_ws/install/new_py_pkg:/opt/ros/humble /usr/bin/cmake --install /home/alexander/ros2_ws/src/new_cpp_pkg/build/new_cpp_pkg
