[1.584s] DEBUG:colcon:Command line arguments: ['/usr/bin/colcon', 'build', '--packages-select', 'arduinobot_msgw']
[1.584s] DEBUG:colcon:Parsed command line arguments: Namespace(log_base=None, log_level=None, verb_name='build', build_base='build', install_base='install', merge_install=False, symlink_install=False, test_result_base=None, continue_on_error=False, executor='parallel', parallel_workers=8, event_handlers=None, ignore_user_meta=False, metas=['./colcon.meta'], base_paths=['.'], packages_ignore=None, packages_ignore_regex=None, paths=None, packages_up_to=None, packages_up_to_regex=None, packages_above=None, packages_above_and_dependencies=None, packages_above_depth=None, packages_select_by_dep=None, packages_skip_by_dep=None, packages_skip_up_to=None, packages_select_build_failed=False, packages_skip_build_finished=False, packages_select_test_failures=False, packages_skip_test_passed=False, packages_select=['arduinobot_msgw'], packages_skip=None, packages_select_regex=None, packages_skip_regex=None, packages_start=None, packages_end=None, allow_overriding=[], cmake_args=None, cmake_target=None, cmake_target_skip_unavailable=False, cmake_clean_cache=False, cmake_clean_first=False, cmake_force_configure=False, ament_cmake_args=None, catkin_cmake_args=None, catkin_skip_building_tests=False, verb_parser=<colcon_defaults.argument_parser.defaults.DefaultArgumentsDecorator object at 0x7fcb54338790>, verb_extension=<colcon_core.verb.build.BuildVerb object at 0x7fcb54338160>, main=<bound method BuildVerb.main of <colcon_core.verb.build.BuildVerb object at 0x7fcb54338160>>)
[1.650s] Level 1:colcon.colcon_core.package_discovery:discover_packages(colcon_meta) check parameters
[1.650s] Level 1:colcon.colcon_core.package_discovery:discover_packages(recursive) check parameters
[1.650s] Level 1:colcon.colcon_core.package_discovery:discover_packages(ignore) check parameters
[1.650s] Level 1:colcon.colcon_core.package_discovery:discover_packages(path) check parameters
[1.650s] Level 1:colcon.colcon_core.package_discovery:discover_packages(colcon_meta) discover
[1.650s] Level 1:colcon.colcon_core.package_discovery:discover_packages(recursive) discover
[1.650s] INFO:colcon.colcon_core.package_discovery:Crawling recursively for packages in '/home/alexander/ros2_ws/src'
[1.651s] Level 1:colcon.colcon_core.package_identification:_identify(.) by extensions ['ignore', 'ignore_ament_install']
[1.651s] Level 1:colcon.colcon_core.package_identification:_identify(.) by extension 'ignore'
[1.651s] Level 1:colcon.colcon_core.package_identification:_identify(.) by extension 'ignore_ament_install'
[1.651s] Level 1:colcon.colcon_core.package_identification:_identify(.) by extensions ['colcon_pkg']
[1.651s] Level 1:colcon.colcon_core.package_identification:_identify(.) by extension 'colcon_pkg'
[1.651s] Level 1:colcon.colcon_core.package_identification:_identify(.) by extensions ['colcon_meta']
[1.651s] Level 1:colcon.colcon_core.package_identification:_identify(.) by extension 'colcon_meta'
[1.651s] Level 1:colcon.colcon_core.package_identification:_identify(.) by extensions ['ros']
[1.651s] Level 1:colcon.colcon_core.package_identification:_identify(.) by extension 'ros'
[1.663s] Level 1:colcon.colcon_core.package_identification:_identify(.) by extensions ['cmake', 'python']
[1.663s] Level 1:colcon.colcon_core.package_identification:_identify(.) by extension 'cmake'
[1.663s] Level 1:colcon.colcon_core.package_identification:_identify(.) by extension 'python'
[1.663s] Level 1:colcon.colcon_core.package_identification:_identify(.) by extensions ['python_setup_py']
[1.663s] Level 1:colcon.colcon_core.package_identification:_identify(.) by extension 'python_setup_py'
[1.663s] Level 1:colcon.colcon_core.package_identification:_identify(actions_py) by extensions ['ignore', 'ignore_ament_install']
[1.663s] Level 1:colcon.colcon_core.package_identification:_identify(actions_py) by extension 'ignore'
[1.663s] Level 1:colcon.colcon_core.package_identification:_identify(actions_py) by extension 'ignore_ament_install'
[1.663s] Level 1:colcon.colcon_core.package_identification:_identify(actions_py) by extensions ['colcon_pkg']
[1.663s] Level 1:colcon.colcon_core.package_identification:_identify(actions_py) by extension 'colcon_pkg'
[1.663s] Level 1:colcon.colcon_core.package_identification:_identify(actions_py) by extensions ['colcon_meta']
[1.663s] Level 1:colcon.colcon_core.package_identification:_identify(actions_py) by extension 'colcon_meta'
[1.663s] Level 1:colcon.colcon_core.package_identification:_identify(actions_py) by extensions ['ros']
[1.663s] Level 1:colcon.colcon_core.package_identification:_identify(actions_py) by extension 'ros'
[1.666s] DEBUG:colcon.colcon_core.package_identification:Package 'actions_py' with type 'ros.ament_python' and name 'actions_py'
[1.666s] Level 1:colcon.colcon_core.package_identification:_identify(arduinobot_controller) by extensions ['ignore', 'ignore_ament_install']
[1.666s] Level 1:colcon.colcon_core.package_identification:_identify(arduinobot_controller) by extension 'ignore'
[1.666s] Level 1:colcon.colcon_core.package_identification:_identify(arduinobot_controller) by extension 'ignore_ament_install'
[1.666s] Level 1:colcon.colcon_core.package_identification:_identify(arduinobot_controller) by extensions ['colcon_pkg']
[1.666s] Level 1:colcon.colcon_core.package_identification:_identify(arduinobot_controller) by extension 'colcon_pkg'
[1.666s] Level 1:colcon.colcon_core.package_identification:_identify(arduinobot_controller) by extensions ['colcon_meta']
[1.666s] Level 1:colcon.colcon_core.package_identification:_identify(arduinobot_controller) by extension 'colcon_meta'
[1.666s] Level 1:colcon.colcon_core.package_identification:_identify(arduinobot_controller) by extensions ['ros']
[1.667s] Level 1:colcon.colcon_core.package_identification:_identify(arduinobot_controller) by extension 'ros'
[1.667s] DEBUG:colcon.colcon_core.package_identification:Package 'arduinobot_controller' with type 'ros.ament_cmake' and name 'arduinobot_controller'
[1.667s] Level 1:colcon.colcon_core.package_identification:_identify(arduinobot_description) by extensions ['ignore', 'ignore_ament_install']
[1.667s] Level 1:colcon.colcon_core.package_identification:_identify(arduinobot_description) by extension 'ignore'
[1.667s] Level 1:colcon.colcon_core.package_identification:_identify(arduinobot_description) by extension 'ignore_ament_install'
[1.667s] Level 1:colcon.colcon_core.package_identification:_identify(arduinobot_description) by extensions ['colcon_pkg']
[1.667s] Level 1:colcon.colcon_core.package_identification:_identify(arduinobot_description) by extension 'colcon_pkg'
[1.667s] Level 1:colcon.colcon_core.package_identification:_identify(arduinobot_description) by extensions ['colcon_meta']
[1.667s] Level 1:colcon.colcon_core.package_identification:_identify(arduinobot_description) by extension 'colcon_meta'
[1.667s] Level 1:colcon.colcon_core.package_identification:_identify(arduinobot_description) by extensions ['ros']
[1.668s] Level 1:colcon.colcon_core.package_identification:_identify(arduinobot_description) by extension 'ros'
[1.668s] DEBUG:colcon.colcon_core.package_identification:Package 'arduinobot_description' with type 'ros.ament_cmake' and name 'arduinobot_description'
[1.668s] Level 1:colcon.colcon_core.package_identification:_identify(arduinobot_msgs) by extensions ['ignore', 'ignore_ament_install']
[1.668s] Level 1:colcon.colcon_core.package_identification:_identify(arduinobot_msgs) by extension 'ignore'
[1.668s] Level 1:colcon.colcon_core.package_identification:_identify(arduinobot_msgs) by extension 'ignore_ament_install'
[1.668s] Level 1:colcon.colcon_core.package_identification:_identify(arduinobot_msgs) by extensions ['colcon_pkg']
[1.668s] Level 1:colcon.colcon_core.package_identification:_identify(arduinobot_msgs) by extension 'colcon_pkg'
[1.668s] Level 1:colcon.colcon_core.package_identification:_identify(arduinobot_msgs) by extensions ['colcon_meta']
[1.668s] Level 1:colcon.colcon_core.package_identification:_identify(arduinobot_msgs) by extension 'colcon_meta'
[1.669s] Level 1:colcon.colcon_core.package_identification:_identify(arduinobot_msgs) by extensions ['ros']
[1.669s] Level 1:colcon.colcon_core.package_identification:_identify(arduinobot_msgs) by extension 'ros'
[1.669s] DEBUG:colcon.colcon_core.package_identification:Package 'arduinobot_msgs' with type 'ros.ament_cmake' and name 'arduinobot_msgs'
[1.669s] Level 1:colcon.colcon_core.package_identification:_identify(build) by extensions ['ignore', 'ignore_ament_install']
[1.669s] Level 1:colcon.colcon_core.package_identification:_identify(build) by extension 'ignore'
[1.669s] Level 1:colcon.colcon_core.package_identification:_identify(build) ignored
[1.669s] Level 1:colcon.colcon_core.package_identification:_identify(components_cpp) by extensions ['ignore', 'ignore_ament_install']
[1.669s] Level 1:colcon.colcon_core.package_identification:_identify(components_cpp) by extension 'ignore'
[1.669s] Level 1:colcon.colcon_core.package_identification:_identify(components_cpp) by extension 'ignore_ament_install'
[1.670s] Level 1:colcon.colcon_core.package_identification:_identify(components_cpp) by extensions ['colcon_pkg']
[1.670s] Level 1:colcon.colcon_core.package_identification:_identify(components_cpp) by extension 'colcon_pkg'
[1.670s] Level 1:colcon.colcon_core.package_identification:_identify(components_cpp) by extensions ['colcon_meta']
[1.670s] Level 1:colcon.colcon_core.package_identification:_identify(components_cpp) by extension 'colcon_meta'
[1.670s] Level 1:colcon.colcon_core.package_identification:_identify(components_cpp) by extensions ['ros']
[1.670s] Level 1:colcon.colcon_core.package_identification:_identify(components_cpp) by extension 'ros'
[1.670s] DEBUG:colcon.colcon_core.package_identification:Package 'components_cpp' with type 'ros.ament_cmake' and name 'components_cpp'
[1.670s] Level 1:colcon.colcon_core.package_identification:_identify(components_py) by extensions ['ignore', 'ignore_ament_install']
[1.671s] Level 1:colcon.colcon_core.package_identification:_identify(components_py) by extension 'ignore'
[1.671s] Level 1:colcon.colcon_core.package_identification:_identify(components_py) by extension 'ignore_ament_install'
[1.671s] Level 1:colcon.colcon_core.package_identification:_identify(components_py) by extensions ['colcon_pkg']
[1.671s] Level 1:colcon.colcon_core.package_identification:_identify(components_py) by extension 'colcon_pkg'
[1.671s] Level 1:colcon.colcon_core.package_identification:_identify(components_py) by extensions ['colcon_meta']
[1.671s] Level 1:colcon.colcon_core.package_identification:_identify(components_py) by extension 'colcon_meta'
[1.671s] Level 1:colcon.colcon_core.package_identification:_identify(components_py) by extensions ['ros']
[1.671s] Level 1:colcon.colcon_core.package_identification:_identify(components_py) by extension 'ros'
[1.672s] DEBUG:colcon.colcon_core.package_identification:Package 'components_py' with type 'ros.ament_python' and name 'components_py'
[1.672s] Level 1:colcon.colcon_core.package_identification:_identify(drone) by extensions ['ignore', 'ignore_ament_install']
[1.672s] Level 1:colcon.colcon_core.package_identification:_identify(drone) by extension 'ignore'
[1.672s] Level 1:colcon.colcon_core.package_identification:_identify(drone) by extension 'ignore_ament_install'
[1.672s] Level 1:colcon.colcon_core.package_identification:_identify(drone) by extensions ['colcon_pkg']
[1.672s] Level 1:colcon.colcon_core.package_identification:_identify(drone) by extension 'colcon_pkg'
[1.672s] Level 1:colcon.colcon_core.package_identification:_identify(drone) by extensions ['colcon_meta']
[1.672s] Level 1:colcon.colcon_core.package_identification:_identify(drone) by extension 'colcon_meta'
[1.672s] Level 1:colcon.colcon_core.package_identification:_identify(drone) by extensions ['ros']
[1.672s] Level 1:colcon.colcon_core.package_identification:_identify(drone) by extension 'ros'
[1.673s] DEBUG:colcon.colcon_core.package_identification:Package 'drone' with type 'ros.ament_python' and name 'drone'
[1.673s] Level 1:colcon.colcon_core.package_identification:_identify(drone_bringup) by extensions ['ignore', 'ignore_ament_install']
[1.673s] Level 1:colcon.colcon_core.package_identification:_identify(drone_bringup) by extension 'ignore'
[1.673s] Level 1:colcon.colcon_core.package_identification:_identify(drone_bringup) by extension 'ignore_ament_install'
[1.674s] Level 1:colcon.colcon_core.package_identification:_identify(drone_bringup) by extensions ['colcon_pkg']
[1.674s] Level 1:colcon.colcon_core.package_identification:_identify(drone_bringup) by extension 'colcon_pkg'
[1.674s] Level 1:colcon.colcon_core.package_identification:_identify(drone_bringup) by extensions ['colcon_meta']
[1.674s] Level 1:colcon.colcon_core.package_identification:_identify(drone_bringup) by extension 'colcon_meta'
[1.674s] Level 1:colcon.colcon_core.package_identification:_identify(drone_bringup) by extensions ['ros']
[1.674s] Level 1:colcon.colcon_core.package_identification:_identify(drone_bringup) by extension 'ros'
[1.674s] DEBUG:colcon.colcon_core.package_identification:Package 'drone_bringup' with type 'ros.ament_cmake' and name 'drone_bringup'
[1.674s] Level 1:colcon.colcon_core.package_identification:_identify(drone_interfaces) by extensions ['ignore', 'ignore_ament_install']
[1.674s] Level 1:colcon.colcon_core.package_identification:_identify(drone_interfaces) by extension 'ignore'
[1.675s] Level 1:colcon.colcon_core.package_identification:_identify(drone_interfaces) by extension 'ignore_ament_install'
[1.675s] Level 1:colcon.colcon_core.package_identification:_identify(drone_interfaces) by extensions ['colcon_pkg']
[1.675s] Level 1:colcon.colcon_core.package_identification:_identify(drone_interfaces) by extension 'colcon_pkg'
[1.675s] Level 1:colcon.colcon_core.package_identification:_identify(drone_interfaces) by extensions ['colcon_meta']
[1.675s] Level 1:colcon.colcon_core.package_identification:_identify(drone_interfaces) by extension 'colcon_meta'
[1.675s] Level 1:colcon.colcon_core.package_identification:_identify(drone_interfaces) by extensions ['ros']
[1.675s] Level 1:colcon.colcon_core.package_identification:_identify(drone_interfaces) by extension 'ros'
[1.675s] DEBUG:colcon.colcon_core.package_identification:Package 'drone_interfaces' with type 'ros.ament_cmake' and name 'drone_interfaces'
[1.675s] Level 1:colcon.colcon_core.package_identification:_identify(drone_yolo) by extensions ['ignore', 'ignore_ament_install']
[1.675s] Level 1:colcon.colcon_core.package_identification:_identify(drone_yolo) by extension 'ignore'
[1.676s] Level 1:colcon.colcon_core.package_identification:_identify(drone_yolo) by extension 'ignore_ament_install'
[1.676s] Level 1:colcon.colcon_core.package_identification:_identify(drone_yolo) by extensions ['colcon_pkg']
[1.676s] Level 1:colcon.colcon_core.package_identification:_identify(drone_yolo) by extension 'colcon_pkg'
[1.676s] Level 1:colcon.colcon_core.package_identification:_identify(drone_yolo) by extensions ['colcon_meta']
[1.676s] Level 1:colcon.colcon_core.package_identification:_identify(drone_yolo) by extension 'colcon_meta'
[1.676s] Level 1:colcon.colcon_core.package_identification:_identify(drone_yolo) by extensions ['ros']
[1.676s] Level 1:colcon.colcon_core.package_identification:_identify(drone_yolo) by extension 'ros'
[1.676s] DEBUG:colcon.colcon_core.package_identification:Package 'drone_yolo' with type 'ros.ament_python' and name 'drone_yolo'
[1.676s] Level 1:colcon.colcon_core.package_identification:_identify(executors_cpp) by extensions ['ignore', 'ignore_ament_install']
[1.676s] Level 1:colcon.colcon_core.package_identification:_identify(executors_cpp) by extension 'ignore'
[1.677s] Level 1:colcon.colcon_core.package_identification:_identify(executors_cpp) by extension 'ignore_ament_install'
[1.677s] Level 1:colcon.colcon_core.package_identification:_identify(executors_cpp) by extensions ['colcon_pkg']
[1.677s] Level 1:colcon.colcon_core.package_identification:_identify(executors_cpp) by extension 'colcon_pkg'
[1.677s] Level 1:colcon.colcon_core.package_identification:_identify(executors_cpp) by extensions ['colcon_meta']
[1.677s] Level 1:colcon.colcon_core.package_identification:_identify(executors_cpp) by extension 'colcon_meta'
[1.677s] Level 1:colcon.colcon_core.package_identification:_identify(executors_cpp) by extensions ['ros']
[1.677s] Level 1:colcon.colcon_core.package_identification:_identify(executors_cpp) by extension 'ros'
[1.677s] DEBUG:colcon.colcon_core.package_identification:Package 'executors_cpp' with type 'ros.ament_cmake' and name 'executors_cpp'
[1.677s] Level 1:colcon.colcon_core.package_identification:_identify(executors_py) by extensions ['ignore', 'ignore_ament_install']
[1.677s] Level 1:colcon.colcon_core.package_identification:_identify(executors_py) by extension 'ignore'
[1.677s] Level 1:colcon.colcon_core.package_identification:_identify(executors_py) by extension 'ignore_ament_install'
[1.678s] Level 1:colcon.colcon_core.package_identification:_identify(executors_py) by extensions ['colcon_pkg']
[1.678s] Level 1:colcon.colcon_core.package_identification:_identify(executors_py) by extension 'colcon_pkg'
[1.678s] Level 1:colcon.colcon_core.package_identification:_identify(executors_py) by extensions ['colcon_meta']
[1.678s] Level 1:colcon.colcon_core.package_identification:_identify(executors_py) by extension 'colcon_meta'
[1.678s] Level 1:colcon.colcon_core.package_identification:_identify(executors_py) by extensions ['ros']
[1.678s] Level 1:colcon.colcon_core.package_identification:_identify(executors_py) by extension 'ros'
[1.678s] DEBUG:colcon.colcon_core.package_identification:Package 'executors_py' with type 'ros.ament_python' and name 'executors_py'
[1.678s] Level 1:colcon.colcon_core.package_identification:_identify(install) by extensions ['ignore', 'ignore_ament_install']
[1.678s] Level 1:colcon.colcon_core.package_identification:_identify(install) by extension 'ignore'
[1.679s] Level 1:colcon.colcon_core.package_identification:_identify(install) ignored
[1.679s] Level 1:colcon.colcon_core.package_identification:_identify(lifecycle_py) by extensions ['ignore', 'ignore_ament_install']
[1.679s] Level 1:colcon.colcon_core.package_identification:_identify(lifecycle_py) by extension 'ignore'
[1.679s] Level 1:colcon.colcon_core.package_identification:_identify(lifecycle_py) by extension 'ignore_ament_install'
[1.679s] Level 1:colcon.colcon_core.package_identification:_identify(lifecycle_py) by extensions ['colcon_pkg']
[1.679s] Level 1:colcon.colcon_core.package_identification:_identify(lifecycle_py) by extension 'colcon_pkg'
[1.679s] Level 1:colcon.colcon_core.package_identification:_identify(lifecycle_py) by extensions ['colcon_meta']
[1.679s] Level 1:colcon.colcon_core.package_identification:_identify(lifecycle_py) by extension 'colcon_meta'
[1.679s] Level 1:colcon.colcon_core.package_identification:_identify(lifecycle_py) by extensions ['ros']
[1.679s] Level 1:colcon.colcon_core.package_identification:_identify(lifecycle_py) by extension 'ros'
[1.680s] DEBUG:colcon.colcon_core.package_identification:Package 'lifecycle_py' with type 'ros.ament_python' and name 'lifecycle_py'
[1.680s] Level 1:colcon.colcon_core.package_identification:_identify(log) by extensions ['ignore', 'ignore_ament_install']
[1.680s] Level 1:colcon.colcon_core.package_identification:_identify(log) by extension 'ignore'
[1.680s] Level 1:colcon.colcon_core.package_identification:_identify(log) ignored
[1.680s] Level 1:colcon.colcon_core.package_identification:_identify(mavros2) by extensions ['ignore', 'ignore_ament_install']
[1.680s] Level 1:colcon.colcon_core.package_identification:_identify(mavros2) by extension 'ignore'
[1.680s] Level 1:colcon.colcon_core.package_identification:_identify(mavros2) by extension 'ignore_ament_install'
[1.680s] Level 1:colcon.colcon_core.package_identification:_identify(mavros2) by extensions ['colcon_pkg']
[1.680s] Level 1:colcon.colcon_core.package_identification:_identify(mavros2) by extension 'colcon_pkg'
[1.680s] Level 1:colcon.colcon_core.package_identification:_identify(mavros2) by extensions ['colcon_meta']
[1.680s] Level 1:colcon.colcon_core.package_identification:_identify(mavros2) by extension 'colcon_meta'
[1.680s] Level 1:colcon.colcon_core.package_identification:_identify(mavros2) by extensions ['ros']
[1.681s] Level 1:colcon.colcon_core.package_identification:_identify(mavros2) by extension 'ros'
[1.681s] DEBUG:colcon.colcon_core.package_identification:Package 'mavros2' with type 'ros.ament_python' and name 'mavros2'
[1.681s] Level 1:colcon.colcon_core.package_identification:_identify(mavros_pkg.py) by extensions ['ignore', 'ignore_ament_install']
[1.681s] Level 1:colcon.colcon_core.package_identification:_identify(mavros_pkg.py) by extension 'ignore'
[1.681s] Level 1:colcon.colcon_core.package_identification:_identify(mavros_pkg.py) by extension 'ignore_ament_install'
[1.681s] Level 1:colcon.colcon_core.package_identification:_identify(mavros_pkg.py) by extensions ['colcon_pkg']
[1.682s] Level 1:colcon.colcon_core.package_identification:_identify(mavros_pkg.py) by extension 'colcon_pkg'
[1.682s] Level 1:colcon.colcon_core.package_identification:_identify(mavros_pkg.py) by extensions ['colcon_meta']
[1.682s] Level 1:colcon.colcon_core.package_identification:_identify(mavros_pkg.py) by extension 'colcon_meta'
[1.682s] Level 1:colcon.colcon_core.package_identification:_identify(mavros_pkg.py) by extensions ['ros']
[1.682s] Level 1:colcon.colcon_core.package_identification:_identify(mavros_pkg.py) by extension 'ros'
[1.683s] DEBUG:colcon.colcon_core.package_identification:Package 'mavros_pkg.py' with type 'ros.ament_python' and name 'mavros_pkg'
[1.683s] Level 1:colcon.colcon_core.package_identification:_identify(my_robot_bringup) by extensions ['ignore', 'ignore_ament_install']
[1.683s] Level 1:colcon.colcon_core.package_identification:_identify(my_robot_bringup) by extension 'ignore'
[1.683s] Level 1:colcon.colcon_core.package_identification:_identify(my_robot_bringup) by extension 'ignore_ament_install'
[1.683s] Level 1:colcon.colcon_core.package_identification:_identify(my_robot_bringup) by extensions ['colcon_pkg']
[1.683s] Level 1:colcon.colcon_core.package_identification:_identify(my_robot_bringup) by extension 'colcon_pkg'
[1.683s] Level 1:colcon.colcon_core.package_identification:_identify(my_robot_bringup) by extensions ['colcon_meta']
[1.683s] Level 1:colcon.colcon_core.package_identification:_identify(my_robot_bringup) by extension 'colcon_meta'
[1.683s] Level 1:colcon.colcon_core.package_identification:_identify(my_robot_bringup) by extensions ['ros']
[1.683s] Level 1:colcon.colcon_core.package_identification:_identify(my_robot_bringup) by extension 'ros'
[1.684s] DEBUG:colcon.colcon_core.package_identification:Package 'my_robot_bringup' with type 'ros.ament_cmake' and name 'my_robot_bringup'
[1.684s] Level 1:colcon.colcon_core.package_identification:_identify(my_robot_description) by extensions ['ignore', 'ignore_ament_install']
[1.684s] Level 1:colcon.colcon_core.package_identification:_identify(my_robot_description) by extension 'ignore'
[1.684s] Level 1:colcon.colcon_core.package_identification:_identify(my_robot_description) by extension 'ignore_ament_install'
[1.684s] Level 1:colcon.colcon_core.package_identification:_identify(my_robot_description) by extensions ['colcon_pkg']
[1.684s] Level 1:colcon.colcon_core.package_identification:_identify(my_robot_description) by extension 'colcon_pkg'
[1.684s] Level 1:colcon.colcon_core.package_identification:_identify(my_robot_description) by extensions ['colcon_meta']
[1.684s] Level 1:colcon.colcon_core.package_identification:_identify(my_robot_description) by extension 'colcon_meta'
[1.684s] Level 1:colcon.colcon_core.package_identification:_identify(my_robot_description) by extensions ['ros']
[1.684s] Level 1:colcon.colcon_core.package_identification:_identify(my_robot_description) by extension 'ros'
[1.684s] DEBUG:colcon.colcon_core.package_identification:Package 'my_robot_description' with type 'ros.ament_cmake' and name 'my_robot_description'
[1.685s] Level 1:colcon.colcon_core.package_identification:_identify(my_robot_interfaces) by extensions ['ignore', 'ignore_ament_install']
[1.685s] Level 1:colcon.colcon_core.package_identification:_identify(my_robot_interfaces) by extension 'ignore'
[1.685s] Level 1:colcon.colcon_core.package_identification:_identify(my_robot_interfaces) by extension 'ignore_ament_install'
[1.685s] Level 1:colcon.colcon_core.package_identification:_identify(my_robot_interfaces) by extensions ['colcon_pkg']
[1.685s] Level 1:colcon.colcon_core.package_identification:_identify(my_robot_interfaces) by extension 'colcon_pkg'
[1.685s] Level 1:colcon.colcon_core.package_identification:_identify(my_robot_interfaces) by extensions ['colcon_meta']
[1.685s] Level 1:colcon.colcon_core.package_identification:_identify(my_robot_interfaces) by extension 'colcon_meta'
[1.685s] Level 1:colcon.colcon_core.package_identification:_identify(my_robot_interfaces) by extensions ['ros']
[1.685s] Level 1:colcon.colcon_core.package_identification:_identify(my_robot_interfaces) by extension 'ros'
[1.685s] DEBUG:colcon.colcon_core.package_identification:Package 'my_robot_interfaces' with type 'ros.ament_cmake' and name 'my_robot_interfaces'
[1.686s] Level 1:colcon.colcon_core.package_identification:_identify(new_py_pkg) by extensions ['ignore', 'ignore_ament_install']
[1.686s] Level 1:colcon.colcon_core.package_identification:_identify(new_py_pkg) by extension 'ignore'
[1.686s] Level 1:colcon.colcon_core.package_identification:_identify(new_py_pkg) by extension 'ignore_ament_install'
[1.686s] Level 1:colcon.colcon_core.package_identification:_identify(new_py_pkg) by extensions ['colcon_pkg']
[1.686s] Level 1:colcon.colcon_core.package_identification:_identify(new_py_pkg) by extension 'colcon_pkg'
[1.686s] Level 1:colcon.colcon_core.package_identification:_identify(new_py_pkg) by extensions ['colcon_meta']
[1.686s] Level 1:colcon.colcon_core.package_identification:_identify(new_py_pkg) by extension 'colcon_meta'
[1.686s] Level 1:colcon.colcon_core.package_identification:_identify(new_py_pkg) by extensions ['ros']
[1.686s] Level 1:colcon.colcon_core.package_identification:_identify(new_py_pkg) by extension 'ros'
[1.687s] DEBUG:colcon.colcon_core.package_identification:Package 'new_py_pkg' with type 'ros.ament_python' and name 'new_py_pkg'
[1.687s] Level 1:colcon.colcon_core.package_identification:_identify(templates) by extensions ['ignore', 'ignore_ament_install']
[1.687s] Level 1:colcon.colcon_core.package_identification:_identify(templates) by extension 'ignore'
[1.687s] Level 1:colcon.colcon_core.package_identification:_identify(templates) by extension 'ignore_ament_install'
[1.687s] Level 1:colcon.colcon_core.package_identification:_identify(templates) by extensions ['colcon_pkg']
[1.687s] Level 1:colcon.colcon_core.package_identification:_identify(templates) by extension 'colcon_pkg'
[1.687s] Level 1:colcon.colcon_core.package_identification:_identify(templates) by extensions ['colcon_meta']
[1.687s] Level 1:colcon.colcon_core.package_identification:_identify(templates) by extension 'colcon_meta'
[1.687s] Level 1:colcon.colcon_core.package_identification:_identify(templates) by extensions ['ros']
[1.687s] Level 1:colcon.colcon_core.package_identification:_identify(templates) by extension 'ros'
[1.687s] Level 1:colcon.colcon_core.package_identification:_identify(templates) by extensions ['cmake', 'python']
[1.687s] Level 1:colcon.colcon_core.package_identification:_identify(templates) by extension 'cmake'
[1.687s] Level 1:colcon.colcon_core.package_identification:_identify(templates) by extension 'python'
[1.687s] Level 1:colcon.colcon_core.package_identification:_identify(templates) by extensions ['python_setup_py']
[1.687s] Level 1:colcon.colcon_core.package_identification:_identify(templates) by extension 'python_setup_py'
[1.687s] Level 1:colcon.colcon_core.package_identification:_identify(turtle_interfaces) by extensions ['ignore', 'ignore_ament_install']
[1.688s] Level 1:colcon.colcon_core.package_identification:_identify(turtle_interfaces) by extension 'ignore'
[1.688s] Level 1:colcon.colcon_core.package_identification:_identify(turtle_interfaces) by extension 'ignore_ament_install'
[1.688s] Level 1:colcon.colcon_core.package_identification:_identify(turtle_interfaces) by extensions ['colcon_pkg']
[1.688s] Level 1:colcon.colcon_core.package_identification:_identify(turtle_interfaces) by extension 'colcon_pkg'
[1.688s] Level 1:colcon.colcon_core.package_identification:_identify(turtle_interfaces) by extensions ['colcon_meta']
[1.688s] Level 1:colcon.colcon_core.package_identification:_identify(turtle_interfaces) by extension 'colcon_meta'
[1.688s] Level 1:colcon.colcon_core.package_identification:_identify(turtle_interfaces) by extensions ['ros']
[1.688s] Level 1:colcon.colcon_core.package_identification:_identify(turtle_interfaces) by extension 'ros'
[1.688s] DEBUG:colcon.colcon_core.package_identification:Package 'turtle_interfaces' with type 'ros.ament_cmake' and name 'turtle_interfaces'
[1.689s] Level 1:colcon.colcon_core.package_identification:_identify(turtlesim_bringup) by extensions ['ignore', 'ignore_ament_install']
[1.689s] Level 1:colcon.colcon_core.package_identification:_identify(turtlesim_bringup) by extension 'ignore'
[1.689s] Level 1:colcon.colcon_core.package_identification:_identify(turtlesim_bringup) by extension 'ignore_ament_install'
[1.689s] Level 1:colcon.colcon_core.package_identification:_identify(turtlesim_bringup) by extensions ['colcon_pkg']
[1.689s] Level 1:colcon.colcon_core.package_identification:_identify(turtlesim_bringup) by extension 'colcon_pkg'
[1.689s] Level 1:colcon.colcon_core.package_identification:_identify(turtlesim_bringup) by extensions ['colcon_meta']
[1.689s] Level 1:colcon.colcon_core.package_identification:_identify(turtlesim_bringup) by extension 'colcon_meta'
[1.689s] Level 1:colcon.colcon_core.package_identification:_identify(turtlesim_bringup) by extensions ['ros']
[1.689s] Level 1:colcon.colcon_core.package_identification:_identify(turtlesim_bringup) by extension 'ros'
[1.690s] DEBUG:colcon.colcon_core.package_identification:Package 'turtlesim_bringup' with type 'ros.ament_cmake' and name 'turtlesim_bringup'
[1.690s] Level 1:colcon.colcon_core.package_identification:_identify(turtlesim_catch_them_all) by extensions ['ignore', 'ignore_ament_install']
[1.690s] Level 1:colcon.colcon_core.package_identification:_identify(turtlesim_catch_them_all) by extension 'ignore'
[1.690s] Level 1:colcon.colcon_core.package_identification:_identify(turtlesim_catch_them_all) by extension 'ignore_ament_install'
[1.690s] Level 1:colcon.colcon_core.package_identification:_identify(turtlesim_catch_them_all) by extensions ['colcon_pkg']
[1.690s] Level 1:colcon.colcon_core.package_identification:_identify(turtlesim_catch_them_all) by extension 'colcon_pkg'
[1.690s] Level 1:colcon.colcon_core.package_identification:_identify(turtlesim_catch_them_all) by extensions ['colcon_meta']
[1.690s] Level 1:colcon.colcon_core.package_identification:_identify(turtlesim_catch_them_all) by extension 'colcon_meta'
[1.690s] Level 1:colcon.colcon_core.package_identification:_identify(turtlesim_catch_them_all) by extensions ['ros']
[1.690s] Level 1:colcon.colcon_core.package_identification:_identify(turtlesim_catch_them_all) by extension 'ros'
[1.691s] DEBUG:colcon.colcon_core.package_identification:Package 'turtlesim_catch_them_all' with type 'ros.ament_python' and name 'turtlesim_catch_them_all'
[1.691s] Level 1:colcon.colcon_core.package_identification:_identify(yolobot_control) by extensions ['ignore', 'ignore_ament_install']
[1.691s] Level 1:colcon.colcon_core.package_identification:_identify(yolobot_control) by extension 'ignore'
[1.691s] Level 1:colcon.colcon_core.package_identification:_identify(yolobot_control) by extension 'ignore_ament_install'
[1.691s] Level 1:colcon.colcon_core.package_identification:_identify(yolobot_control) by extensions ['colcon_pkg']
[1.691s] Level 1:colcon.colcon_core.package_identification:_identify(yolobot_control) by extension 'colcon_pkg'
[1.691s] Level 1:colcon.colcon_core.package_identification:_identify(yolobot_control) by extensions ['colcon_meta']
[1.691s] Level 1:colcon.colcon_core.package_identification:_identify(yolobot_control) by extension 'colcon_meta'
[1.692s] Level 1:colcon.colcon_core.package_identification:_identify(yolobot_control) by extensions ['ros']
[1.692s] Level 1:colcon.colcon_core.package_identification:_identify(yolobot_control) by extension 'ros'
[1.692s] DEBUG:colcon.colcon_core.package_identification:Package 'yolobot_control' with type 'ros.ament_cmake' and name 'yolobot_control'
[1.692s] Level 1:colcon.colcon_core.package_identification:_identify(yolobot_description) by extensions ['ignore', 'ignore_ament_install']
[1.692s] Level 1:colcon.colcon_core.package_identification:_identify(yolobot_description) by extension 'ignore'
[1.692s] Level 1:colcon.colcon_core.package_identification:_identify(yolobot_description) by extension 'ignore_ament_install'
[1.692s] Level 1:colcon.colcon_core.package_identification:_identify(yolobot_description) by extensions ['colcon_pkg']
[1.692s] Level 1:colcon.colcon_core.package_identification:_identify(yolobot_description) by extension 'colcon_pkg'
[1.692s] Level 1:colcon.colcon_core.package_identification:_identify(yolobot_description) by extensions ['colcon_meta']
[1.692s] Level 1:colcon.colcon_core.package_identification:_identify(yolobot_description) by extension 'colcon_meta'
[1.692s] Level 1:colcon.colcon_core.package_identification:_identify(yolobot_description) by extensions ['ros']
[1.693s] Level 1:colcon.colcon_core.package_identification:_identify(yolobot_description) by extension 'ros'
[1.693s] DEBUG:colcon.colcon_core.package_identification:Package 'yolobot_description' with type 'ros.ament_cmake' and name 'yolobot_description'
[1.693s] Level 1:colcon.colcon_core.package_identification:_identify(yolobot_gazebo) by extensions ['ignore', 'ignore_ament_install']
[1.693s] Level 1:colcon.colcon_core.package_identification:_identify(yolobot_gazebo) by extension 'ignore'
[1.693s] Level 1:colcon.colcon_core.package_identification:_identify(yolobot_gazebo) by extension 'ignore_ament_install'
[1.693s] Level 1:colcon.colcon_core.package_identification:_identify(yolobot_gazebo) by extensions ['colcon_pkg']
[1.693s] Level 1:colcon.colcon_core.package_identification:_identify(yolobot_gazebo) by extension 'colcon_pkg'
[1.693s] Level 1:colcon.colcon_core.package_identification:_identify(yolobot_gazebo) by extensions ['colcon_meta']
[1.693s] Level 1:colcon.colcon_core.package_identification:_identify(yolobot_gazebo) by extension 'colcon_meta'
[1.693s] Level 1:colcon.colcon_core.package_identification:_identify(yolobot_gazebo) by extensions ['ros']
[1.693s] Level 1:colcon.colcon_core.package_identification:_identify(yolobot_gazebo) by extension 'ros'
[1.694s] DEBUG:colcon.colcon_core.package_identification:Package 'yolobot_gazebo' with type 'ros.ament_cmake' and name 'yolobot_gazebo'
[1.694s] Level 1:colcon.colcon_core.package_identification:_identify(yolobot_recognition) by extensions ['ignore', 'ignore_ament_install']
[1.694s] Level 1:colcon.colcon_core.package_identification:_identify(yolobot_recognition) by extension 'ignore'
[1.694s] Level 1:colcon.colcon_core.package_identification:_identify(yolobot_recognition) by extension 'ignore_ament_install'
[1.694s] Level 1:colcon.colcon_core.package_identification:_identify(yolobot_recognition) by extensions ['colcon_pkg']
[1.694s] Level 1:colcon.colcon_core.package_identification:_identify(yolobot_recognition) by extension 'colcon_pkg'
[1.694s] Level 1:colcon.colcon_core.package_identification:_identify(yolobot_recognition) by extensions ['colcon_meta']
[1.694s] Level 1:colcon.colcon_core.package_identification:_identify(yolobot_recognition) by extension 'colcon_meta'
[1.694s] Level 1:colcon.colcon_core.package_identification:_identify(yolobot_recognition) by extensions ['ros']
[1.694s] Level 1:colcon.colcon_core.package_identification:_identify(yolobot_recognition) by extension 'ros'
[1.695s] DEBUG:colcon.colcon_core.package_identification:Package 'yolobot_recognition' with type 'ros.ament_cmake' and name 'yolobot_recognition'
[1.695s] Level 1:colcon.colcon_core.package_identification:_identify(yolov8_msgs) by extensions ['ignore', 'ignore_ament_install']
[1.695s] Level 1:colcon.colcon_core.package_identification:_identify(yolov8_msgs) by extension 'ignore'
[1.695s] Level 1:colcon.colcon_core.package_identification:_identify(yolov8_msgs) by extension 'ignore_ament_install'
[1.695s] Level 1:colcon.colcon_core.package_identification:_identify(yolov8_msgs) by extensions ['colcon_pkg']
[1.695s] Level 1:colcon.colcon_core.package_identification:_identify(yolov8_msgs) by extension 'colcon_pkg'
[1.695s] Level 1:colcon.colcon_core.package_identification:_identify(yolov8_msgs) by extensions ['colcon_meta']
[1.695s] Level 1:colcon.colcon_core.package_identification:_identify(yolov8_msgs) by extension 'colcon_meta'
[1.695s] Level 1:colcon.colcon_core.package_identification:_identify(yolov8_msgs) by extensions ['ros']
[1.695s] Level 1:colcon.colcon_core.package_identification:_identify(yolov8_msgs) by extension 'ros'
[1.696s] DEBUG:colcon.colcon_core.package_identification:Package 'yolov8_msgs' with type 'ros.ament_cmake' and name 'yolov8_msgs'
[1.696s] Level 1:colcon.colcon_core.package_discovery:discover_packages(recursive) using defaults
[1.696s] Level 1:colcon.colcon_core.package_discovery:discover_packages(ignore) discover
[1.696s] Level 1:colcon.colcon_core.package_discovery:discover_packages(ignore) using defaults
[1.696s] Level 1:colcon.colcon_core.package_discovery:discover_packages(path) discover
[1.696s] Level 1:colcon.colcon_core.package_discovery:discover_packages(path) using defaults
[1.720s] WARNING:colcon.colcon_core.package_selection:ignoring unknown package 'arduinobot_msgw' in --packages-select
[1.805s] INFO:colcon.colcon_core.package_selection:Skipping not selected package 'arduinobot_controller' in 'arduinobot_controller'
[1.805s] INFO:colcon.colcon_core.package_selection:Skipping not selected package 'arduinobot_description' in 'arduinobot_description'
[1.805s] INFO:colcon.colcon_core.package_selection:Skipping not selected package 'arduinobot_msgs' in 'arduinobot_msgs'
[1.805s] INFO:colcon.colcon_core.package_selection:Skipping not selected package 'components_cpp' in 'components_cpp'
[1.805s] INFO:colcon.colcon_core.package_selection:Skipping not selected package 'components_py' in 'components_py'
[1.805s] INFO:colcon.colcon_core.package_selection:Skipping not selected package 'drone_interfaces' in 'drone_interfaces'
[1.805s] INFO:colcon.colcon_core.package_selection:Skipping not selected package 'drone_yolo' in 'drone_yolo'
[1.805s] INFO:colcon.colcon_core.package_selection:Skipping not selected package 'executors_cpp' in 'executors_cpp'
[1.805s] INFO:colcon.colcon_core.package_selection:Skipping not selected package 'executors_py' in 'executors_py'
[1.805s] INFO:colcon.colcon_core.package_selection:Skipping not selected package 'lifecycle_py' in 'lifecycle_py'
[1.806s] INFO:colcon.colcon_core.package_selection:Skipping not selected package 'mavros2' in 'mavros2'
[1.806s] INFO:colcon.colcon_core.package_selection:Skipping not selected package 'mavros_pkg' in 'mavros_pkg.py'
[1.806s] INFO:colcon.colcon_core.package_selection:Skipping not selected package 'my_robot_description' in 'my_robot_description'
[1.806s] INFO:colcon.colcon_core.package_selection:Skipping not selected package 'my_robot_interfaces' in 'my_robot_interfaces'
[1.806s] INFO:colcon.colcon_core.package_selection:Skipping not selected package 'turtle_interfaces' in 'turtle_interfaces'
[1.806s] INFO:colcon.colcon_core.package_selection:Skipping not selected package 'turtlesim_bringup' in 'turtlesim_bringup'
[1.806s] INFO:colcon.colcon_core.package_selection:Skipping not selected package 'yolobot_control' in 'yolobot_control'
[1.806s] INFO:colcon.colcon_core.package_selection:Skipping not selected package 'yolobot_description' in 'yolobot_description'
[1.806s] INFO:colcon.colcon_core.package_selection:Skipping not selected package 'yolobot_gazebo' in 'yolobot_gazebo'
[1.806s] INFO:colcon.colcon_core.package_selection:Skipping not selected package 'yolobot_recognition' in 'yolobot_recognition'
[1.806s] INFO:colcon.colcon_core.package_selection:Skipping not selected package 'yolov8_msgs' in 'yolov8_msgs'
[1.806s] INFO:colcon.colcon_core.package_selection:Skipping not selected package 'actions_py' in 'actions_py'
[1.806s] INFO:colcon.colcon_core.package_selection:Skipping not selected package 'drone' in 'drone'
[1.806s] INFO:colcon.colcon_core.package_selection:Skipping not selected package 'new_py_pkg' in 'new_py_pkg'
[1.806s] INFO:colcon.colcon_core.package_selection:Skipping not selected package 'turtlesim_catch_them_all' in 'turtlesim_catch_them_all'
[1.806s] INFO:colcon.colcon_core.package_selection:Skipping not selected package 'drone_bringup' in 'drone_bringup'
[1.806s] INFO:colcon.colcon_core.package_selection:Skipping not selected package 'my_robot_bringup' in 'my_robot_bringup'
[1.853s] Level 1:colcon.colcon_core.package_discovery:discover_packages(prefix_path) check parameters
[1.853s] Level 1:colcon.colcon_core.package_discovery:discover_packages(prefix_path) discover
[1.903s] DEBUG:colcon.colcon_installed_package_information.package_discovery:Found 26 installed packages in /home/alexander/ros2_ws/install
[1.929s] DEBUG:colcon.colcon_installed_package_information.package_discovery:Found 381 installed packages in /opt/ros/humble
[1.930s] Level 1:colcon.colcon_core.package_discovery:discover_packages(prefix_path) using defaults
[2.060s] INFO:colcon.colcon_core.executor:Executing jobs using 'parallel' executor
[2.084s] DEBUG:colcon.colcon_parallel_executor.executor.parallel:run_until_complete
[2.084s] DEBUG:colcon.colcon_parallel_executor.executor.parallel:closing loop
[2.084s] DEBUG:colcon.colcon_parallel_executor.executor.parallel:loop closed
[2.084s] DEBUG:colcon.colcon_parallel_executor.executor.parallel:run_until_complete finished with '0'
[2.085s] DEBUG:colcon.colcon_core.event_reactor:joining thread
[2.116s] INFO:colcon.colcon_core.plugin_system:Skipping extension 'colcon_notification.desktop_notification.terminal_notifier': Not used on non-Darwin systems
[2.116s] INFO:colcon.colcon_core.plugin_system:Skipping extension 'colcon_notification.desktop_notification.win32': Not used on non-Windows systems
[2.116s] INFO:colcon.colcon_notification.desktop_notification:Sending desktop notification using 'notify2'
[2.154s] DEBUG:colcon.colcon_core.event_reactor:joined thread
[2.180s] INFO:colcon.colcon_core.plugin_system:Skipping extension 'colcon_core.shell.bat': Not used on non-Windows systems
[2.181s] INFO:colcon.colcon_core.shell:Creating prefix script '/home/alexander/ros2_ws/src/install/local_setup.ps1'
[2.182s] INFO:colcon.colcon_core.shell:Creating prefix util module '/home/alexander/ros2_ws/src/install/_local_setup_util_ps1.py'
[2.183s] INFO:colcon.colcon_core.shell:Creating prefix chain script '/home/alexander/ros2_ws/src/install/setup.ps1'
[2.210s] INFO:colcon.colcon_core.shell:Creating prefix script '/home/alexander/ros2_ws/src/install/local_setup.sh'
[2.210s] INFO:colcon.colcon_core.shell:Creating prefix util module '/home/alexander/ros2_ws/src/install/_local_setup_util_sh.py'
[2.211s] INFO:colcon.colcon_core.shell:Creating prefix chain script '/home/alexander/ros2_ws/src/install/setup.sh'
[2.237s] INFO:colcon.colcon_core.shell:Creating prefix script '/home/alexander/ros2_ws/src/install/local_setup.bash'
[2.238s] INFO:colcon.colcon_core.shell:Creating prefix chain script '/home/alexander/ros2_ws/src/install/setup.bash'
[2.263s] INFO:colcon.colcon_core.shell:Creating prefix script '/home/alexander/ros2_ws/src/install/local_setup.zsh'
[2.264s] INFO:colcon.colcon_core.shell:Creating prefix chain script '/home/alexander/ros2_ws/src/install/setup.zsh'
