[1.018s] DEBUG:colcon:Command line arguments: ['/usr/bin/colcon', 'build']
[1.018s] DEBUG:colcon:Parsed command line arguments: Namespace(log_base=None, log_level=None, verb_name='build', build_base='build', install_base='install', merge_install=False, symlink_install=False, test_result_base=None, continue_on_error=False, executor='parallel', parallel_workers=8, event_handlers=None, ignore_user_meta=False, metas=['./colcon.meta'], base_paths=['.'], packages_ignore=None, packages_ignore_regex=None, paths=None, packages_up_to=None, packages_up_to_regex=None, packages_above=None, packages_above_and_dependencies=None, packages_above_depth=None, packages_select_by_dep=None, packages_skip_by_dep=None, packages_skip_up_to=None, packages_select_build_failed=False, packages_skip_build_finished=False, packages_select_test_failures=False, packages_skip_test_passed=False, packages_select=None, packages_skip=None, packages_select_regex=None, packages_skip_regex=None, packages_start=None, packages_end=None, allow_overriding=[], cmake_args=None, cmake_target=None, cmake_target_skip_unavailable=False, cmake_clean_cache=False, cmake_clean_first=False, cmake_force_configure=False, ament_cmake_args=None, catkin_cmake_args=None, catkin_skip_building_tests=False, verb_parser=<colcon_defaults.argument_parser.defaults.DefaultArgumentsDecorator object at 0x7f0021bbfe50>, verb_extension=<colcon_core.verb.build.BuildVerb object at 0x7f0021bbf910>, main=<bound method BuildVerb.main of <colcon_core.verb.build.BuildVerb object at 0x7f0021bbf910>>)
[1.064s] Level 1:colcon.colcon_core.package_discovery:discover_packages(colcon_meta) check parameters
[1.064s] Level 1:colcon.colcon_core.package_discovery:discover_packages(recursive) check parameters
[1.064s] Level 1:colcon.colcon_core.package_discovery:discover_packages(ignore) check parameters
[1.064s] Level 1:colcon.colcon_core.package_discovery:discover_packages(path) check parameters
[1.064s] Level 1:colcon.colcon_core.package_discovery:discover_packages(colcon_meta) discover
[1.064s] Level 1:colcon.colcon_core.package_discovery:discover_packages(recursive) discover
[1.064s] INFO:colcon.colcon_core.package_discovery:Crawling recursively for packages in '/home/alexander/ros2_ws/src/new_py_pkg'
[1.064s] Level 1:colcon.colcon_core.package_identification:_identify(.) by extensions ['ignore', 'ignore_ament_install']
[1.064s] Level 1:colcon.colcon_core.package_identification:_identify(.) by extension 'ignore'
[1.064s] Level 1:colcon.colcon_core.package_identification:_identify(.) by extension 'ignore_ament_install'
[1.064s] Level 1:colcon.colcon_core.package_identification:_identify(.) by extensions ['colcon_pkg']
[1.064s] Level 1:colcon.colcon_core.package_identification:_identify(.) by extension 'colcon_pkg'
[1.065s] Level 1:colcon.colcon_core.package_identification:_identify(.) by extensions ['colcon_meta']
[1.065s] Level 1:colcon.colcon_core.package_identification:_identify(.) by extension 'colcon_meta'
[1.065s] Level 1:colcon.colcon_core.package_identification:_identify(.) by extensions ['ros']
[1.065s] Level 1:colcon.colcon_core.package_identification:_identify(.) by extension 'ros'
[1.105s] DEBUG:colcon.colcon_core.package_identification:Package '.' with type 'ros.ament_python' and name 'new_py_pkg'
[1.105s] Level 1:colcon.colcon_core.package_discovery:discover_packages(recursive) using defaults
[1.105s] Level 1:colcon.colcon_core.package_discovery:discover_packages(ignore) discover
[1.105s] Level 1:colcon.colcon_core.package_discovery:discover_packages(ignore) using defaults
[1.105s] Level 1:colcon.colcon_core.package_discovery:discover_packages(path) discover
[1.105s] Level 1:colcon.colcon_core.package_discovery:discover_packages(path) using defaults
[1.199s] Level 1:colcon.colcon_core.package_discovery:discover_packages(prefix_path) check parameters
[1.199s] Level 1:colcon.colcon_core.package_discovery:discover_packages(prefix_path) discover
[1.228s] DEBUG:colcon.colcon_installed_package_information.package_discovery:Found 2 installed packages in /home/alexander/ros2_ws/install
[1.243s] DEBUG:colcon.colcon_installed_package_information.package_discovery:Found 270 installed packages in /opt/ros/humble
[1.245s] Level 1:colcon.colcon_core.package_discovery:discover_packages(prefix_path) using defaults
[1.335s] Level 5:colcon.colcon_core.verb:set package 'new_py_pkg' build argument 'cmake_args' from command line to 'None'
[1.335s] Level 5:colcon.colcon_core.verb:set package 'new_py_pkg' build argument 'cmake_target' from command line to 'None'
[1.335s] Level 5:colcon.colcon_core.verb:set package 'new_py_pkg' build argument 'cmake_target_skip_unavailable' from command line to 'False'
[1.335s] Level 5:colcon.colcon_core.verb:set package 'new_py_pkg' build argument 'cmake_clean_cache' from command line to 'False'
[1.335s] Level 5:colcon.colcon_core.verb:set package 'new_py_pkg' build argument 'cmake_clean_first' from command line to 'False'
[1.335s] Level 5:colcon.colcon_core.verb:set package 'new_py_pkg' build argument 'cmake_force_configure' from command line to 'False'
[1.335s] Level 5:colcon.colcon_core.verb:set package 'new_py_pkg' build argument 'ament_cmake_args' from command line to 'None'
[1.335s] Level 5:colcon.colcon_core.verb:set package 'new_py_pkg' build argument 'catkin_cmake_args' from command line to 'None'
[1.335s] Level 5:colcon.colcon_core.verb:set package 'new_py_pkg' build argument 'catkin_skip_building_tests' from command line to 'False'
[1.335s] DEBUG:colcon.colcon_core.verb:Building package 'new_py_pkg' with the following arguments: {'ament_cmake_args': None, 'build_base': '/home/alexander/ros2_ws/src/new_py_pkg/build/new_py_pkg', 'catkin_cmake_args': None, 'catkin_skip_building_tests': False, 'cmake_args': None, 'cmake_clean_cache': False, 'cmake_clean_first': False, 'cmake_force_configure': False, 'cmake_target': None, 'cmake_target_skip_unavailable': False, 'install_base': '/home/alexander/ros2_ws/src/new_py_pkg/install/new_py_pkg', 'merge_install': False, 'path': '/home/alexander/ros2_ws/src/new_py_pkg', 'symlink_install': False, 'test_result_base': None}
[1.350s] INFO:colcon.colcon_core.executor:Executing jobs using 'parallel' executor
[1.365s] DEBUG:colcon.colcon_parallel_executor.executor.parallel:run_until_complete
[1.366s] INFO:colcon.colcon_ros.task.ament_python.build:Building ROS package in '/home/alexander/ros2_ws/src/new_py_pkg' with build type 'ament_python'
[1.366s] Level 1:colcon.colcon_core.shell:create_environment_hook('new_py_pkg', 'ament_prefix_path')
[1.382s] INFO:colcon.colcon_core.plugin_system:Skipping extension 'colcon_core.shell.bat': Not used on non-Windows systems
[1.382s] INFO:colcon.colcon_core.shell:Creating environment hook '/home/alexander/ros2_ws/src/new_py_pkg/install/new_py_pkg/share/new_py_pkg/hook/ament_prefix_path.ps1'
[1.383s] INFO:colcon.colcon_core.shell:Creating environment descriptor '/home/alexander/ros2_ws/src/new_py_pkg/install/new_py_pkg/share/new_py_pkg/hook/ament_prefix_path.dsv'
[1.383s] INFO:colcon.colcon_core.shell:Creating environment hook '/home/alexander/ros2_ws/src/new_py_pkg/install/new_py_pkg/share/new_py_pkg/hook/ament_prefix_path.sh'
[1.398s] INFO:colcon.colcon_core.shell:Skip shell extension 'powershell' for command environment: Not usable outside of PowerShell
[1.399s] DEBUG:colcon.colcon_core.shell:Skip shell extension 'dsv' for command environment
[1.763s] INFO:colcon.colcon_core.task.python.build:Building Python package in '/home/alexander/ros2_ws/src/new_py_pkg'
[1.782s] INFO:colcon.colcon_core.shell:Skip shell extension 'powershell' for command environment: Not usable outside of PowerShell
[1.782s] DEBUG:colcon.colcon_core.shell:Skip shell extension 'dsv' for command environment
[2.390s] DEBUG:colcon.colcon_core.event_handler.log_command:Invoking command in '/home/alexander/ros2_ws/src/new_py_pkg': PYTHONPATH=/home/alexander/ros2_ws/src/new_py_pkg/build/new_py_pkg/prefix_override:/home/alexander/ros2_ws/src/new_py_pkg/install/new_py_pkg/lib/python3.10/site-packages:${PYTHONPATH} /usr/bin/python3 setup.py egg_info --egg-base build/new_py_pkg build --build-base /home/alexander/ros2_ws/src/new_py_pkg/build/new_py_pkg/build install --record /home/alexander/ros2_ws/src/new_py_pkg/build/new_py_pkg/install.log --single-version-externally-managed
[2.714s] DEBUG:colcon.colcon_core.event_handler.log_command:Invoked command in '/home/alexander/ros2_ws/src/new_py_pkg' returned '0': PYTHONPATH=/home/alexander/ros2_ws/src/new_py_pkg/build/new_py_pkg/prefix_override:/home/alexander/ros2_ws/src/new_py_pkg/install/new_py_pkg/lib/python3.10/site-packages:${PYTHONPATH} /usr/bin/python3 setup.py egg_info --egg-base build/new_py_pkg build --build-base /home/alexander/ros2_ws/src/new_py_pkg/build/new_py_pkg/build install --record /home/alexander/ros2_ws/src/new_py_pkg/build/new_py_pkg/install.log --single-version-externally-managed
[2.735s] Level 1:colcon.colcon_core.environment:checking '/home/alexander/ros2_ws/src/new_py_pkg/install/new_py_pkg' for CMake module files
[2.736s] Level 1:colcon.colcon_core.environment:checking '/home/alexander/ros2_ws/src/new_py_pkg/install/new_py_pkg' for CMake config files
[2.737s] Level 1:colcon.colcon_core.environment:checking '/home/alexander/ros2_ws/src/new_py_pkg/install/new_py_pkg/lib'
[2.737s] Level 1:colcon.colcon_core.environment:checking '/home/alexander/ros2_ws/src/new_py_pkg/install/new_py_pkg/bin'
[2.737s] Level 1:colcon.colcon_core.environment:checking '/home/alexander/ros2_ws/src/new_py_pkg/install/new_py_pkg/lib/pkgconfig/new_py_pkg.pc'
[2.737s] Level 1:colcon.colcon_core.environment:checking '/home/alexander/ros2_ws/src/new_py_pkg/install/new_py_pkg/lib/python3.10/site-packages'
[2.737s] Level 1:colcon.colcon_core.shell:create_environment_hook('new_py_pkg', 'pythonpath')
[2.755s] INFO:colcon.colcon_core.shell:Creating environment hook '/home/alexander/ros2_ws/src/new_py_pkg/install/new_py_pkg/share/new_py_pkg/hook/pythonpath.ps1'
[2.756s] INFO:colcon.colcon_core.shell:Creating environment descriptor '/home/alexander/ros2_ws/src/new_py_pkg/install/new_py_pkg/share/new_py_pkg/hook/pythonpath.dsv'
[2.756s] INFO:colcon.colcon_core.shell:Creating environment hook '/home/alexander/ros2_ws/src/new_py_pkg/install/new_py_pkg/share/new_py_pkg/hook/pythonpath.sh'
[2.757s] Level 1:colcon.colcon_core.environment:checking '/home/alexander/ros2_ws/src/new_py_pkg/install/new_py_pkg/bin'
[2.757s] Level 1:colcon.colcon_core.environment:create_environment_scripts_only(new_py_pkg)
[2.774s] INFO:colcon.colcon_core.shell:Creating package script '/home/alexander/ros2_ws/src/new_py_pkg/install/new_py_pkg/share/new_py_pkg/package.ps1'
[2.776s] INFO:colcon.colcon_core.shell:Creating package descriptor '/home/alexander/ros2_ws/src/new_py_pkg/install/new_py_pkg/share/new_py_pkg/package.dsv'
[2.777s] INFO:colcon.colcon_core.shell:Creating package script '/home/alexander/ros2_ws/src/new_py_pkg/install/new_py_pkg/share/new_py_pkg/package.sh'
[2.778s] INFO:colcon.colcon_core.shell:Creating package script '/home/alexander/ros2_ws/src/new_py_pkg/install/new_py_pkg/share/new_py_pkg/package.bash'
[2.779s] INFO:colcon.colcon_core.shell:Creating package script '/home/alexander/ros2_ws/src/new_py_pkg/install/new_py_pkg/share/new_py_pkg/package.zsh'
[2.779s] Level 1:colcon.colcon_core.environment:create_file_with_runtime_dependencies(/home/alexander/ros2_ws/src/new_py_pkg/install/new_py_pkg/share/colcon-core/packages/new_py_pkg)
[2.779s] DEBUG:colcon.colcon_parallel_executor.executor.parallel:closing loop
[2.780s] DEBUG:colcon.colcon_parallel_executor.executor.parallel:loop closed
[2.780s] DEBUG:colcon.colcon_parallel_executor.executor.parallel:run_until_complete finished with '0'
[2.780s] DEBUG:colcon.colcon_core.event_reactor:joining thread
[2.801s] INFO:colcon.colcon_core.plugin_system:Skipping extension 'colcon_notification.desktop_notification.terminal_notifier': Not used on non-Darwin systems
[2.801s] INFO:colcon.colcon_core.plugin_system:Skipping extension 'colcon_notification.desktop_notification.win32': Not used on non-Windows systems
[2.801s] INFO:colcon.colcon_notification.desktop_notification:Sending desktop notification using 'notify2'
[2.813s] DEBUG:colcon.colcon_core.event_reactor:joined thread
[2.830s] INFO:colcon.colcon_core.shell:Creating prefix script '/home/alexander/ros2_ws/src/new_py_pkg/install/local_setup.ps1'
[2.831s] INFO:colcon.colcon_core.shell:Creating prefix util module '/home/alexander/ros2_ws/src/new_py_pkg/install/_local_setup_util_ps1.py'
[2.833s] INFO:colcon.colcon_core.shell:Creating prefix chain script '/home/alexander/ros2_ws/src/new_py_pkg/install/setup.ps1'
[2.851s] INFO:colcon.colcon_core.shell:Creating prefix script '/home/alexander/ros2_ws/src/new_py_pkg/install/local_setup.sh'
[2.851s] INFO:colcon.colcon_core.shell:Creating prefix util module '/home/alexander/ros2_ws/src/new_py_pkg/install/_local_setup_util_sh.py'
[2.852s] INFO:colcon.colcon_core.shell:Creating prefix chain script '/home/alexander/ros2_ws/src/new_py_pkg/install/setup.sh'
[2.885s] INFO:colcon.colcon_core.shell:Creating prefix script '/home/alexander/ros2_ws/src/new_py_pkg/install/local_setup.bash'
[2.885s] INFO:colcon.colcon_core.shell:Creating prefix chain script '/home/alexander/ros2_ws/src/new_py_pkg/install/setup.bash'
[2.904s] INFO:colcon.colcon_core.shell:Creating prefix script '/home/alexander/ros2_ws/src/new_py_pkg/install/local_setup.zsh'
[2.905s] INFO:colcon.colcon_core.shell:Creating prefix chain script '/home/alexander/ros2_ws/src/new_py_pkg/install/setup.zsh'
