running egg_info
creating ../build/drone/drone.egg-info
writing ../build/drone/drone.egg-info/PKG-INFO
writing dependency_links to ../build/drone/drone.egg-info/dependency_links.txt
writing entry points to ../build/drone/drone.egg-info/entry_points.txt
writing requirements to ../build/drone/drone.egg-info/requires.txt
writing top-level names to ../build/drone/drone.egg-info/top_level.txt
writing manifest file '../build/drone/drone.egg-info/SOURCES.txt'
reading manifest file '../build/drone/drone.egg-info/SOURCES.txt'
writing manifest file '../build/drone/drone.egg-info/SOURCES.txt'
running build
running build_py
creating /home/alexander/ros2_ws/src/build/drone/build
creating /home/alexander/ros2_ws/src/build/drone/build/lib
creating /home/alexander/ros2_ws/src/build/drone/build/lib/drone
copying drone/__init__.py -> /home/alexander/ros2_ws/src/build/drone/build/lib/drone
running install
running install_lib
creating /home/alexander/ros2_ws/src/install/drone/lib/python3.10/site-packages/drone
copying /home/alexander/ros2_ws/src/build/drone/build/lib/drone/__init__.py -> /home/alexander/ros2_ws/src/install/drone/lib/python3.10/site-packages/drone
byte-compiling /home/alexander/ros2_ws/src/install/drone/lib/python3.10/site-packages/drone/__init__.py to __init__.cpython-310.pyc
running install_data
creating /home/alexander/ros2_ws/src/install/drone/share/ament_index
creating /home/alexander/ros2_ws/src/install/drone/share/ament_index/resource_index
creating /home/alexander/ros2_ws/src/install/drone/share/ament_index/resource_index/packages
copying resource/drone -> /home/alexander/ros2_ws/src/install/drone/share/ament_index/resource_index/packages
copying package.xml -> /home/alexander/ros2_ws/src/install/drone/share/drone
running install_egg_info
Copying ../build/drone/drone.egg-info to /home/alexander/ros2_ws/src/install/drone/lib/python3.10/site-packages/drone-0.0.0-py3.10.egg-info
running install_scripts
writing list of installed files to '/home/alexander/ros2_ws/src/build/drone/install.log'
