[1.163s] Invoking command in '/home/alexander/ros2_ws/src/drone': PYTHONPATH=/home/alexander/ros2_ws/src/build/drone/prefix_override:/home/alexander/ros2_ws/src/install/drone/lib/python3.10/site-packages:${PYTHONPATH} /usr/bin/python3 setup.py egg_info --egg-base ../build/drone build --build-base /home/alexander/ros2_ws/src/build/drone/build install --record /home/alexander/ros2_ws/src/build/drone/install.log --single-version-externally-managed
[1.489s] running egg_info
[1.489s] creating ../build/drone/drone.egg-info
[1.489s] writing ../build/drone/drone.egg-info/PKG-INFO
[1.490s] writing dependency_links to ../build/drone/drone.egg-info/dependency_links.txt
[1.490s] writing entry points to ../build/drone/drone.egg-info/entry_points.txt
[1.490s] writing requirements to ../build/drone/drone.egg-info/requires.txt
[1.490s] writing top-level names to ../build/drone/drone.egg-info/top_level.txt
[1.490s] writing manifest file '../build/drone/drone.egg-info/SOURCES.txt'
[1.492s] reading manifest file '../build/drone/drone.egg-info/SOURCES.txt'
[1.493s] writing manifest file '../build/drone/drone.egg-info/SOURCES.txt'
[1.493s] running build
[1.493s] running build_py
[1.493s] creating /home/alexander/ros2_ws/src/build/drone/build
[1.493s] creating /home/alexander/ros2_ws/src/build/drone/build/lib
[1.493s] creating /home/alexander/ros2_ws/src/build/drone/build/lib/drone
[1.493s] copying drone/__init__.py -> /home/alexander/ros2_ws/src/build/drone/build/lib/drone
[1.494s] running install
[1.494s] running install_lib
[1.495s] creating /home/alexander/ros2_ws/src/install/drone/lib/python3.10/site-packages/drone
[1.495s] copying /home/alexander/ros2_ws/src/build/drone/build/lib/drone/__init__.py -> /home/alexander/ros2_ws/src/install/drone/lib/python3.10/site-packages/drone
[1.495s] byte-compiling /home/alexander/ros2_ws/src/install/drone/lib/python3.10/site-packages/drone/__init__.py to __init__.cpython-310.pyc
[1.495s] running install_data
[1.496s] creating /home/alexander/ros2_ws/src/install/drone/share/ament_index
[1.496s] creating /home/alexander/ros2_ws/src/install/drone/share/ament_index/resource_index
[1.496s] creating /home/alexander/ros2_ws/src/install/drone/share/ament_index/resource_index/packages
[1.496s] copying resource/drone -> /home/alexander/ros2_ws/src/install/drone/share/ament_index/resource_index/packages
[1.496s] copying package.xml -> /home/alexander/ros2_ws/src/install/drone/share/drone
[1.496s] running install_egg_info
[1.498s] Copying ../build/drone/drone.egg-info to /home/alexander/ros2_ws/src/install/drone/lib/python3.10/site-packages/drone-0.0.0-py3.10.egg-info
[1.499s] running install_scripts
[1.519s] writing list of installed files to '/home/alexander/ros2_ws/src/build/drone/install.log'
[1.550s] Invoked command in '/home/alexander/ros2_ws/src/drone' returned '0': PYTHONPATH=/home/alexander/ros2_ws/src/build/drone/prefix_override:/home/alexander/ros2_ws/src/install/drone/lib/python3.10/site-packages:${PYTHONPATH} /usr/bin/python3 setup.py egg_info --egg-base ../build/drone build --build-base /home/alexander/ros2_ws/src/build/drone/build install --record /home/alexander/ros2_ws/src/build/drone/install.log --single-version-externally-managed
