[1.602s] DEBUG:colcon:Command line arguments: ['/usr/bin/colcon', 'build', '--packages-select', 'arduinobot_msgs']
[1.602s] DEBUG:colcon:Parsed command line arguments: Namespace(log_base=None, log_level=None, verb_name='build', build_base='build', install_base='install', merge_install=False, symlink_install=False, test_result_base=None, continue_on_error=False, executor='parallel', parallel_workers=8, event_handlers=None, ignore_user_meta=False, metas=['./colcon.meta'], base_paths=['.'], packages_ignore=None, packages_ignore_regex=None, paths=None, packages_up_to=None, packages_up_to_regex=None, packages_above=None, packages_above_and_dependencies=None, packages_above_depth=None, packages_select_by_dep=None, packages_skip_by_dep=None, packages_skip_up_to=None, packages_select_build_failed=False, packages_skip_build_finished=False, packages_select_test_failures=False, packages_skip_test_passed=False, packages_select=['arduinobot_msgs'], packages_skip=None, packages_select_regex=None, packages_skip_regex=None, packages_start=None, packages_end=None, allow_overriding=[], cmake_args=None, cmake_target=None, cmake_target_skip_unavailable=False, cmake_clean_cache=False, cmake_clean_first=False, cmake_force_configure=False, ament_cmake_args=None, catkin_cmake_args=None, catkin_skip_building_tests=False, verb_parser=<colcon_defaults.argument_parser.defaults.DefaultArgumentsDecorator object at 0x7f4da9f49000>, verb_extension=<colcon_core.verb.build.BuildVerb object at 0x7f4da9f4b7f0>, main=<bound method BuildVerb.main of <colcon_core.verb.build.BuildVerb object at 0x7f4da9f4b7f0>>)
[1.670s] Level 1:colcon.colcon_core.package_discovery:discover_packages(colcon_meta) check parameters
[1.670s] Level 1:colcon.colcon_core.package_discovery:discover_packages(recursive) check parameters
[1.670s] Level 1:colcon.colcon_core.package_discovery:discover_packages(ignore) check parameters
[1.670s] Level 1:colcon.colcon_core.package_discovery:discover_packages(path) check parameters
[1.670s] Level 1:colcon.colcon_core.package_discovery:discover_packages(colcon_meta) discover
[1.670s] Level 1:colcon.colcon_core.package_discovery:discover_packages(recursive) discover
[1.670s] INFO:colcon.colcon_core.package_discovery:Crawling recursively for packages in '/home/alexander/ros2_ws/src'
[1.670s] Level 1:colcon.colcon_core.package_identification:_identify(.) by extensions ['ignore', 'ignore_ament_install']
[1.671s] Level 1:colcon.colcon_core.package_identification:_identify(.) by extension 'ignore'
[1.671s] Level 1:colcon.colcon_core.package_identification:_identify(.) by extension 'ignore_ament_install'
[1.671s] Level 1:colcon.colcon_core.package_identification:_identify(.) by extensions ['colcon_pkg']
[1.671s] Level 1:colcon.colcon_core.package_identification:_identify(.) by extension 'colcon_pkg'
[1.671s] Level 1:colcon.colcon_core.package_identification:_identify(.) by extensions ['colcon_meta']
[1.671s] Level 1:colcon.colcon_core.package_identification:_identify(.) by extension 'colcon_meta'
[1.671s] Level 1:colcon.colcon_core.package_identification:_identify(.) by extensions ['ros']
[1.671s] Level 1:colcon.colcon_core.package_identification:_identify(.) by extension 'ros'
[1.683s] Level 1:colcon.colcon_core.package_identification:_identify(.) by extensions ['cmake', 'python']
[1.684s] Level 1:colcon.colcon_core.package_identification:_identify(.) by extension 'cmake'
[1.684s] Level 1:colcon.colcon_core.package_identification:_identify(.) by extension 'python'
[1.684s] Level 1:colcon.colcon_core.package_identification:_identify(.) by extensions ['python_setup_py']
[1.684s] Level 1:colcon.colcon_core.package_identification:_identify(.) by extension 'python_setup_py'
[1.684s] Level 1:colcon.colcon_core.package_identification:_identify(actions_py) by extensions ['ignore', 'ignore_ament_install']
[1.684s] Level 1:colcon.colcon_core.package_identification:_identify(actions_py) by extension 'ignore'
[1.684s] Level 1:colcon.colcon_core.package_identification:_identify(actions_py) by extension 'ignore_ament_install'
[1.684s] Level 1:colcon.colcon_core.package_identification:_identify(actions_py) by extensions ['colcon_pkg']
[1.684s] Level 1:colcon.colcon_core.package_identification:_identify(actions_py) by extension 'colcon_pkg'
[1.684s] Level 1:colcon.colcon_core.package_identification:_identify(actions_py) by extensions ['colcon_meta']
[1.684s] Level 1:colcon.colcon_core.package_identification:_identify(actions_py) by extension 'colcon_meta'
[1.684s] Level 1:colcon.colcon_core.package_identification:_identify(actions_py) by extensions ['ros']
[1.685s] Level 1:colcon.colcon_core.package_identification:_identify(actions_py) by extension 'ros'
[1.687s] DEBUG:colcon.colcon_core.package_identification:Package 'actions_py' with type 'ros.ament_python' and name 'actions_py'
[1.687s] Level 1:colcon.colcon_core.package_identification:_identify(arduinobot_controller) by extensions ['ignore', 'ignore_ament_install']
[1.688s] Level 1:colcon.colcon_core.package_identification:_identify(arduinobot_controller) by extension 'ignore'
[1.688s] Level 1:colcon.colcon_core.package_identification:_identify(arduinobot_controller) by extension 'ignore_ament_install'
[1.688s] Level 1:colcon.colcon_core.package_identification:_identify(arduinobot_controller) by extensions ['colcon_pkg']
[1.688s] Level 1:colcon.colcon_core.package_identification:_identify(arduinobot_controller) by extension 'colcon_pkg'
[1.688s] Level 1:colcon.colcon_core.package_identification:_identify(arduinobot_controller) by extensions ['colcon_meta']
[1.688s] Level 1:colcon.colcon_core.package_identification:_identify(arduinobot_controller) by extension 'colcon_meta'
[1.688s] Level 1:colcon.colcon_core.package_identification:_identify(arduinobot_controller) by extensions ['ros']
[1.688s] Level 1:colcon.colcon_core.package_identification:_identify(arduinobot_controller) by extension 'ros'
[1.689s] DEBUG:colcon.colcon_core.package_identification:Package 'arduinobot_controller' with type 'ros.ament_cmake' and name 'arduinobot_controller'
[1.689s] Level 1:colcon.colcon_core.package_identification:_identify(arduinobot_description) by extensions ['ignore', 'ignore_ament_install']
[1.689s] Level 1:colcon.colcon_core.package_identification:_identify(arduinobot_description) by extension 'ignore'
[1.689s] Level 1:colcon.colcon_core.package_identification:_identify(arduinobot_description) by extension 'ignore_ament_install'
[1.689s] Level 1:colcon.colcon_core.package_identification:_identify(arduinobot_description) by extensions ['colcon_pkg']
[1.689s] Level 1:colcon.colcon_core.package_identification:_identify(arduinobot_description) by extension 'colcon_pkg'
[1.689s] Level 1:colcon.colcon_core.package_identification:_identify(arduinobot_description) by extensions ['colcon_meta']
[1.689s] Level 1:colcon.colcon_core.package_identification:_identify(arduinobot_description) by extension 'colcon_meta'
[1.689s] Level 1:colcon.colcon_core.package_identification:_identify(arduinobot_description) by extensions ['ros']
[1.690s] Level 1:colcon.colcon_core.package_identification:_identify(arduinobot_description) by extension 'ros'
[1.690s] DEBUG:colcon.colcon_core.package_identification:Package 'arduinobot_description' with type 'ros.ament_cmake' and name 'arduinobot_description'
[1.690s] Level 1:colcon.colcon_core.package_identification:_identify(arduinobot_msgs) by extensions ['ignore', 'ignore_ament_install']
[1.690s] Level 1:colcon.colcon_core.package_identification:_identify(arduinobot_msgs) by extension 'ignore'
[1.690s] Level 1:colcon.colcon_core.package_identification:_identify(arduinobot_msgs) by extension 'ignore_ament_install'
[1.690s] Level 1:colcon.colcon_core.package_identification:_identify(arduinobot_msgs) by extensions ['colcon_pkg']
[1.690s] Level 1:colcon.colcon_core.package_identification:_identify(arduinobot_msgs) by extension 'colcon_pkg'
[1.690s] Level 1:colcon.colcon_core.package_identification:_identify(arduinobot_msgs) by extensions ['colcon_meta']
[1.690s] Level 1:colcon.colcon_core.package_identification:_identify(arduinobot_msgs) by extension 'colcon_meta'
[1.691s] Level 1:colcon.colcon_core.package_identification:_identify(arduinobot_msgs) by extensions ['ros']
[1.691s] Level 1:colcon.colcon_core.package_identification:_identify(arduinobot_msgs) by extension 'ros'
[1.691s] DEBUG:colcon.colcon_core.package_identification:Package 'arduinobot_msgs' with type 'ros.ament_cmake' and name 'arduinobot_msgs'
[1.691s] Level 1:colcon.colcon_core.package_identification:_identify(build) by extensions ['ignore', 'ignore_ament_install']
[1.691s] Level 1:colcon.colcon_core.package_identification:_identify(build) by extension 'ignore'
[1.691s] Level 1:colcon.colcon_core.package_identification:_identify(build) ignored
[1.691s] Level 1:colcon.colcon_core.package_identification:_identify(components_cpp) by extensions ['ignore', 'ignore_ament_install']
[1.691s] Level 1:colcon.colcon_core.package_identification:_identify(components_cpp) by extension 'ignore'
[1.691s] Level 1:colcon.colcon_core.package_identification:_identify(components_cpp) by extension 'ignore_ament_install'
[1.692s] Level 1:colcon.colcon_core.package_identification:_identify(components_cpp) by extensions ['colcon_pkg']
[1.692s] Level 1:colcon.colcon_core.package_identification:_identify(components_cpp) by extension 'colcon_pkg'
[1.692s] Level 1:colcon.colcon_core.package_identification:_identify(components_cpp) by extensions ['colcon_meta']
[1.692s] Level 1:colcon.colcon_core.package_identification:_identify(components_cpp) by extension 'colcon_meta'
[1.692s] Level 1:colcon.colcon_core.package_identification:_identify(components_cpp) by extensions ['ros']
[1.692s] Level 1:colcon.colcon_core.package_identification:_identify(components_cpp) by extension 'ros'
[1.692s] DEBUG:colcon.colcon_core.package_identification:Package 'components_cpp' with type 'ros.ament_cmake' and name 'components_cpp'
[1.692s] Level 1:colcon.colcon_core.package_identification:_identify(components_py) by extensions ['ignore', 'ignore_ament_install']
[1.693s] Level 1:colcon.colcon_core.package_identification:_identify(components_py) by extension 'ignore'
[1.693s] Level 1:colcon.colcon_core.package_identification:_identify(components_py) by extension 'ignore_ament_install'
[1.693s] Level 1:colcon.colcon_core.package_identification:_identify(components_py) by extensions ['colcon_pkg']
[1.693s] Level 1:colcon.colcon_core.package_identification:_identify(components_py) by extension 'colcon_pkg'
[1.693s] Level 1:colcon.colcon_core.package_identification:_identify(components_py) by extensions ['colcon_meta']
[1.693s] Level 1:colcon.colcon_core.package_identification:_identify(components_py) by extension 'colcon_meta'
[1.693s] Level 1:colcon.colcon_core.package_identification:_identify(components_py) by extensions ['ros']
[1.693s] Level 1:colcon.colcon_core.package_identification:_identify(components_py) by extension 'ros'
[1.693s] DEBUG:colcon.colcon_core.package_identification:Package 'components_py' with type 'ros.ament_python' and name 'components_py'
[1.694s] Level 1:colcon.colcon_core.package_identification:_identify(drone) by extensions ['ignore', 'ignore_ament_install']
[1.694s] Level 1:colcon.colcon_core.package_identification:_identify(drone) by extension 'ignore'
[1.694s] Level 1:colcon.colcon_core.package_identification:_identify(drone) by extension 'ignore_ament_install'
[1.694s] Level 1:colcon.colcon_core.package_identification:_identify(drone) by extensions ['colcon_pkg']
[1.694s] Level 1:colcon.colcon_core.package_identification:_identify(drone) by extension 'colcon_pkg'
[1.694s] Level 1:colcon.colcon_core.package_identification:_identify(drone) by extensions ['colcon_meta']
[1.694s] Level 1:colcon.colcon_core.package_identification:_identify(drone) by extension 'colcon_meta'
[1.694s] Level 1:colcon.colcon_core.package_identification:_identify(drone) by extensions ['ros']
[1.694s] Level 1:colcon.colcon_core.package_identification:_identify(drone) by extension 'ros'
[1.695s] DEBUG:colcon.colcon_core.package_identification:Package 'drone' with type 'ros.ament_python' and name 'drone'
[1.695s] Level 1:colcon.colcon_core.package_identification:_identify(drone_bringup) by extensions ['ignore', 'ignore_ament_install']
[1.695s] Level 1:colcon.colcon_core.package_identification:_identify(drone_bringup) by extension 'ignore'
[1.695s] Level 1:colcon.colcon_core.package_identification:_identify(drone_bringup) by extension 'ignore_ament_install'
[1.695s] Level 1:colcon.colcon_core.package_identification:_identify(drone_bringup) by extensions ['colcon_pkg']
[1.695s] Level 1:colcon.colcon_core.package_identification:_identify(drone_bringup) by extension 'colcon_pkg'
[1.695s] Level 1:colcon.colcon_core.package_identification:_identify(drone_bringup) by extensions ['colcon_meta']
[1.695s] Level 1:colcon.colcon_core.package_identification:_identify(drone_bringup) by extension 'colcon_meta'
[1.695s] Level 1:colcon.colcon_core.package_identification:_identify(drone_bringup) by extensions ['ros']
[1.695s] Level 1:colcon.colcon_core.package_identification:_identify(drone_bringup) by extension 'ros'
[1.696s] DEBUG:colcon.colcon_core.package_identification:Package 'drone_bringup' with type 'ros.ament_cmake' and name 'drone_bringup'
[1.696s] Level 1:colcon.colcon_core.package_identification:_identify(drone_interfaces) by extensions ['ignore', 'ignore_ament_install']
[1.696s] Level 1:colcon.colcon_core.package_identification:_identify(drone_interfaces) by extension 'ignore'
[1.696s] Level 1:colcon.colcon_core.package_identification:_identify(drone_interfaces) by extension 'ignore_ament_install'
[1.696s] Level 1:colcon.colcon_core.package_identification:_identify(drone_interfaces) by extensions ['colcon_pkg']
[1.696s] Level 1:colcon.colcon_core.package_identification:_identify(drone_interfaces) by extension 'colcon_pkg'
[1.696s] Level 1:colcon.colcon_core.package_identification:_identify(drone_interfaces) by extensions ['colcon_meta']
[1.696s] Level 1:colcon.colcon_core.package_identification:_identify(drone_interfaces) by extension 'colcon_meta'
[1.696s] Level 1:colcon.colcon_core.package_identification:_identify(drone_interfaces) by extensions ['ros']
[1.696s] Level 1:colcon.colcon_core.package_identification:_identify(drone_interfaces) by extension 'ros'
[1.697s] DEBUG:colcon.colcon_core.package_identification:Package 'drone_interfaces' with type 'ros.ament_cmake' and name 'drone_interfaces'
[1.697s] Level 1:colcon.colcon_core.package_identification:_identify(drone_yolo) by extensions ['ignore', 'ignore_ament_install']
[1.697s] Level 1:colcon.colcon_core.package_identification:_identify(drone_yolo) by extension 'ignore'
[1.697s] Level 1:colcon.colcon_core.package_identification:_identify(drone_yolo) by extension 'ignore_ament_install'
[1.697s] Level 1:colcon.colcon_core.package_identification:_identify(drone_yolo) by extensions ['colcon_pkg']
[1.697s] Level 1:colcon.colcon_core.package_identification:_identify(drone_yolo) by extension 'colcon_pkg'
[1.697s] Level 1:colcon.colcon_core.package_identification:_identify(drone_yolo) by extensions ['colcon_meta']
[1.697s] Level 1:colcon.colcon_core.package_identification:_identify(drone_yolo) by extension 'colcon_meta'
[1.697s] Level 1:colcon.colcon_core.package_identification:_identify(drone_yolo) by extensions ['ros']
[1.697s] Level 1:colcon.colcon_core.package_identification:_identify(drone_yolo) by extension 'ros'
[1.698s] DEBUG:colcon.colcon_core.package_identification:Package 'drone_yolo' with type 'ros.ament_python' and name 'drone_yolo'
[1.698s] Level 1:colcon.colcon_core.package_identification:_identify(executors_cpp) by extensions ['ignore', 'ignore_ament_install']
[1.698s] Level 1:colcon.colcon_core.package_identification:_identify(executors_cpp) by extension 'ignore'
[1.698s] Level 1:colcon.colcon_core.package_identification:_identify(executors_cpp) by extension 'ignore_ament_install'
[1.698s] Level 1:colcon.colcon_core.package_identification:_identify(executors_cpp) by extensions ['colcon_pkg']
[1.698s] Level 1:colcon.colcon_core.package_identification:_identify(executors_cpp) by extension 'colcon_pkg'
[1.698s] Level 1:colcon.colcon_core.package_identification:_identify(executors_cpp) by extensions ['colcon_meta']
[1.698s] Level 1:colcon.colcon_core.package_identification:_identify(executors_cpp) by extension 'colcon_meta'
[1.698s] Level 1:colcon.colcon_core.package_identification:_identify(executors_cpp) by extensions ['ros']
[1.698s] Level 1:colcon.colcon_core.package_identification:_identify(executors_cpp) by extension 'ros'
[1.699s] DEBUG:colcon.colcon_core.package_identification:Package 'executors_cpp' with type 'ros.ament_cmake' and name 'executors_cpp'
[1.699s] Level 1:colcon.colcon_core.package_identification:_identify(executors_py) by extensions ['ignore', 'ignore_ament_install']
[1.699s] Level 1:colcon.colcon_core.package_identification:_identify(executors_py) by extension 'ignore'
[1.699s] Level 1:colcon.colcon_core.package_identification:_identify(executors_py) by extension 'ignore_ament_install'
[1.699s] Level 1:colcon.colcon_core.package_identification:_identify(executors_py) by extensions ['colcon_pkg']
[1.699s] Level 1:colcon.colcon_core.package_identification:_identify(executors_py) by extension 'colcon_pkg'
[1.699s] Level 1:colcon.colcon_core.package_identification:_identify(executors_py) by extensions ['colcon_meta']
[1.699s] Level 1:colcon.colcon_core.package_identification:_identify(executors_py) by extension 'colcon_meta'
[1.699s] Level 1:colcon.colcon_core.package_identification:_identify(executors_py) by extensions ['ros']
[1.699s] Level 1:colcon.colcon_core.package_identification:_identify(executors_py) by extension 'ros'
[1.700s] DEBUG:colcon.colcon_core.package_identification:Package 'executors_py' with type 'ros.ament_python' and name 'executors_py'
[1.700s] Level 1:colcon.colcon_core.package_identification:_identify(install) by extensions ['ignore', 'ignore_ament_install']
[1.700s] Level 1:colcon.colcon_core.package_identification:_identify(install) by extension 'ignore'
[1.700s] Level 1:colcon.colcon_core.package_identification:_identify(install) ignored
[1.701s] Level 1:colcon.colcon_core.package_identification:_identify(lifecycle_py) by extensions ['ignore', 'ignore_ament_install']
[1.701s] Level 1:colcon.colcon_core.package_identification:_identify(lifecycle_py) by extension 'ignore'
[1.701s] Level 1:colcon.colcon_core.package_identification:_identify(lifecycle_py) by extension 'ignore_ament_install'
[1.701s] Level 1:colcon.colcon_core.package_identification:_identify(lifecycle_py) by extensions ['colcon_pkg']
[1.701s] Level 1:colcon.colcon_core.package_identification:_identify(lifecycle_py) by extension 'colcon_pkg'
[1.701s] Level 1:colcon.colcon_core.package_identification:_identify(lifecycle_py) by extensions ['colcon_meta']
[1.701s] Level 1:colcon.colcon_core.package_identification:_identify(lifecycle_py) by extension 'colcon_meta'
[1.701s] Level 1:colcon.colcon_core.package_identification:_identify(lifecycle_py) by extensions ['ros']
[1.701s] Level 1:colcon.colcon_core.package_identification:_identify(lifecycle_py) by extension 'ros'
[1.702s] DEBUG:colcon.colcon_core.package_identification:Package 'lifecycle_py' with type 'ros.ament_python' and name 'lifecycle_py'
[1.702s] Level 1:colcon.colcon_core.package_identification:_identify(log) by extensions ['ignore', 'ignore_ament_install']
[1.702s] Level 1:colcon.colcon_core.package_identification:_identify(log) by extension 'ignore'
[1.702s] Level 1:colcon.colcon_core.package_identification:_identify(log) ignored
[1.702s] Level 1:colcon.colcon_core.package_identification:_identify(mavros2) by extensions ['ignore', 'ignore_ament_install']
[1.702s] Level 1:colcon.colcon_core.package_identification:_identify(mavros2) by extension 'ignore'
[1.702s] Level 1:colcon.colcon_core.package_identification:_identify(mavros2) by extension 'ignore_ament_install'
[1.702s] Level 1:colcon.colcon_core.package_identification:_identify(mavros2) by extensions ['colcon_pkg']
[1.703s] Level 1:colcon.colcon_core.package_identification:_identify(mavros2) by extension 'colcon_pkg'
[1.703s] Level 1:colcon.colcon_core.package_identification:_identify(mavros2) by extensions ['colcon_meta']
[1.703s] Level 1:colcon.colcon_core.package_identification:_identify(mavros2) by extension 'colcon_meta'
[1.703s] Level 1:colcon.colcon_core.package_identification:_identify(mavros2) by extensions ['ros']
[1.703s] Level 1:colcon.colcon_core.package_identification:_identify(mavros2) by extension 'ros'
[1.703s] DEBUG:colcon.colcon_core.package_identification:Package 'mavros2' with type 'ros.ament_python' and name 'mavros2'
[1.703s] Level 1:colcon.colcon_core.package_identification:_identify(mavros_pkg.py) by extensions ['ignore', 'ignore_ament_install']
[1.703s] Level 1:colcon.colcon_core.package_identification:_identify(mavros_pkg.py) by extension 'ignore'
[1.704s] Level 1:colcon.colcon_core.package_identification:_identify(mavros_pkg.py) by extension 'ignore_ament_install'
[1.704s] Level 1:colcon.colcon_core.package_identification:_identify(mavros_pkg.py) by extensions ['colcon_pkg']
[1.704s] Level 1:colcon.colcon_core.package_identification:_identify(mavros_pkg.py) by extension 'colcon_pkg'
[1.704s] Level 1:colcon.colcon_core.package_identification:_identify(mavros_pkg.py) by extensions ['colcon_meta']
[1.704s] Level 1:colcon.colcon_core.package_identification:_identify(mavros_pkg.py) by extension 'colcon_meta'
[1.704s] Level 1:colcon.colcon_core.package_identification:_identify(mavros_pkg.py) by extensions ['ros']
[1.704s] Level 1:colcon.colcon_core.package_identification:_identify(mavros_pkg.py) by extension 'ros'
[1.705s] DEBUG:colcon.colcon_core.package_identification:Package 'mavros_pkg.py' with type 'ros.ament_python' and name 'mavros_pkg'
[1.705s] Level 1:colcon.colcon_core.package_identification:_identify(my_robot_bringup) by extensions ['ignore', 'ignore_ament_install']
[1.705s] Level 1:colcon.colcon_core.package_identification:_identify(my_robot_bringup) by extension 'ignore'
[1.705s] Level 1:colcon.colcon_core.package_identification:_identify(my_robot_bringup) by extension 'ignore_ament_install'
[1.705s] Level 1:colcon.colcon_core.package_identification:_identify(my_robot_bringup) by extensions ['colcon_pkg']
[1.705s] Level 1:colcon.colcon_core.package_identification:_identify(my_robot_bringup) by extension 'colcon_pkg'
[1.706s] Level 1:colcon.colcon_core.package_identification:_identify(my_robot_bringup) by extensions ['colcon_meta']
[1.706s] Level 1:colcon.colcon_core.package_identification:_identify(my_robot_bringup) by extension 'colcon_meta'
[1.706s] Level 1:colcon.colcon_core.package_identification:_identify(my_robot_bringup) by extensions ['ros']
[1.706s] Level 1:colcon.colcon_core.package_identification:_identify(my_robot_bringup) by extension 'ros'
[1.706s] DEBUG:colcon.colcon_core.package_identification:Package 'my_robot_bringup' with type 'ros.ament_cmake' and name 'my_robot_bringup'
[1.706s] Level 1:colcon.colcon_core.package_identification:_identify(my_robot_description) by extensions ['ignore', 'ignore_ament_install']
[1.706s] Level 1:colcon.colcon_core.package_identification:_identify(my_robot_description) by extension 'ignore'
[1.706s] Level 1:colcon.colcon_core.package_identification:_identify(my_robot_description) by extension 'ignore_ament_install'
[1.706s] Level 1:colcon.colcon_core.package_identification:_identify(my_robot_description) by extensions ['colcon_pkg']
[1.707s] Level 1:colcon.colcon_core.package_identification:_identify(my_robot_description) by extension 'colcon_pkg'
[1.707s] Level 1:colcon.colcon_core.package_identification:_identify(my_robot_description) by extensions ['colcon_meta']
[1.707s] Level 1:colcon.colcon_core.package_identification:_identify(my_robot_description) by extension 'colcon_meta'
[1.707s] Level 1:colcon.colcon_core.package_identification:_identify(my_robot_description) by extensions ['ros']
[1.707s] Level 1:colcon.colcon_core.package_identification:_identify(my_robot_description) by extension 'ros'
[1.707s] DEBUG:colcon.colcon_core.package_identification:Package 'my_robot_description' with type 'ros.ament_cmake' and name 'my_robot_description'
[1.707s] Level 1:colcon.colcon_core.package_identification:_identify(my_robot_interfaces) by extensions ['ignore', 'ignore_ament_install']
[1.707s] Level 1:colcon.colcon_core.package_identification:_identify(my_robot_interfaces) by extension 'ignore'
[1.707s] Level 1:colcon.colcon_core.package_identification:_identify(my_robot_interfaces) by extension 'ignore_ament_install'
[1.707s] Level 1:colcon.colcon_core.package_identification:_identify(my_robot_interfaces) by extensions ['colcon_pkg']
[1.707s] Level 1:colcon.colcon_core.package_identification:_identify(my_robot_interfaces) by extension 'colcon_pkg'
[1.707s] Level 1:colcon.colcon_core.package_identification:_identify(my_robot_interfaces) by extensions ['colcon_meta']
[1.708s] Level 1:colcon.colcon_core.package_identification:_identify(my_robot_interfaces) by extension 'colcon_meta'
[1.708s] Level 1:colcon.colcon_core.package_identification:_identify(my_robot_interfaces) by extensions ['ros']
[1.708s] Level 1:colcon.colcon_core.package_identification:_identify(my_robot_interfaces) by extension 'ros'
[1.708s] DEBUG:colcon.colcon_core.package_identification:Package 'my_robot_interfaces' with type 'ros.ament_cmake' and name 'my_robot_interfaces'
[1.708s] Level 1:colcon.colcon_core.package_identification:_identify(new_py_pkg) by extensions ['ignore', 'ignore_ament_install']
[1.708s] Level 1:colcon.colcon_core.package_identification:_identify(new_py_pkg) by extension 'ignore'
[1.708s] Level 1:colcon.colcon_core.package_identification:_identify(new_py_pkg) by extension 'ignore_ament_install'
[1.708s] Level 1:colcon.colcon_core.package_identification:_identify(new_py_pkg) by extensions ['colcon_pkg']
[1.709s] Level 1:colcon.colcon_core.package_identification:_identify(new_py_pkg) by extension 'colcon_pkg'
[1.709s] Level 1:colcon.colcon_core.package_identification:_identify(new_py_pkg) by extensions ['colcon_meta']
[1.709s] Level 1:colcon.colcon_core.package_identification:_identify(new_py_pkg) by extension 'colcon_meta'
[1.709s] Level 1:colcon.colcon_core.package_identification:_identify(new_py_pkg) by extensions ['ros']
[1.709s] Level 1:colcon.colcon_core.package_identification:_identify(new_py_pkg) by extension 'ros'
[1.709s] DEBUG:colcon.colcon_core.package_identification:Package 'new_py_pkg' with type 'ros.ament_python' and name 'new_py_pkg'
[1.709s] Level 1:colcon.colcon_core.package_identification:_identify(templates) by extensions ['ignore', 'ignore_ament_install']
[1.710s] Level 1:colcon.colcon_core.package_identification:_identify(templates) by extension 'ignore'
[1.710s] Level 1:colcon.colcon_core.package_identification:_identify(templates) by extension 'ignore_ament_install'
[1.710s] Level 1:colcon.colcon_core.package_identification:_identify(templates) by extensions ['colcon_pkg']
[1.710s] Level 1:colcon.colcon_core.package_identification:_identify(templates) by extension 'colcon_pkg'
[1.710s] Level 1:colcon.colcon_core.package_identification:_identify(templates) by extensions ['colcon_meta']
[1.710s] Level 1:colcon.colcon_core.package_identification:_identify(templates) by extension 'colcon_meta'
[1.710s] Level 1:colcon.colcon_core.package_identification:_identify(templates) by extensions ['ros']
[1.710s] Level 1:colcon.colcon_core.package_identification:_identify(templates) by extension 'ros'
[1.710s] Level 1:colcon.colcon_core.package_identification:_identify(templates) by extensions ['cmake', 'python']
[1.710s] Level 1:colcon.colcon_core.package_identification:_identify(templates) by extension 'cmake'
[1.710s] Level 1:colcon.colcon_core.package_identification:_identify(templates) by extension 'python'
[1.710s] Level 1:colcon.colcon_core.package_identification:_identify(templates) by extensions ['python_setup_py']
[1.710s] Level 1:colcon.colcon_core.package_identification:_identify(templates) by extension 'python_setup_py'
[1.710s] Level 1:colcon.colcon_core.package_identification:_identify(turtle_interfaces) by extensions ['ignore', 'ignore_ament_install']
[1.710s] Level 1:colcon.colcon_core.package_identification:_identify(turtle_interfaces) by extension 'ignore'
[1.710s] Level 1:colcon.colcon_core.package_identification:_identify(turtle_interfaces) by extension 'ignore_ament_install'
[1.710s] Level 1:colcon.colcon_core.package_identification:_identify(turtle_interfaces) by extensions ['colcon_pkg']
[1.710s] Level 1:colcon.colcon_core.package_identification:_identify(turtle_interfaces) by extension 'colcon_pkg'
[1.710s] Level 1:colcon.colcon_core.package_identification:_identify(turtle_interfaces) by extensions ['colcon_meta']
[1.710s] Level 1:colcon.colcon_core.package_identification:_identify(turtle_interfaces) by extension 'colcon_meta'
[1.711s] Level 1:colcon.colcon_core.package_identification:_identify(turtle_interfaces) by extensions ['ros']
[1.711s] Level 1:colcon.colcon_core.package_identification:_identify(turtle_interfaces) by extension 'ros'
[1.711s] DEBUG:colcon.colcon_core.package_identification:Package 'turtle_interfaces' with type 'ros.ament_cmake' and name 'turtle_interfaces'
[1.711s] Level 1:colcon.colcon_core.package_identification:_identify(turtlesim_bringup) by extensions ['ignore', 'ignore_ament_install']
[1.711s] Level 1:colcon.colcon_core.package_identification:_identify(turtlesim_bringup) by extension 'ignore'
[1.711s] Level 1:colcon.colcon_core.package_identification:_identify(turtlesim_bringup) by extension 'ignore_ament_install'
[1.711s] Level 1:colcon.colcon_core.package_identification:_identify(turtlesim_bringup) by extensions ['colcon_pkg']
[1.711s] Level 1:colcon.colcon_core.package_identification:_identify(turtlesim_bringup) by extension 'colcon_pkg'
[1.711s] Level 1:colcon.colcon_core.package_identification:_identify(turtlesim_bringup) by extensions ['colcon_meta']
[1.711s] Level 1:colcon.colcon_core.package_identification:_identify(turtlesim_bringup) by extension 'colcon_meta'
[1.711s] Level 1:colcon.colcon_core.package_identification:_identify(turtlesim_bringup) by extensions ['ros']
[1.711s] Level 1:colcon.colcon_core.package_identification:_identify(turtlesim_bringup) by extension 'ros'
[1.712s] DEBUG:colcon.colcon_core.package_identification:Package 'turtlesim_bringup' with type 'ros.ament_cmake' and name 'turtlesim_bringup'
[1.712s] Level 1:colcon.colcon_core.package_identification:_identify(turtlesim_catch_them_all) by extensions ['ignore', 'ignore_ament_install']
[1.712s] Level 1:colcon.colcon_core.package_identification:_identify(turtlesim_catch_them_all) by extension 'ignore'
[1.712s] Level 1:colcon.colcon_core.package_identification:_identify(turtlesim_catch_them_all) by extension 'ignore_ament_install'
[1.712s] Level 1:colcon.colcon_core.package_identification:_identify(turtlesim_catch_them_all) by extensions ['colcon_pkg']
[1.712s] Level 1:colcon.colcon_core.package_identification:_identify(turtlesim_catch_them_all) by extension 'colcon_pkg'
[1.712s] Level 1:colcon.colcon_core.package_identification:_identify(turtlesim_catch_them_all) by extensions ['colcon_meta']
[1.712s] Level 1:colcon.colcon_core.package_identification:_identify(turtlesim_catch_them_all) by extension 'colcon_meta'
[1.712s] Level 1:colcon.colcon_core.package_identification:_identify(turtlesim_catch_them_all) by extensions ['ros']
[1.712s] Level 1:colcon.colcon_core.package_identification:_identify(turtlesim_catch_them_all) by extension 'ros'
[1.713s] DEBUG:colcon.colcon_core.package_identification:Package 'turtlesim_catch_them_all' with type 'ros.ament_python' and name 'turtlesim_catch_them_all'
[1.713s] Level 1:colcon.colcon_core.package_identification:_identify(yolobot_control) by extensions ['ignore', 'ignore_ament_install']
[1.713s] Level 1:colcon.colcon_core.package_identification:_identify(yolobot_control) by extension 'ignore'
[1.713s] Level 1:colcon.colcon_core.package_identification:_identify(yolobot_control) by extension 'ignore_ament_install'
[1.713s] Level 1:colcon.colcon_core.package_identification:_identify(yolobot_control) by extensions ['colcon_pkg']
[1.713s] Level 1:colcon.colcon_core.package_identification:_identify(yolobot_control) by extension 'colcon_pkg'
[1.714s] Level 1:colcon.colcon_core.package_identification:_identify(yolobot_control) by extensions ['colcon_meta']
[1.714s] Level 1:colcon.colcon_core.package_identification:_identify(yolobot_control) by extension 'colcon_meta'
[1.714s] Level 1:colcon.colcon_core.package_identification:_identify(yolobot_control) by extensions ['ros']
[1.714s] Level 1:colcon.colcon_core.package_identification:_identify(yolobot_control) by extension 'ros'
[1.714s] DEBUG:colcon.colcon_core.package_identification:Package 'yolobot_control' with type 'ros.ament_cmake' and name 'yolobot_control'
[1.714s] Level 1:colcon.colcon_core.package_identification:_identify(yolobot_description) by extensions ['ignore', 'ignore_ament_install']
[1.714s] Level 1:colcon.colcon_core.package_identification:_identify(yolobot_description) by extension 'ignore'
[1.714s] Level 1:colcon.colcon_core.package_identification:_identify(yolobot_description) by extension 'ignore_ament_install'
[1.714s] Level 1:colcon.colcon_core.package_identification:_identify(yolobot_description) by extensions ['colcon_pkg']
[1.714s] Level 1:colcon.colcon_core.package_identification:_identify(yolobot_description) by extension 'colcon_pkg'
[1.714s] Level 1:colcon.colcon_core.package_identification:_identify(yolobot_description) by extensions ['colcon_meta']
[1.714s] Level 1:colcon.colcon_core.package_identification:_identify(yolobot_description) by extension 'colcon_meta'
[1.715s] Level 1:colcon.colcon_core.package_identification:_identify(yolobot_description) by extensions ['ros']
[1.715s] Level 1:colcon.colcon_core.package_identification:_identify(yolobot_description) by extension 'ros'
[1.715s] DEBUG:colcon.colcon_core.package_identification:Package 'yolobot_description' with type 'ros.ament_cmake' and name 'yolobot_description'
[1.715s] Level 1:colcon.colcon_core.package_identification:_identify(yolobot_gazebo) by extensions ['ignore', 'ignore_ament_install']
[1.715s] Level 1:colcon.colcon_core.package_identification:_identify(yolobot_gazebo) by extension 'ignore'
[1.715s] Level 1:colcon.colcon_core.package_identification:_identify(yolobot_gazebo) by extension 'ignore_ament_install'
[1.715s] Level 1:colcon.colcon_core.package_identification:_identify(yolobot_gazebo) by extensions ['colcon_pkg']
[1.715s] Level 1:colcon.colcon_core.package_identification:_identify(yolobot_gazebo) by extension 'colcon_pkg'
[1.715s] Level 1:colcon.colcon_core.package_identification:_identify(yolobot_gazebo) by extensions ['colcon_meta']
[1.715s] Level 1:colcon.colcon_core.package_identification:_identify(yolobot_gazebo) by extension 'colcon_meta'
[1.715s] Level 1:colcon.colcon_core.package_identification:_identify(yolobot_gazebo) by extensions ['ros']
[1.715s] Level 1:colcon.colcon_core.package_identification:_identify(yolobot_gazebo) by extension 'ros'
[1.716s] DEBUG:colcon.colcon_core.package_identification:Package 'yolobot_gazebo' with type 'ros.ament_cmake' and name 'yolobot_gazebo'
[1.716s] Level 1:colcon.colcon_core.package_identification:_identify(yolobot_recognition) by extensions ['ignore', 'ignore_ament_install']
[1.716s] Level 1:colcon.colcon_core.package_identification:_identify(yolobot_recognition) by extension 'ignore'
[1.716s] Level 1:colcon.colcon_core.package_identification:_identify(yolobot_recognition) by extension 'ignore_ament_install'
[1.716s] Level 1:colcon.colcon_core.package_identification:_identify(yolobot_recognition) by extensions ['colcon_pkg']
[1.716s] Level 1:colcon.colcon_core.package_identification:_identify(yolobot_recognition) by extension 'colcon_pkg'
[1.717s] Level 1:colcon.colcon_core.package_identification:_identify(yolobot_recognition) by extensions ['colcon_meta']
[1.717s] Level 1:colcon.colcon_core.package_identification:_identify(yolobot_recognition) by extension 'colcon_meta'
[1.717s] Level 1:colcon.colcon_core.package_identification:_identify(yolobot_recognition) by extensions ['ros']
[1.717s] Level 1:colcon.colcon_core.package_identification:_identify(yolobot_recognition) by extension 'ros'
[1.717s] DEBUG:colcon.colcon_core.package_identification:Package 'yolobot_recognition' with type 'ros.ament_cmake' and name 'yolobot_recognition'
[1.717s] Level 1:colcon.colcon_core.package_identification:_identify(yolov8_msgs) by extensions ['ignore', 'ignore_ament_install']
[1.717s] Level 1:colcon.colcon_core.package_identification:_identify(yolov8_msgs) by extension 'ignore'
[1.717s] Level 1:colcon.colcon_core.package_identification:_identify(yolov8_msgs) by extension 'ignore_ament_install'
[1.717s] Level 1:colcon.colcon_core.package_identification:_identify(yolov8_msgs) by extensions ['colcon_pkg']
[1.717s] Level 1:colcon.colcon_core.package_identification:_identify(yolov8_msgs) by extension 'colcon_pkg'
[1.717s] Level 1:colcon.colcon_core.package_identification:_identify(yolov8_msgs) by extensions ['colcon_meta']
[1.717s] Level 1:colcon.colcon_core.package_identification:_identify(yolov8_msgs) by extension 'colcon_meta'
[1.718s] Level 1:colcon.colcon_core.package_identification:_identify(yolov8_msgs) by extensions ['ros']
[1.718s] Level 1:colcon.colcon_core.package_identification:_identify(yolov8_msgs) by extension 'ros'
[1.718s] DEBUG:colcon.colcon_core.package_identification:Package 'yolov8_msgs' with type 'ros.ament_cmake' and name 'yolov8_msgs'
[1.718s] Level 1:colcon.colcon_core.package_discovery:discover_packages(recursive) using defaults
[1.718s] Level 1:colcon.colcon_core.package_discovery:discover_packages(ignore) discover
[1.718s] Level 1:colcon.colcon_core.package_discovery:discover_packages(ignore) using defaults
[1.718s] Level 1:colcon.colcon_core.package_discovery:discover_packages(path) discover
[1.718s] Level 1:colcon.colcon_core.package_discovery:discover_packages(path) using defaults
[1.825s] INFO:colcon.colcon_core.package_selection:Skipping not selected package 'arduinobot_controller' in 'arduinobot_controller'
[1.825s] INFO:colcon.colcon_core.package_selection:Skipping not selected package 'arduinobot_description' in 'arduinobot_description'
[1.825s] INFO:colcon.colcon_core.package_selection:Skipping not selected package 'components_cpp' in 'components_cpp'
[1.825s] INFO:colcon.colcon_core.package_selection:Skipping not selected package 'components_py' in 'components_py'
[1.825s] INFO:colcon.colcon_core.package_selection:Skipping not selected package 'drone_interfaces' in 'drone_interfaces'
[1.825s] INFO:colcon.colcon_core.package_selection:Skipping not selected package 'drone_yolo' in 'drone_yolo'
[1.825s] INFO:colcon.colcon_core.package_selection:Skipping not selected package 'executors_cpp' in 'executors_cpp'
[1.825s] INFO:colcon.colcon_core.package_selection:Skipping not selected package 'executors_py' in 'executors_py'
[1.825s] INFO:colcon.colcon_core.package_selection:Skipping not selected package 'lifecycle_py' in 'lifecycle_py'
[1.825s] INFO:colcon.colcon_core.package_selection:Skipping not selected package 'mavros2' in 'mavros2'
[1.825s] INFO:colcon.colcon_core.package_selection:Skipping not selected package 'mavros_pkg' in 'mavros_pkg.py'
[1.825s] INFO:colcon.colcon_core.package_selection:Skipping not selected package 'my_robot_description' in 'my_robot_description'
[1.825s] INFO:colcon.colcon_core.package_selection:Skipping not selected package 'my_robot_interfaces' in 'my_robot_interfaces'
[1.825s] INFO:colcon.colcon_core.package_selection:Skipping not selected package 'turtle_interfaces' in 'turtle_interfaces'
[1.826s] INFO:colcon.colcon_core.package_selection:Skipping not selected package 'turtlesim_bringup' in 'turtlesim_bringup'
[1.826s] INFO:colcon.colcon_core.package_selection:Skipping not selected package 'yolobot_control' in 'yolobot_control'
[1.826s] INFO:colcon.colcon_core.package_selection:Skipping not selected package 'yolobot_description' in 'yolobot_description'
[1.826s] INFO:colcon.colcon_core.package_selection:Skipping not selected package 'yolobot_gazebo' in 'yolobot_gazebo'
[1.826s] INFO:colcon.colcon_core.package_selection:Skipping not selected package 'yolobot_recognition' in 'yolobot_recognition'
[1.826s] INFO:colcon.colcon_core.package_selection:Skipping not selected package 'yolov8_msgs' in 'yolov8_msgs'
[1.826s] INFO:colcon.colcon_core.package_selection:Skipping not selected package 'actions_py' in 'actions_py'
[1.826s] INFO:colcon.colcon_core.package_selection:Skipping not selected package 'drone' in 'drone'
[1.826s] INFO:colcon.colcon_core.package_selection:Skipping not selected package 'new_py_pkg' in 'new_py_pkg'
[1.826s] INFO:colcon.colcon_core.package_selection:Skipping not selected package 'turtlesim_catch_them_all' in 'turtlesim_catch_them_all'
[1.826s] INFO:colcon.colcon_core.package_selection:Skipping not selected package 'drone_bringup' in 'drone_bringup'
[1.826s] INFO:colcon.colcon_core.package_selection:Skipping not selected package 'my_robot_bringup' in 'my_robot_bringup'
[1.873s] Level 1:colcon.colcon_core.package_discovery:discover_packages(prefix_path) check parameters
[1.873s] Level 1:colcon.colcon_core.package_discovery:discover_packages(prefix_path) discover
[1.924s] DEBUG:colcon.colcon_installed_package_information.package_discovery:Found 26 installed packages in /home/alexander/ros2_ws/install
[1.950s] DEBUG:colcon.colcon_installed_package_information.package_discovery:Found 381 installed packages in /opt/ros/humble
[1.951s] Level 1:colcon.colcon_core.package_discovery:discover_packages(prefix_path) using defaults
[2.081s] Level 5:colcon.colcon_core.verb:set package 'arduinobot_msgs' build argument 'cmake_args' from command line to 'None'
[2.081s] Level 5:colcon.colcon_core.verb:set package 'arduinobot_msgs' build argument 'cmake_target' from command line to 'None'
[2.081s] Level 5:colcon.colcon_core.verb:set package 'arduinobot_msgs' build argument 'cmake_target_skip_unavailable' from command line to 'False'
[2.081s] Level 5:colcon.colcon_core.verb:set package 'arduinobot_msgs' build argument 'cmake_clean_cache' from command line to 'False'
[2.081s] Level 5:colcon.colcon_core.verb:set package 'arduinobot_msgs' build argument 'cmake_clean_first' from command line to 'False'
[2.081s] Level 5:colcon.colcon_core.verb:set package 'arduinobot_msgs' build argument 'cmake_force_configure' from command line to 'False'
[2.081s] Level 5:colcon.colcon_core.verb:set package 'arduinobot_msgs' build argument 'ament_cmake_args' from command line to 'None'
[2.081s] Level 5:colcon.colcon_core.verb:set package 'arduinobot_msgs' build argument 'catkin_cmake_args' from command line to 'None'
[2.081s] Level 5:colcon.colcon_core.verb:set package 'arduinobot_msgs' build argument 'catkin_skip_building_tests' from command line to 'False'
[2.081s] DEBUG:colcon.colcon_core.verb:Building package 'arduinobot_msgs' with the following arguments: {'ament_cmake_args': None, 'build_base': '/home/alexander/ros2_ws/src/build/arduinobot_msgs', 'catkin_cmake_args': None, 'catkin_skip_building_tests': False, 'cmake_args': None, 'cmake_clean_cache': False, 'cmake_clean_first': False, 'cmake_force_configure': False, 'cmake_target': None, 'cmake_target_skip_unavailable': False, 'install_base': '/home/alexander/ros2_ws/src/install/arduinobot_msgs', 'merge_install': False, 'path': '/home/alexander/ros2_ws/src/arduinobot_msgs', 'symlink_install': False, 'test_result_base': None}
[2.105s] INFO:colcon.colcon_core.executor:Executing jobs using 'parallel' executor
[2.130s] DEBUG:colcon.colcon_parallel_executor.executor.parallel:run_until_complete
[2.130s] INFO:colcon.colcon_ros.task.ament_cmake.build:Building ROS package in '/home/alexander/ros2_ws/src/arduinobot_msgs' with build type 'ament_cmake'
[2.130s] INFO:colcon.colcon_cmake.task.cmake.build:Building CMake package in '/home/alexander/ros2_ws/src/arduinobot_msgs'
[2.160s] INFO:colcon.colcon_core.plugin_system:Skipping extension 'colcon_core.shell.bat': Not used on non-Windows systems
[2.160s] INFO:colcon.colcon_core.shell:Skip shell extension 'powershell' for command environment: Not usable outside of PowerShell
[2.160s] DEBUG:colcon.colcon_core.shell:Skip shell extension 'dsv' for command environment
[2.243s] DEBUG:colcon.colcon_core.event_handler.log_command:Invoking command in '/home/alexander/ros2_ws/src/build/arduinobot_msgs': CMAKE_PREFIX_PATH=${CMAKE_PREFIX_PATH}:/home/alexander/ros2_ws/install/turtlesim_catch_them_all:/home/alexander/ros2_ws/install/new_py_pkg:/home/alexander/ros2_ws/install/actions_py:/home/alexander/ros2_ws/install/mavros_pkg:/home/alexander/ros2_ws/install/mavros2:/home/alexander/ros2_ws/install/lifecycle_py:/home/alexander/ros2_ws/install/executors_py:/home/alexander/ros2_ws/install/drone_yolo:/home/alexander/ros2_ws/install/drone:/home/alexander/ros2_ws/install/components_py:/opt/ros/humble /usr/bin/cmake /home/alexander/ros2_ws/src/arduinobot_msgs -DCMAKE_INSTALL_PREFIX=/home/alexander/ros2_ws/src/install/arduinobot_msgs
[3.215s] DEBUG:colcon.colcon_core.event_handler.log_command:Invoked command in '/home/alexander/ros2_ws/src/build/arduinobot_msgs' returned '0': CMAKE_PREFIX_PATH=${CMAKE_PREFIX_PATH}:/home/alexander/ros2_ws/install/turtlesim_catch_them_all:/home/alexander/ros2_ws/install/new_py_pkg:/home/alexander/ros2_ws/install/actions_py:/home/alexander/ros2_ws/install/mavros_pkg:/home/alexander/ros2_ws/install/mavros2:/home/alexander/ros2_ws/install/lifecycle_py:/home/alexander/ros2_ws/install/executors_py:/home/alexander/ros2_ws/install/drone_yolo:/home/alexander/ros2_ws/install/drone:/home/alexander/ros2_ws/install/components_py:/opt/ros/humble /usr/bin/cmake /home/alexander/ros2_ws/src/arduinobot_msgs -DCMAKE_INSTALL_PREFIX=/home/alexander/ros2_ws/src/install/arduinobot_msgs
[3.215s] DEBUG:colcon.colcon_core.event_handler.log_command:Invoking command in '/home/alexander/ros2_ws/src/build/arduinobot_msgs': CMAKE_PREFIX_PATH=${CMAKE_PREFIX_PATH}:/home/alexander/ros2_ws/install/turtlesim_catch_them_all:/home/alexander/ros2_ws/install/new_py_pkg:/home/alexander/ros2_ws/install/actions_py:/home/alexander/ros2_ws/install/mavros_pkg:/home/alexander/ros2_ws/install/mavros2:/home/alexander/ros2_ws/install/lifecycle_py:/home/alexander/ros2_ws/install/executors_py:/home/alexander/ros2_ws/install/drone_yolo:/home/alexander/ros2_ws/install/drone:/home/alexander/ros2_ws/install/components_py:/opt/ros/humble /usr/bin/cmake --build /home/alexander/ros2_ws/src/build/arduinobot_msgs -- -j8 -l8
[3.256s] DEBUG:colcon.colcon_core.event_handler.log_command:Invoked command in '/home/alexander/ros2_ws/src/build/arduinobot_msgs' returned '0': CMAKE_PREFIX_PATH=${CMAKE_PREFIX_PATH}:/home/alexander/ros2_ws/install/turtlesim_catch_them_all:/home/alexander/ros2_ws/install/new_py_pkg:/home/alexander/ros2_ws/install/actions_py:/home/alexander/ros2_ws/install/mavros_pkg:/home/alexander/ros2_ws/install/mavros2:/home/alexander/ros2_ws/install/lifecycle_py:/home/alexander/ros2_ws/install/executors_py:/home/alexander/ros2_ws/install/drone_yolo:/home/alexander/ros2_ws/install/drone:/home/alexander/ros2_ws/install/components_py:/opt/ros/humble /usr/bin/cmake --build /home/alexander/ros2_ws/src/build/arduinobot_msgs -- -j8 -l8
[3.294s] DEBUG:colcon.colcon_core.event_handler.log_command:Invoking command in '/home/alexander/ros2_ws/src/build/arduinobot_msgs': CMAKE_PREFIX_PATH=${CMAKE_PREFIX_PATH}:/home/alexander/ros2_ws/install/turtlesim_catch_them_all:/home/alexander/ros2_ws/install/new_py_pkg:/home/alexander/ros2_ws/install/actions_py:/home/alexander/ros2_ws/install/mavros_pkg:/home/alexander/ros2_ws/install/mavros2:/home/alexander/ros2_ws/install/lifecycle_py:/home/alexander/ros2_ws/install/executors_py:/home/alexander/ros2_ws/install/drone_yolo:/home/alexander/ros2_ws/install/drone:/home/alexander/ros2_ws/install/components_py:/opt/ros/humble /usr/bin/cmake --install /home/alexander/ros2_ws/src/build/arduinobot_msgs
[3.308s] Level 1:colcon.colcon_core.environment:create_environment_scripts_only(arduinobot_msgs)
[3.309s] DEBUG:colcon.colcon_core.event_handler.log_command:Invoked command in '/home/alexander/ros2_ws/src/build/arduinobot_msgs' returned '0': CMAKE_PREFIX_PATH=${CMAKE_PREFIX_PATH}:/home/alexander/ros2_ws/install/turtlesim_catch_them_all:/home/alexander/ros2_ws/install/new_py_pkg:/home/alexander/ros2_ws/install/actions_py:/home/alexander/ros2_ws/install/mavros_pkg:/home/alexander/ros2_ws/install/mavros2:/home/alexander/ros2_ws/install/lifecycle_py:/home/alexander/ros2_ws/install/executors_py:/home/alexander/ros2_ws/install/drone_yolo:/home/alexander/ros2_ws/install/drone:/home/alexander/ros2_ws/install/components_py:/opt/ros/humble /usr/bin/cmake --install /home/alexander/ros2_ws/src/build/arduinobot_msgs
[3.340s] Level 1:colcon.colcon_core.environment:checking '/home/alexander/ros2_ws/src/install/arduinobot_msgs' for CMake module files
[3.341s] Level 1:colcon.colcon_core.environment:checking '/home/alexander/ros2_ws/src/install/arduinobot_msgs' for CMake config files
[3.341s] Level 1:colcon.colcon_core.shell:create_environment_hook('arduinobot_msgs', 'cmake_prefix_path')
[3.365s] INFO:colcon.colcon_core.shell:Creating environment hook '/home/alexander/ros2_ws/src/install/arduinobot_msgs/share/arduinobot_msgs/hook/cmake_prefix_path.ps1'
[3.366s] INFO:colcon.colcon_core.shell:Creating environment descriptor '/home/alexander/ros2_ws/src/install/arduinobot_msgs/share/arduinobot_msgs/hook/cmake_prefix_path.dsv'
[3.367s] INFO:colcon.colcon_core.shell:Creating environment hook '/home/alexander/ros2_ws/src/install/arduinobot_msgs/share/arduinobot_msgs/hook/cmake_prefix_path.sh'
[3.367s] Level 1:colcon.colcon_core.environment:checking '/home/alexander/ros2_ws/src/install/arduinobot_msgs/bin'
[3.368s] Level 1:colcon.colcon_core.environment:checking '/home/alexander/ros2_ws/src/install/arduinobot_msgs/lib/pkgconfig/arduinobot_msgs.pc'
[3.368s] Level 1:colcon.colcon_core.environment:checking '/home/alexander/ros2_ws/src/install/arduinobot_msgs/lib/python3.10/site-packages'
[3.368s] Level 1:colcon.colcon_core.environment:checking '/home/alexander/ros2_ws/src/install/arduinobot_msgs/bin'
[3.392s] INFO:colcon.colcon_core.shell:Creating package script '/home/alexander/ros2_ws/src/install/arduinobot_msgs/share/arduinobot_msgs/package.ps1'
[3.393s] INFO:colcon.colcon_core.shell:Creating package descriptor '/home/alexander/ros2_ws/src/install/arduinobot_msgs/share/arduinobot_msgs/package.dsv'
[3.394s] INFO:colcon.colcon_core.shell:Creating package script '/home/alexander/ros2_ws/src/install/arduinobot_msgs/share/arduinobot_msgs/package.sh'
[3.394s] INFO:colcon.colcon_core.shell:Creating package script '/home/alexander/ros2_ws/src/install/arduinobot_msgs/share/arduinobot_msgs/package.bash'
[3.395s] INFO:colcon.colcon_core.shell:Creating package script '/home/alexander/ros2_ws/src/install/arduinobot_msgs/share/arduinobot_msgs/package.zsh'
[3.395s] Level 1:colcon.colcon_core.environment:create_file_with_runtime_dependencies(/home/alexander/ros2_ws/src/install/arduinobot_msgs/share/colcon-core/packages/arduinobot_msgs)
[3.452s] Level 1:colcon.colcon_core.environment:create_environment_scripts_only(arduinobot_msgs)
[3.477s] Level 1:colcon.colcon_core.environment:checking '/home/alexander/ros2_ws/src/install/arduinobot_msgs' for CMake module files
[3.477s] Level 1:colcon.colcon_core.environment:checking '/home/alexander/ros2_ws/src/install/arduinobot_msgs' for CMake config files
[3.477s] Level 1:colcon.colcon_core.shell:create_environment_hook('arduinobot_msgs', 'cmake_prefix_path')
[3.501s] INFO:colcon.colcon_core.shell:Creating environment hook '/home/alexander/ros2_ws/src/install/arduinobot_msgs/share/arduinobot_msgs/hook/cmake_prefix_path.ps1'
[3.501s] INFO:colcon.colcon_core.shell:Creating environment descriptor '/home/alexander/ros2_ws/src/install/arduinobot_msgs/share/arduinobot_msgs/hook/cmake_prefix_path.dsv'
[3.502s] INFO:colcon.colcon_core.shell:Creating environment hook '/home/alexander/ros2_ws/src/install/arduinobot_msgs/share/arduinobot_msgs/hook/cmake_prefix_path.sh'
[3.502s] Level 1:colcon.colcon_core.environment:checking '/home/alexander/ros2_ws/src/install/arduinobot_msgs/bin'
[3.502s] Level 1:colcon.colcon_core.environment:checking '/home/alexander/ros2_ws/src/install/arduinobot_msgs/lib/pkgconfig/arduinobot_msgs.pc'
[3.503s] Level 1:colcon.colcon_core.environment:checking '/home/alexander/ros2_ws/src/install/arduinobot_msgs/lib/python3.10/site-packages'
[3.503s] Level 1:colcon.colcon_core.environment:checking '/home/alexander/ros2_ws/src/install/arduinobot_msgs/bin'
[3.527s] INFO:colcon.colcon_core.shell:Creating package script '/home/alexander/ros2_ws/src/install/arduinobot_msgs/share/arduinobot_msgs/package.ps1'
[3.528s] INFO:colcon.colcon_core.shell:Creating package descriptor '/home/alexander/ros2_ws/src/install/arduinobot_msgs/share/arduinobot_msgs/package.dsv'
[3.528s] INFO:colcon.colcon_core.shell:Creating package script '/home/alexander/ros2_ws/src/install/arduinobot_msgs/share/arduinobot_msgs/package.sh'
[3.528s] INFO:colcon.colcon_core.shell:Creating package script '/home/alexander/ros2_ws/src/install/arduinobot_msgs/share/arduinobot_msgs/package.bash'
[3.529s] INFO:colcon.colcon_core.shell:Creating package script '/home/alexander/ros2_ws/src/install/arduinobot_msgs/share/arduinobot_msgs/package.zsh'
[3.529s] Level 1:colcon.colcon_core.environment:create_file_with_runtime_dependencies(/home/alexander/ros2_ws/src/install/arduinobot_msgs/share/colcon-core/packages/arduinobot_msgs)
[3.529s] DEBUG:colcon.colcon_parallel_executor.executor.parallel:closing loop
[3.530s] DEBUG:colcon.colcon_parallel_executor.executor.parallel:loop closed
[3.530s] DEBUG:colcon.colcon_parallel_executor.executor.parallel:run_until_complete finished with '0'
[3.530s] DEBUG:colcon.colcon_core.event_reactor:joining thread
[3.563s] INFO:colcon.colcon_core.plugin_system:Skipping extension 'colcon_notification.desktop_notification.terminal_notifier': Not used on non-Darwin systems
[3.563s] INFO:colcon.colcon_core.plugin_system:Skipping extension 'colcon_notification.desktop_notification.win32': Not used on non-Windows systems
[3.563s] INFO:colcon.colcon_notification.desktop_notification:Sending desktop notification using 'notify2'
[3.574s] DEBUG:colcon.colcon_core.event_reactor:joined thread
[3.606s] INFO:colcon.colcon_core.shell:Creating prefix script '/home/alexander/ros2_ws/src/install/local_setup.ps1'
[3.607s] INFO:colcon.colcon_core.shell:Creating prefix util module '/home/alexander/ros2_ws/src/install/_local_setup_util_ps1.py'
[3.609s] INFO:colcon.colcon_core.shell:Creating prefix chain script '/home/alexander/ros2_ws/src/install/setup.ps1'
[3.636s] INFO:colcon.colcon_core.shell:Creating prefix script '/home/alexander/ros2_ws/src/install/local_setup.sh'
[3.637s] INFO:colcon.colcon_core.shell:Creating prefix util module '/home/alexander/ros2_ws/src/install/_local_setup_util_sh.py'
[3.637s] INFO:colcon.colcon_core.shell:Creating prefix chain script '/home/alexander/ros2_ws/src/install/setup.sh'
[3.663s] INFO:colcon.colcon_core.shell:Creating prefix script '/home/alexander/ros2_ws/src/install/local_setup.bash'
[3.664s] INFO:colcon.colcon_core.shell:Creating prefix chain script '/home/alexander/ros2_ws/src/install/setup.bash'
[3.690s] INFO:colcon.colcon_core.shell:Creating prefix script '/home/alexander/ros2_ws/src/install/local_setup.zsh'
[3.690s] INFO:colcon.colcon_core.shell:Creating prefix chain script '/home/alexander/ros2_ws/src/install/setup.zsh'
