[0.111s] Invoking command in '/home/alexander/ros2_ws/src/build/arduinobot_msgs': CMAKE_PREFIX_PATH=${CMAKE_PREFIX_PATH}:/home/alexander/ros2_ws/install/turtlesim_catch_them_all:/home/alexander/ros2_ws/install/new_py_pkg:/home/alexander/ros2_ws/install/actions_py:/home/alexander/ros2_ws/install/mavros_pkg:/home/alexander/ros2_ws/install/mavros2:/home/alexander/ros2_ws/install/lifecycle_py:/home/alexander/ros2_ws/install/executors_py:/home/alexander/ros2_ws/install/drone_yolo:/home/alexander/ros2_ws/install/drone:/home/alexander/ros2_ws/install/components_py:/opt/ros/humble /usr/bin/cmake /home/alexander/ros2_ws/src/arduinobot_msgs -DCMAKE_INSTALL_PREFIX=/home/alexander/ros2_ws/src/install/arduinobot_msgs
[0.254s] -- The C compiler identification is GNU 11.4.0
[0.362s] -- The CXX compiler identification is GNU 11.4.0
[0.376s] -- Detecting C compiler ABI info
[0.444s] -- Detecting C compiler ABI info - done
[0.452s] -- Check for working C compiler: /usr/lib/ccache/cc - skipped
[0.452s] -- Detecting C compile features
[0.453s] -- Detecting C compile features - done
[0.456s] -- Detecting CXX compiler ABI info
[0.533s] -- Detecting CXX compiler ABI info - done
[0.543s] -- Check for working CXX compiler: /usr/lib/ccache/c++ - skipped
[0.543s] -- Detecting CXX compile features
[0.544s] -- Detecting CXX compile features - done
[0.555s] -- Found ament_cmake: 1.3.6 (/opt/ros/humble/share/ament_cmake/cmake)
[0.793s] -- Found Python3: /usr/bin/python3.10 (found version "3.10.12") found components: Interpreter 
[0.952s] -- Found ament_lint_auto: 0.12.9 (/opt/ros/humble/share/ament_lint_auto/cmake)
[1.068s] -- Added test 'lint_cmake' to check CMake code style
[1.069s] -- Added test 'xmllint' to check XML markup files
[1.072s] -- Configuring done
[1.075s] -- Generating done
[1.076s] -- Build files have been written to: /home/alexander/ros2_ws/src/build/arduinobot_msgs
[1.082s] Invoked command in '/home/alexander/ros2_ws/src/build/arduinobot_msgs' returned '0': CMAKE_PREFIX_PATH=${CMAKE_PREFIX_PATH}:/home/alexander/ros2_ws/install/turtlesim_catch_them_all:/home/alexander/ros2_ws/install/new_py_pkg:/home/alexander/ros2_ws/install/actions_py:/home/alexander/ros2_ws/install/mavros_pkg:/home/alexander/ros2_ws/install/mavros2:/home/alexander/ros2_ws/install/lifecycle_py:/home/alexander/ros2_ws/install/executors_py:/home/alexander/ros2_ws/install/drone_yolo:/home/alexander/ros2_ws/install/drone:/home/alexander/ros2_ws/install/components_py:/opt/ros/humble /usr/bin/cmake /home/alexander/ros2_ws/src/arduinobot_msgs -DCMAKE_INSTALL_PREFIX=/home/alexander/ros2_ws/src/install/arduinobot_msgs
[1.083s] Invoking command in '/home/alexander/ros2_ws/src/build/arduinobot_msgs': CMAKE_PREFIX_PATH=${CMAKE_PREFIX_PATH}:/home/alexander/ros2_ws/install/turtlesim_catch_them_all:/home/alexander/ros2_ws/install/new_py_pkg:/home/alexander/ros2_ws/install/actions_py:/home/alexander/ros2_ws/install/mavros_pkg:/home/alexander/ros2_ws/install/mavros2:/home/alexander/ros2_ws/install/lifecycle_py:/home/alexander/ros2_ws/install/executors_py:/home/alexander/ros2_ws/install/drone_yolo:/home/alexander/ros2_ws/install/drone:/home/alexander/ros2_ws/install/components_py:/opt/ros/humble /usr/bin/cmake --build /home/alexander/ros2_ws/src/build/arduinobot_msgs -- -j8 -l8
[1.125s] Invoked command in '/home/alexander/ros2_ws/src/build/arduinobot_msgs' returned '0': CMAKE_PREFIX_PATH=${CMAKE_PREFIX_PATH}:/home/alexander/ros2_ws/install/turtlesim_catch_them_all:/home/alexander/ros2_ws/install/new_py_pkg:/home/alexander/ros2_ws/install/actions_py:/home/alexander/ros2_ws/install/mavros_pkg:/home/alexander/ros2_ws/install/mavros2:/home/alexander/ros2_ws/install/lifecycle_py:/home/alexander/ros2_ws/install/executors_py:/home/alexander/ros2_ws/install/drone_yolo:/home/alexander/ros2_ws/install/drone:/home/alexander/ros2_ws/install/components_py:/opt/ros/humble /usr/bin/cmake --build /home/alexander/ros2_ws/src/build/arduinobot_msgs -- -j8 -l8
[1.162s] Invoking command in '/home/alexander/ros2_ws/src/build/arduinobot_msgs': CMAKE_PREFIX_PATH=${CMAKE_PREFIX_PATH}:/home/alexander/ros2_ws/install/turtlesim_catch_them_all:/home/alexander/ros2_ws/install/new_py_pkg:/home/alexander/ros2_ws/install/actions_py:/home/alexander/ros2_ws/install/mavros_pkg:/home/alexander/ros2_ws/install/mavros2:/home/alexander/ros2_ws/install/lifecycle_py:/home/alexander/ros2_ws/install/executors_py:/home/alexander/ros2_ws/install/drone_yolo:/home/alexander/ros2_ws/install/drone:/home/alexander/ros2_ws/install/components_py:/opt/ros/humble /usr/bin/cmake --install /home/alexander/ros2_ws/src/build/arduinobot_msgs
[1.169s] -- Install configuration: ""
[1.170s] -- Installing: /home/alexander/ros2_ws/src/install/arduinobot_msgs/share/ament_index/resource_index/package_run_dependencies/arduinobot_msgs
[1.170s] -- Installing: /home/alexander/ros2_ws/src/install/arduinobot_msgs/share/ament_index/resource_index/parent_prefix_path/arduinobot_msgs
[1.170s] -- Installing: /home/alexander/ros2_ws/src/install/arduinobot_msgs/share/arduinobot_msgs/environment/ament_prefix_path.sh
[1.171s] -- Installing: /home/alexander/ros2_ws/src/install/arduinobot_msgs/share/arduinobot_msgs/environment/ament_prefix_path.dsv
[1.171s] -- Installing: /home/alexander/ros2_ws/src/install/arduinobot_msgs/share/arduinobot_msgs/environment/path.sh
[1.171s] -- Installing: /home/alexander/ros2_ws/src/install/arduinobot_msgs/share/arduinobot_msgs/environment/path.dsv
[1.172s] -- Installing: /home/alexander/ros2_ws/src/install/arduinobot_msgs/share/arduinobot_msgs/local_setup.bash
[1.172s] -- Installing: /home/alexander/ros2_ws/src/install/arduinobot_msgs/share/arduinobot_msgs/local_setup.sh
[1.172s] -- Installing: /home/alexander/ros2_ws/src/install/arduinobot_msgs/share/arduinobot_msgs/local_setup.zsh
[1.172s] -- Installing: /home/alexander/ros2_ws/src/install/arduinobot_msgs/share/arduinobot_msgs/local_setup.dsv
[1.173s] -- Installing: /home/alexander/ros2_ws/src/install/arduinobot_msgs/share/arduinobot_msgs/package.dsv
[1.173s] -- Installing: /home/alexander/ros2_ws/src/install/arduinobot_msgs/share/ament_index/resource_index/packages/arduinobot_msgs
[1.173s] -- Installing: /home/alexander/ros2_ws/src/install/arduinobot_msgs/share/arduinobot_msgs/cmake/arduinobot_msgsConfig.cmake
[1.174s] -- Installing: /home/alexander/ros2_ws/src/install/arduinobot_msgs/share/arduinobot_msgs/cmake/arduinobot_msgsConfig-version.cmake
[1.174s] -- Installing: /home/alexander/ros2_ws/src/install/arduinobot_msgs/share/arduinobot_msgs/package.xml
[1.177s] Invoked command in '/home/alexander/ros2_ws/src/build/arduinobot_msgs' returned '0': CMAKE_PREFIX_PATH=${CMAKE_PREFIX_PATH}:/home/alexander/ros2_ws/install/turtlesim_catch_them_all:/home/alexander/ros2_ws/install/new_py_pkg:/home/alexander/ros2_ws/install/actions_py:/home/alexander/ros2_ws/install/mavros_pkg:/home/alexander/ros2_ws/install/mavros2:/home/alexander/ros2_ws/install/lifecycle_py:/home/alexander/ros2_ws/install/executors_py:/home/alexander/ros2_ws/install/drone_yolo:/home/alexander/ros2_ws/install/drone:/home/alexander/ros2_ws/install/components_py:/opt/ros/humble /usr/bin/cmake --install /home/alexander/ros2_ws/src/build/arduinobot_msgs
