[1.010s] DEBUG:colcon:Command line arguments: ['/usr/bin/colcon', 'build']
[1.010s] DEBUG:colcon:Parsed command line arguments: Namespace(log_base=None, log_level=None, verb_name='build', build_base='build', install_base='install', merge_install=False, symlink_install=False, test_result_base=None, continue_on_error=False, executor='parallel', parallel_workers=8, event_handlers=None, ignore_user_meta=False, metas=['./colcon.meta'], base_paths=['.'], packages_ignore=None, packages_ignore_regex=None, paths=None, packages_up_to=None, packages_up_to_regex=None, packages_above=None, packages_above_and_dependencies=None, packages_above_depth=None, packages_select_by_dep=None, packages_skip_by_dep=None, packages_skip_up_to=None, packages_select_build_failed=False, packages_skip_build_finished=False, packages_select_test_failures=False, packages_skip_test_passed=False, packages_select=None, packages_skip=None, packages_select_regex=None, packages_skip_regex=None, packages_start=None, packages_end=None, allow_overriding=[], cmake_args=None, cmake_target=None, cmake_target_skip_unavailable=False, cmake_clean_cache=False, cmake_clean_first=False, cmake_force_configure=False, ament_cmake_args=None, catkin_cmake_args=None, catkin_skip_building_tests=False, verb_parser=<colcon_defaults.argument_parser.defaults.DefaultArgumentsDecorator object at 0x7f21b5a6e7d0>, verb_extension=<colcon_core.verb.build.BuildVerb object at 0x7f21b5a6fa60>, main=<bound method BuildVerb.main of <colcon_core.verb.build.BuildVerb object at 0x7f21b5a6fa60>>)
[1.056s] Level 1:colcon.colcon_core.package_discovery:discover_packages(colcon_meta) check parameters
[1.056s] Level 1:colcon.colcon_core.package_discovery:discover_packages(recursive) check parameters
[1.056s] Level 1:colcon.colcon_core.package_discovery:discover_packages(ignore) check parameters
[1.056s] Level 1:colcon.colcon_core.package_discovery:discover_packages(path) check parameters
[1.056s] Level 1:colcon.colcon_core.package_discovery:discover_packages(colcon_meta) discover
[1.056s] Level 1:colcon.colcon_core.package_discovery:discover_packages(recursive) discover
[1.056s] INFO:colcon.colcon_core.package_discovery:Crawling recursively for packages in '/home/alexander/ros2_ws/src/new_cpp_pkg'
[1.056s] Level 1:colcon.colcon_core.package_identification:_identify(.) by extensions ['ignore', 'ignore_ament_install']
[1.056s] Level 1:colcon.colcon_core.package_identification:_identify(.) by extension 'ignore'
[1.056s] Level 1:colcon.colcon_core.package_identification:_identify(.) by extension 'ignore_ament_install'
[1.056s] Level 1:colcon.colcon_core.package_identification:_identify(.) by extensions ['colcon_pkg']
[1.056s] Level 1:colcon.colcon_core.package_identification:_identify(.) by extension 'colcon_pkg'
[1.056s] Level 1:colcon.colcon_core.package_identification:_identify(.) by extensions ['colcon_meta']
[1.056s] Level 1:colcon.colcon_core.package_identification:_identify(.) by extension 'colcon_meta'
[1.056s] Level 1:colcon.colcon_core.package_identification:_identify(.) by extensions ['ros']
[1.056s] Level 1:colcon.colcon_core.package_identification:_identify(.) by extension 'ros'
[1.098s] DEBUG:colcon.colcon_core.package_identification:Package '.' with type 'ros.ament_cmake' and name 'new_cpp_pkg'
[1.098s] Level 1:colcon.colcon_core.package_discovery:discover_packages(recursive) using defaults
[1.098s] Level 1:colcon.colcon_core.package_discovery:discover_packages(ignore) discover
[1.098s] Level 1:colcon.colcon_core.package_discovery:discover_packages(ignore) using defaults
[1.098s] Level 1:colcon.colcon_core.package_discovery:discover_packages(path) discover
[1.098s] Level 1:colcon.colcon_core.package_discovery:discover_packages(path) using defaults
[1.193s] Level 1:colcon.colcon_core.package_discovery:discover_packages(prefix_path) check parameters
[1.193s] Level 1:colcon.colcon_core.package_discovery:discover_packages(prefix_path) discover
[1.222s] DEBUG:colcon.colcon_installed_package_information.package_discovery:Found 2 installed packages in /home/alexander/ros2_ws/install
[1.237s] DEBUG:colcon.colcon_installed_package_information.package_discovery:Found 270 installed packages in /opt/ros/humble
[1.238s] Level 1:colcon.colcon_core.package_discovery:discover_packages(prefix_path) using defaults
[1.327s] Level 5:colcon.colcon_core.verb:set package 'new_cpp_pkg' build argument 'cmake_args' from command line to 'None'
[1.327s] Level 5:colcon.colcon_core.verb:set package 'new_cpp_pkg' build argument 'cmake_target' from command line to 'None'
[1.327s] Level 5:colcon.colcon_core.verb:set package 'new_cpp_pkg' build argument 'cmake_target_skip_unavailable' from command line to 'False'
[1.327s] Level 5:colcon.colcon_core.verb:set package 'new_cpp_pkg' build argument 'cmake_clean_cache' from command line to 'False'
[1.327s] Level 5:colcon.colcon_core.verb:set package 'new_cpp_pkg' build argument 'cmake_clean_first' from command line to 'False'
[1.327s] Level 5:colcon.colcon_core.verb:set package 'new_cpp_pkg' build argument 'cmake_force_configure' from command line to 'False'
[1.327s] Level 5:colcon.colcon_core.verb:set package 'new_cpp_pkg' build argument 'ament_cmake_args' from command line to 'None'
[1.327s] Level 5:colcon.colcon_core.verb:set package 'new_cpp_pkg' build argument 'catkin_cmake_args' from command line to 'None'
[1.327s] Level 5:colcon.colcon_core.verb:set package 'new_cpp_pkg' build argument 'catkin_skip_building_tests' from command line to 'False'
[1.327s] DEBUG:colcon.colcon_core.verb:Building package 'new_cpp_pkg' with the following arguments: {'ament_cmake_args': None, 'build_base': '/home/alexander/ros2_ws/src/new_cpp_pkg/build/new_cpp_pkg', 'catkin_cmake_args': None, 'catkin_skip_building_tests': False, 'cmake_args': None, 'cmake_clean_cache': False, 'cmake_clean_first': False, 'cmake_force_configure': False, 'cmake_target': None, 'cmake_target_skip_unavailable': False, 'install_base': '/home/alexander/ros2_ws/src/new_cpp_pkg/install/new_cpp_pkg', 'merge_install': False, 'path': '/home/alexander/ros2_ws/src/new_cpp_pkg', 'symlink_install': False, 'test_result_base': None}
[1.342s] INFO:colcon.colcon_core.executor:Executing jobs using 'parallel' executor
[1.357s] DEBUG:colcon.colcon_parallel_executor.executor.parallel:run_until_complete
[1.357s] INFO:colcon.colcon_ros.task.ament_cmake.build:Building ROS package in '/home/alexander/ros2_ws/src/new_cpp_pkg' with build type 'ament_cmake'
[1.357s] INFO:colcon.colcon_cmake.task.cmake.build:Building CMake package in '/home/alexander/ros2_ws/src/new_cpp_pkg'
[1.373s] INFO:colcon.colcon_core.plugin_system:Skipping extension 'colcon_core.shell.bat': Not used on non-Windows systems
[1.373s] INFO:colcon.colcon_core.shell:Skip shell extension 'powershell' for command environment: Not usable outside of PowerShell
[1.374s] DEBUG:colcon.colcon_core.shell:Skip shell extension 'dsv' for command environment
[1.453s] DEBUG:colcon.colcon_core.event_handler.log_command:Invoking command in '/home/alexander/ros2_ws/src/new_cpp_pkg/build/new_cpp_pkg': CMAKE_PREFIX_PATH=${CMAKE_PREFIX_PATH}:/home/alexander/ros2_ws/install/new_py_pkg:/opt/ros/humble /usr/bin/cmake /home/alexander/ros2_ws/src/new_cpp_pkg -DCMAKE_INSTALL_PREFIX=/home/alexander/ros2_ws/src/new_cpp_pkg/install/new_cpp_pkg
[3.252s] DEBUG:colcon.colcon_core.event_handler.log_command:Invoked command in '/home/alexander/ros2_ws/src/new_cpp_pkg/build/new_cpp_pkg' returned '0': CMAKE_PREFIX_PATH=${CMAKE_PREFIX_PATH}:/home/alexander/ros2_ws/install/new_py_pkg:/opt/ros/humble /usr/bin/cmake /home/alexander/ros2_ws/src/new_cpp_pkg -DCMAKE_INSTALL_PREFIX=/home/alexander/ros2_ws/src/new_cpp_pkg/install/new_cpp_pkg
[3.254s] DEBUG:colcon.colcon_core.event_handler.log_command:Invoking command in '/home/alexander/ros2_ws/src/new_cpp_pkg/build/new_cpp_pkg': CMAKE_PREFIX_PATH=${CMAKE_PREFIX_PATH}:/home/alexander/ros2_ws/install/new_py_pkg:/opt/ros/humble /usr/bin/cmake --build /home/alexander/ros2_ws/src/new_cpp_pkg/build/new_cpp_pkg -- -j8 -l8
[13.929s] DEBUG:colcon.colcon_core.event_handler.log_command:Invoked command in '/home/alexander/ros2_ws/src/new_cpp_pkg/build/new_cpp_pkg' returned '0': CMAKE_PREFIX_PATH=${CMAKE_PREFIX_PATH}:/home/alexander/ros2_ws/install/new_py_pkg:/opt/ros/humble /usr/bin/cmake --build /home/alexander/ros2_ws/src/new_cpp_pkg/build/new_cpp_pkg -- -j8 -l8
[14.030s] DEBUG:colcon.colcon_core.event_handler.log_command:Invoking command in '/home/alexander/ros2_ws/src/new_cpp_pkg/build/new_cpp_pkg': CMAKE_PREFIX_PATH=${CMAKE_PREFIX_PATH}:/home/alexander/ros2_ws/install/new_py_pkg:/opt/ros/humble /usr/bin/cmake --install /home/alexander/ros2_ws/src/new_cpp_pkg/build/new_cpp_pkg
[14.066s] Level 1:colcon.colcon_core.environment:create_environment_scripts_only(new_cpp_pkg)
[14.067s] DEBUG:colcon.colcon_core.event_handler.log_command:Invoked command in '/home/alexander/ros2_ws/src/new_cpp_pkg/build/new_cpp_pkg' returned '0': CMAKE_PREFIX_PATH=${CMAKE_PREFIX_PATH}:/home/alexander/ros2_ws/install/new_py_pkg:/opt/ros/humble /usr/bin/cmake --install /home/alexander/ros2_ws/src/new_cpp_pkg/build/new_cpp_pkg
[14.116s] Level 1:colcon.colcon_core.environment:checking '/home/alexander/ros2_ws/src/new_cpp_pkg/install/new_cpp_pkg' for CMake module files
[14.116s] Level 1:colcon.colcon_core.environment:checking '/home/alexander/ros2_ws/src/new_cpp_pkg/install/new_cpp_pkg' for CMake config files
[14.117s] Level 1:colcon.colcon_core.shell:create_environment_hook('new_cpp_pkg', 'cmake_prefix_path')
[14.135s] INFO:colcon.colcon_core.shell:Creating environment hook '/home/alexander/ros2_ws/src/new_cpp_pkg/install/new_cpp_pkg/share/new_cpp_pkg/hook/cmake_prefix_path.ps1'
[14.136s] INFO:colcon.colcon_core.shell:Creating environment descriptor '/home/alexander/ros2_ws/src/new_cpp_pkg/install/new_cpp_pkg/share/new_cpp_pkg/hook/cmake_prefix_path.dsv'
[14.137s] INFO:colcon.colcon_core.shell:Creating environment hook '/home/alexander/ros2_ws/src/new_cpp_pkg/install/new_cpp_pkg/share/new_cpp_pkg/hook/cmake_prefix_path.sh'
[14.138s] Level 1:colcon.colcon_core.environment:checking '/home/alexander/ros2_ws/src/new_cpp_pkg/install/new_cpp_pkg/lib'
[14.138s] Level 1:colcon.colcon_core.environment:checking '/home/alexander/ros2_ws/src/new_cpp_pkg/install/new_cpp_pkg/bin'
[14.138s] Level 1:colcon.colcon_core.environment:checking '/home/alexander/ros2_ws/src/new_cpp_pkg/install/new_cpp_pkg/lib/pkgconfig/new_cpp_pkg.pc'
[14.138s] Level 1:colcon.colcon_core.environment:checking '/home/alexander/ros2_ws/src/new_cpp_pkg/install/new_cpp_pkg/lib/python3.10/site-packages'
[14.138s] Level 1:colcon.colcon_core.environment:checking '/home/alexander/ros2_ws/src/new_cpp_pkg/install/new_cpp_pkg/bin'
[14.156s] INFO:colcon.colcon_core.shell:Creating package script '/home/alexander/ros2_ws/src/new_cpp_pkg/install/new_cpp_pkg/share/new_cpp_pkg/package.ps1'
[14.157s] INFO:colcon.colcon_core.shell:Creating package descriptor '/home/alexander/ros2_ws/src/new_cpp_pkg/install/new_cpp_pkg/share/new_cpp_pkg/package.dsv'
[14.157s] INFO:colcon.colcon_core.shell:Creating package script '/home/alexander/ros2_ws/src/new_cpp_pkg/install/new_cpp_pkg/share/new_cpp_pkg/package.sh'
[14.158s] INFO:colcon.colcon_core.shell:Creating package script '/home/alexander/ros2_ws/src/new_cpp_pkg/install/new_cpp_pkg/share/new_cpp_pkg/package.bash'
[14.159s] INFO:colcon.colcon_core.shell:Creating package script '/home/alexander/ros2_ws/src/new_cpp_pkg/install/new_cpp_pkg/share/new_cpp_pkg/package.zsh'
[14.160s] Level 1:colcon.colcon_core.environment:create_file_with_runtime_dependencies(/home/alexander/ros2_ws/src/new_cpp_pkg/install/new_cpp_pkg/share/colcon-core/packages/new_cpp_pkg)
[14.212s] Level 1:colcon.colcon_core.environment:create_environment_scripts_only(new_cpp_pkg)
[14.228s] Level 1:colcon.colcon_core.environment:checking '/home/alexander/ros2_ws/src/new_cpp_pkg/install/new_cpp_pkg' for CMake module files
[14.228s] Level 1:colcon.colcon_core.environment:checking '/home/alexander/ros2_ws/src/new_cpp_pkg/install/new_cpp_pkg' for CMake config files
[14.229s] Level 1:colcon.colcon_core.shell:create_environment_hook('new_cpp_pkg', 'cmake_prefix_path')
[14.244s] INFO:colcon.colcon_core.shell:Creating environment hook '/home/alexander/ros2_ws/src/new_cpp_pkg/install/new_cpp_pkg/share/new_cpp_pkg/hook/cmake_prefix_path.ps1'
[14.244s] INFO:colcon.colcon_core.shell:Creating environment descriptor '/home/alexander/ros2_ws/src/new_cpp_pkg/install/new_cpp_pkg/share/new_cpp_pkg/hook/cmake_prefix_path.dsv'
[14.245s] INFO:colcon.colcon_core.shell:Creating environment hook '/home/alexander/ros2_ws/src/new_cpp_pkg/install/new_cpp_pkg/share/new_cpp_pkg/hook/cmake_prefix_path.sh'
[14.245s] Level 1:colcon.colcon_core.environment:checking '/home/alexander/ros2_ws/src/new_cpp_pkg/install/new_cpp_pkg/lib'
[14.245s] Level 1:colcon.colcon_core.environment:checking '/home/alexander/ros2_ws/src/new_cpp_pkg/install/new_cpp_pkg/bin'
[14.245s] Level 1:colcon.colcon_core.environment:checking '/home/alexander/ros2_ws/src/new_cpp_pkg/install/new_cpp_pkg/lib/pkgconfig/new_cpp_pkg.pc'
[14.246s] Level 1:colcon.colcon_core.environment:checking '/home/alexander/ros2_ws/src/new_cpp_pkg/install/new_cpp_pkg/lib/python3.10/site-packages'
[14.246s] Level 1:colcon.colcon_core.environment:checking '/home/alexander/ros2_ws/src/new_cpp_pkg/install/new_cpp_pkg/bin'
[14.261s] INFO:colcon.colcon_core.shell:Creating package script '/home/alexander/ros2_ws/src/new_cpp_pkg/install/new_cpp_pkg/share/new_cpp_pkg/package.ps1'
[14.261s] INFO:colcon.colcon_core.shell:Creating package descriptor '/home/alexander/ros2_ws/src/new_cpp_pkg/install/new_cpp_pkg/share/new_cpp_pkg/package.dsv'
[14.262s] INFO:colcon.colcon_core.shell:Creating package script '/home/alexander/ros2_ws/src/new_cpp_pkg/install/new_cpp_pkg/share/new_cpp_pkg/package.sh'
[14.262s] INFO:colcon.colcon_core.shell:Creating package script '/home/alexander/ros2_ws/src/new_cpp_pkg/install/new_cpp_pkg/share/new_cpp_pkg/package.bash'
[14.262s] INFO:colcon.colcon_core.shell:Creating package script '/home/alexander/ros2_ws/src/new_cpp_pkg/install/new_cpp_pkg/share/new_cpp_pkg/package.zsh'
[14.263s] Level 1:colcon.colcon_core.environment:create_file_with_runtime_dependencies(/home/alexander/ros2_ws/src/new_cpp_pkg/install/new_cpp_pkg/share/colcon-core/packages/new_cpp_pkg)
[14.263s] DEBUG:colcon.colcon_parallel_executor.executor.parallel:closing loop
[14.263s] DEBUG:colcon.colcon_parallel_executor.executor.parallel:loop closed
[14.263s] DEBUG:colcon.colcon_parallel_executor.executor.parallel:run_until_complete finished with '0'
[14.264s] DEBUG:colcon.colcon_core.event_reactor:joining thread
[14.286s] INFO:colcon.colcon_core.plugin_system:Skipping extension 'colcon_notification.desktop_notification.terminal_notifier': Not used on non-Darwin systems
[14.286s] INFO:colcon.colcon_core.plugin_system:Skipping extension 'colcon_notification.desktop_notification.win32': Not used on non-Windows systems
[14.286s] INFO:colcon.colcon_notification.desktop_notification:Sending desktop notification using 'notify2'
[14.299s] DEBUG:colcon.colcon_core.event_reactor:joined thread
[14.320s] INFO:colcon.colcon_core.shell:Creating prefix script '/home/alexander/ros2_ws/src/new_cpp_pkg/install/local_setup.ps1'
[14.321s] INFO:colcon.colcon_core.shell:Creating prefix util module '/home/alexander/ros2_ws/src/new_cpp_pkg/install/_local_setup_util_ps1.py'
[14.322s] INFO:colcon.colcon_core.shell:Creating prefix chain script '/home/alexander/ros2_ws/src/new_cpp_pkg/install/setup.ps1'
[14.342s] INFO:colcon.colcon_core.shell:Creating prefix script '/home/alexander/ros2_ws/src/new_cpp_pkg/install/local_setup.sh'
[14.343s] INFO:colcon.colcon_core.shell:Creating prefix util module '/home/alexander/ros2_ws/src/new_cpp_pkg/install/_local_setup_util_sh.py'
[14.344s] INFO:colcon.colcon_core.shell:Creating prefix chain script '/home/alexander/ros2_ws/src/new_cpp_pkg/install/setup.sh'
[14.379s] INFO:colcon.colcon_core.shell:Creating prefix script '/home/alexander/ros2_ws/src/new_cpp_pkg/install/local_setup.bash'
[14.379s] INFO:colcon.colcon_core.shell:Creating prefix chain script '/home/alexander/ros2_ws/src/new_cpp_pkg/install/setup.bash'
[14.400s] INFO:colcon.colcon_core.shell:Creating prefix script '/home/alexander/ros2_ws/src/new_cpp_pkg/install/local_setup.zsh'
[14.401s] INFO:colcon.colcon_core.shell:Creating prefix chain script '/home/alexander/ros2_ws/src/new_cpp_pkg/install/setup.zsh'
