[1.590s] DEBUG:colcon:Command line arguments: ['/usr/bin/colcon', 'build', '--packages-select', 'drone']
[1.590s] DEBUG:colcon:Parsed command line arguments: Namespace(log_base=None, log_level=None, verb_name='build', build_base='build', install_base='install', merge_install=False, symlink_install=False, test_result_base=None, continue_on_error=False, executor='parallel', parallel_workers=8, event_handlers=None, ignore_user_meta=False, metas=['./colcon.meta'], base_paths=['.'], packages_ignore=None, packages_ignore_regex=None, paths=None, packages_up_to=None, packages_up_to_regex=None, packages_above=None, packages_above_and_dependencies=None, packages_above_depth=None, packages_select_by_dep=None, packages_skip_by_dep=None, packages_skip_up_to=None, packages_select_build_failed=False, packages_skip_build_finished=False, packages_select_test_failures=False, packages_skip_test_passed=False, packages_select=['drone'], packages_skip=None, packages_select_regex=None, packages_skip_regex=None, packages_start=None, packages_end=None, allow_overriding=[], cmake_args=None, cmake_target=None, cmake_target_skip_unavailable=False, cmake_clean_cache=False, cmake_clean_first=False, cmake_force_configure=False, ament_cmake_args=None, catkin_cmake_args=None, catkin_skip_building_tests=False, verb_parser=<colcon_defaults.argument_parser.defaults.DefaultArgumentsDecorator object at 0x7f383087bf40>, verb_extension=<colcon_core.verb.build.BuildVerb object at 0x7f383087b9d0>, main=<bound method BuildVerb.main of <colcon_core.verb.build.BuildVerb object at 0x7f383087b9d0>>)
[1.664s] Level 1:colcon.colcon_core.package_discovery:discover_packages(colcon_meta) check parameters
[1.664s] Level 1:colcon.colcon_core.package_discovery:discover_packages(recursive) check parameters
[1.664s] Level 1:colcon.colcon_core.package_discovery:discover_packages(ignore) check parameters
[1.664s] Level 1:colcon.colcon_core.package_discovery:discover_packages(path) check parameters
[1.664s] Level 1:colcon.colcon_core.package_discovery:discover_packages(colcon_meta) discover
[1.665s] Level 1:colcon.colcon_core.package_discovery:discover_packages(recursive) discover
[1.665s] INFO:colcon.colcon_core.package_discovery:Crawling recursively for packages in '/home/alexander/ros2_ws/src'
[1.665s] Level 1:colcon.colcon_core.package_identification:_identify(.) by extensions ['ignore', 'ignore_ament_install']
[1.665s] Level 1:colcon.colcon_core.package_identification:_identify(.) by extension 'ignore'
[1.665s] Level 1:colcon.colcon_core.package_identification:_identify(.) by extension 'ignore_ament_install'
[1.665s] Level 1:colcon.colcon_core.package_identification:_identify(.) by extensions ['colcon_pkg']
[1.665s] Level 1:colcon.colcon_core.package_identification:_identify(.) by extension 'colcon_pkg'
[1.665s] Level 1:colcon.colcon_core.package_identification:_identify(.) by extensions ['colcon_meta']
[1.665s] Level 1:colcon.colcon_core.package_identification:_identify(.) by extension 'colcon_meta'
[1.665s] Level 1:colcon.colcon_core.package_identification:_identify(.) by extensions ['ros']
[1.665s] Level 1:colcon.colcon_core.package_identification:_identify(.) by extension 'ros'
[1.677s] Level 1:colcon.colcon_core.package_identification:_identify(.) by extensions ['cmake', 'python']
[1.677s] Level 1:colcon.colcon_core.package_identification:_identify(.) by extension 'cmake'
[1.677s] Level 1:colcon.colcon_core.package_identification:_identify(.) by extension 'python'
[1.677s] Level 1:colcon.colcon_core.package_identification:_identify(.) by extensions ['python_setup_py']
[1.677s] Level 1:colcon.colcon_core.package_identification:_identify(.) by extension 'python_setup_py'
[1.678s] Level 1:colcon.colcon_core.package_identification:_identify(actions_py) by extensions ['ignore', 'ignore_ament_install']
[1.678s] Level 1:colcon.colcon_core.package_identification:_identify(actions_py) by extension 'ignore'
[1.678s] Level 1:colcon.colcon_core.package_identification:_identify(actions_py) by extension 'ignore_ament_install'
[1.678s] Level 1:colcon.colcon_core.package_identification:_identify(actions_py) by extensions ['colcon_pkg']
[1.678s] Level 1:colcon.colcon_core.package_identification:_identify(actions_py) by extension 'colcon_pkg'
[1.678s] Level 1:colcon.colcon_core.package_identification:_identify(actions_py) by extensions ['colcon_meta']
[1.678s] Level 1:colcon.colcon_core.package_identification:_identify(actions_py) by extension 'colcon_meta'
[1.678s] Level 1:colcon.colcon_core.package_identification:_identify(actions_py) by extensions ['ros']
[1.678s] Level 1:colcon.colcon_core.package_identification:_identify(actions_py) by extension 'ros'
[1.681s] DEBUG:colcon.colcon_core.package_identification:Package 'actions_py' with type 'ros.ament_python' and name 'actions_py'
[1.681s] Level 1:colcon.colcon_core.package_identification:_identify(build) by extensions ['ignore', 'ignore_ament_install']
[1.681s] Level 1:colcon.colcon_core.package_identification:_identify(build) by extension 'ignore'
[1.681s] Level 1:colcon.colcon_core.package_identification:_identify(build) ignored
[1.681s] Level 1:colcon.colcon_core.package_identification:_identify(components_cpp) by extensions ['ignore', 'ignore_ament_install']
[1.682s] Level 1:colcon.colcon_core.package_identification:_identify(components_cpp) by extension 'ignore'
[1.682s] Level 1:colcon.colcon_core.package_identification:_identify(components_cpp) by extension 'ignore_ament_install'
[1.682s] Level 1:colcon.colcon_core.package_identification:_identify(components_cpp) by extensions ['colcon_pkg']
[1.682s] Level 1:colcon.colcon_core.package_identification:_identify(components_cpp) by extension 'colcon_pkg'
[1.682s] Level 1:colcon.colcon_core.package_identification:_identify(components_cpp) by extensions ['colcon_meta']
[1.682s] Level 1:colcon.colcon_core.package_identification:_identify(components_cpp) by extension 'colcon_meta'
[1.682s] Level 1:colcon.colcon_core.package_identification:_identify(components_cpp) by extensions ['ros']
[1.682s] Level 1:colcon.colcon_core.package_identification:_identify(components_cpp) by extension 'ros'
[1.682s] DEBUG:colcon.colcon_core.package_identification:Package 'components_cpp' with type 'ros.ament_cmake' and name 'components_cpp'
[1.683s] Level 1:colcon.colcon_core.package_identification:_identify(components_py) by extensions ['ignore', 'ignore_ament_install']
[1.683s] Level 1:colcon.colcon_core.package_identification:_identify(components_py) by extension 'ignore'
[1.683s] Level 1:colcon.colcon_core.package_identification:_identify(components_py) by extension 'ignore_ament_install'
[1.683s] Level 1:colcon.colcon_core.package_identification:_identify(components_py) by extensions ['colcon_pkg']
[1.683s] Level 1:colcon.colcon_core.package_identification:_identify(components_py) by extension 'colcon_pkg'
[1.683s] Level 1:colcon.colcon_core.package_identification:_identify(components_py) by extensions ['colcon_meta']
[1.683s] Level 1:colcon.colcon_core.package_identification:_identify(components_py) by extension 'colcon_meta'
[1.683s] Level 1:colcon.colcon_core.package_identification:_identify(components_py) by extensions ['ros']
[1.683s] Level 1:colcon.colcon_core.package_identification:_identify(components_py) by extension 'ros'
[1.683s] DEBUG:colcon.colcon_core.package_identification:Package 'components_py' with type 'ros.ament_python' and name 'components_py'
[1.684s] Level 1:colcon.colcon_core.package_identification:_identify(drone) by extensions ['ignore', 'ignore_ament_install']
[1.684s] Level 1:colcon.colcon_core.package_identification:_identify(drone) by extension 'ignore'
[1.684s] Level 1:colcon.colcon_core.package_identification:_identify(drone) by extension 'ignore_ament_install'
[1.684s] Level 1:colcon.colcon_core.package_identification:_identify(drone) by extensions ['colcon_pkg']
[1.684s] Level 1:colcon.colcon_core.package_identification:_identify(drone) by extension 'colcon_pkg'
[1.684s] Level 1:colcon.colcon_core.package_identification:_identify(drone) by extensions ['colcon_meta']
[1.684s] Level 1:colcon.colcon_core.package_identification:_identify(drone) by extension 'colcon_meta'
[1.684s] Level 1:colcon.colcon_core.package_identification:_identify(drone) by extensions ['ros']
[1.684s] Level 1:colcon.colcon_core.package_identification:_identify(drone) by extension 'ros'
[1.684s] DEBUG:colcon.colcon_core.package_identification:Package 'drone' with type 'ros.ament_python' and name 'drone'
[1.685s] Level 1:colcon.colcon_core.package_identification:_identify(drone_bringup) by extensions ['ignore', 'ignore_ament_install']
[1.685s] Level 1:colcon.colcon_core.package_identification:_identify(drone_bringup) by extension 'ignore'
[1.685s] Level 1:colcon.colcon_core.package_identification:_identify(drone_bringup) by extension 'ignore_ament_install'
[1.685s] Level 1:colcon.colcon_core.package_identification:_identify(drone_bringup) by extensions ['colcon_pkg']
[1.685s] Level 1:colcon.colcon_core.package_identification:_identify(drone_bringup) by extension 'colcon_pkg'
[1.685s] Level 1:colcon.colcon_core.package_identification:_identify(drone_bringup) by extensions ['colcon_meta']
[1.685s] Level 1:colcon.colcon_core.package_identification:_identify(drone_bringup) by extension 'colcon_meta'
[1.685s] Level 1:colcon.colcon_core.package_identification:_identify(drone_bringup) by extensions ['ros']
[1.685s] Level 1:colcon.colcon_core.package_identification:_identify(drone_bringup) by extension 'ros'
[1.686s] DEBUG:colcon.colcon_core.package_identification:Package 'drone_bringup' with type 'ros.ament_cmake' and name 'drone_bringup'
[1.686s] Level 1:colcon.colcon_core.package_identification:_identify(executors_cpp) by extensions ['ignore', 'ignore_ament_install']
[1.686s] Level 1:colcon.colcon_core.package_identification:_identify(executors_cpp) by extension 'ignore'
[1.686s] Level 1:colcon.colcon_core.package_identification:_identify(executors_cpp) by extension 'ignore_ament_install'
[1.686s] Level 1:colcon.colcon_core.package_identification:_identify(executors_cpp) by extensions ['colcon_pkg']
[1.686s] Level 1:colcon.colcon_core.package_identification:_identify(executors_cpp) by extension 'colcon_pkg'
[1.686s] Level 1:colcon.colcon_core.package_identification:_identify(executors_cpp) by extensions ['colcon_meta']
[1.686s] Level 1:colcon.colcon_core.package_identification:_identify(executors_cpp) by extension 'colcon_meta'
[1.686s] Level 1:colcon.colcon_core.package_identification:_identify(executors_cpp) by extensions ['ros']
[1.686s] Level 1:colcon.colcon_core.package_identification:_identify(executors_cpp) by extension 'ros'
[1.687s] DEBUG:colcon.colcon_core.package_identification:Package 'executors_cpp' with type 'ros.ament_cmake' and name 'executors_cpp'
[1.687s] Level 1:colcon.colcon_core.package_identification:_identify(executors_py) by extensions ['ignore', 'ignore_ament_install']
[1.687s] Level 1:colcon.colcon_core.package_identification:_identify(executors_py) by extension 'ignore'
[1.687s] Level 1:colcon.colcon_core.package_identification:_identify(executors_py) by extension 'ignore_ament_install'
[1.688s] Level 1:colcon.colcon_core.package_identification:_identify(executors_py) by extensions ['colcon_pkg']
[1.688s] Level 1:colcon.colcon_core.package_identification:_identify(executors_py) by extension 'colcon_pkg'
[1.688s] Level 1:colcon.colcon_core.package_identification:_identify(executors_py) by extensions ['colcon_meta']
[1.688s] Level 1:colcon.colcon_core.package_identification:_identify(executors_py) by extension 'colcon_meta'
[1.688s] Level 1:colcon.colcon_core.package_identification:_identify(executors_py) by extensions ['ros']
[1.688s] Level 1:colcon.colcon_core.package_identification:_identify(executors_py) by extension 'ros'
[1.688s] DEBUG:colcon.colcon_core.package_identification:Package 'executors_py' with type 'ros.ament_python' and name 'executors_py'
[1.688s] Level 1:colcon.colcon_core.package_identification:_identify(install) by extensions ['ignore', 'ignore_ament_install']
[1.689s] Level 1:colcon.colcon_core.package_identification:_identify(install) by extension 'ignore'
[1.689s] Level 1:colcon.colcon_core.package_identification:_identify(install) ignored
[1.689s] Level 1:colcon.colcon_core.package_identification:_identify(lifecycle_py) by extensions ['ignore', 'ignore_ament_install']
[1.689s] Level 1:colcon.colcon_core.package_identification:_identify(lifecycle_py) by extension 'ignore'
[1.689s] Level 1:colcon.colcon_core.package_identification:_identify(lifecycle_py) by extension 'ignore_ament_install'
[1.689s] Level 1:colcon.colcon_core.package_identification:_identify(lifecycle_py) by extensions ['colcon_pkg']
[1.689s] Level 1:colcon.colcon_core.package_identification:_identify(lifecycle_py) by extension 'colcon_pkg'
[1.689s] Level 1:colcon.colcon_core.package_identification:_identify(lifecycle_py) by extensions ['colcon_meta']
[1.689s] Level 1:colcon.colcon_core.package_identification:_identify(lifecycle_py) by extension 'colcon_meta'
[1.689s] Level 1:colcon.colcon_core.package_identification:_identify(lifecycle_py) by extensions ['ros']
[1.689s] Level 1:colcon.colcon_core.package_identification:_identify(lifecycle_py) by extension 'ros'
[1.690s] DEBUG:colcon.colcon_core.package_identification:Package 'lifecycle_py' with type 'ros.ament_python' and name 'lifecycle_py'
[1.690s] Level 1:colcon.colcon_core.package_identification:_identify(log) by extensions ['ignore', 'ignore_ament_install']
[1.690s] Level 1:colcon.colcon_core.package_identification:_identify(log) by extension 'ignore'
[1.690s] Level 1:colcon.colcon_core.package_identification:_identify(log) ignored
[1.690s] Level 1:colcon.colcon_core.package_identification:_identify(mavros_pkg.py) by extensions ['ignore', 'ignore_ament_install']
[1.690s] Level 1:colcon.colcon_core.package_identification:_identify(mavros_pkg.py) by extension 'ignore'
[1.690s] Level 1:colcon.colcon_core.package_identification:_identify(mavros_pkg.py) by extension 'ignore_ament_install'
[1.690s] Level 1:colcon.colcon_core.package_identification:_identify(mavros_pkg.py) by extensions ['colcon_pkg']
[1.690s] Level 1:colcon.colcon_core.package_identification:_identify(mavros_pkg.py) by extension 'colcon_pkg'
[1.690s] Level 1:colcon.colcon_core.package_identification:_identify(mavros_pkg.py) by extensions ['colcon_meta']
[1.690s] Level 1:colcon.colcon_core.package_identification:_identify(mavros_pkg.py) by extension 'colcon_meta'
[1.691s] Level 1:colcon.colcon_core.package_identification:_identify(mavros_pkg.py) by extensions ['ros']
[1.691s] Level 1:colcon.colcon_core.package_identification:_identify(mavros_pkg.py) by extension 'ros'
[1.691s] DEBUG:colcon.colcon_core.package_identification:Package 'mavros_pkg.py' with type 'ros.ament_python' and name 'mavros_pkg'
[1.692s] Level 1:colcon.colcon_core.package_identification:_identify(my_robot_bringup) by extensions ['ignore', 'ignore_ament_install']
[1.692s] Level 1:colcon.colcon_core.package_identification:_identify(my_robot_bringup) by extension 'ignore'
[1.692s] Level 1:colcon.colcon_core.package_identification:_identify(my_robot_bringup) by extension 'ignore_ament_install'
[1.692s] Level 1:colcon.colcon_core.package_identification:_identify(my_robot_bringup) by extensions ['colcon_pkg']
[1.692s] Level 1:colcon.colcon_core.package_identification:_identify(my_robot_bringup) by extension 'colcon_pkg'
[1.692s] Level 1:colcon.colcon_core.package_identification:_identify(my_robot_bringup) by extensions ['colcon_meta']
[1.692s] Level 1:colcon.colcon_core.package_identification:_identify(my_robot_bringup) by extension 'colcon_meta'
[1.692s] Level 1:colcon.colcon_core.package_identification:_identify(my_robot_bringup) by extensions ['ros']
[1.692s] Level 1:colcon.colcon_core.package_identification:_identify(my_robot_bringup) by extension 'ros'
[1.693s] DEBUG:colcon.colcon_core.package_identification:Package 'my_robot_bringup' with type 'ros.ament_cmake' and name 'my_robot_bringup'
[1.693s] Level 1:colcon.colcon_core.package_identification:_identify(my_robot_description) by extensions ['ignore', 'ignore_ament_install']
[1.693s] Level 1:colcon.colcon_core.package_identification:_identify(my_robot_description) by extension 'ignore'
[1.693s] Level 1:colcon.colcon_core.package_identification:_identify(my_robot_description) by extension 'ignore_ament_install'
[1.693s] Level 1:colcon.colcon_core.package_identification:_identify(my_robot_description) by extensions ['colcon_pkg']
[1.693s] Level 1:colcon.colcon_core.package_identification:_identify(my_robot_description) by extension 'colcon_pkg'
[1.693s] Level 1:colcon.colcon_core.package_identification:_identify(my_robot_description) by extensions ['colcon_meta']
[1.693s] Level 1:colcon.colcon_core.package_identification:_identify(my_robot_description) by extension 'colcon_meta'
[1.693s] Level 1:colcon.colcon_core.package_identification:_identify(my_robot_description) by extensions ['ros']
[1.693s] Level 1:colcon.colcon_core.package_identification:_identify(my_robot_description) by extension 'ros'
[1.693s] DEBUG:colcon.colcon_core.package_identification:Package 'my_robot_description' with type 'ros.ament_cmake' and name 'my_robot_description'
[1.694s] Level 1:colcon.colcon_core.package_identification:_identify(my_robot_interfaces) by extensions ['ignore', 'ignore_ament_install']
[1.694s] Level 1:colcon.colcon_core.package_identification:_identify(my_robot_interfaces) by extension 'ignore'
[1.694s] Level 1:colcon.colcon_core.package_identification:_identify(my_robot_interfaces) by extension 'ignore_ament_install'
[1.694s] Level 1:colcon.colcon_core.package_identification:_identify(my_robot_interfaces) by extensions ['colcon_pkg']
[1.694s] Level 1:colcon.colcon_core.package_identification:_identify(my_robot_interfaces) by extension 'colcon_pkg'
[1.694s] Level 1:colcon.colcon_core.package_identification:_identify(my_robot_interfaces) by extensions ['colcon_meta']
[1.694s] Level 1:colcon.colcon_core.package_identification:_identify(my_robot_interfaces) by extension 'colcon_meta'
[1.694s] Level 1:colcon.colcon_core.package_identification:_identify(my_robot_interfaces) by extensions ['ros']
[1.694s] Level 1:colcon.colcon_core.package_identification:_identify(my_robot_interfaces) by extension 'ros'
[1.695s] DEBUG:colcon.colcon_core.package_identification:Package 'my_robot_interfaces' with type 'ros.ament_cmake' and name 'my_robot_interfaces'
[1.695s] Level 1:colcon.colcon_core.package_identification:_identify(new_cpp_pkg) by extensions ['ignore', 'ignore_ament_install']
[1.695s] Level 1:colcon.colcon_core.package_identification:_identify(new_cpp_pkg) by extension 'ignore'
[1.695s] Level 1:colcon.colcon_core.package_identification:_identify(new_cpp_pkg) by extension 'ignore_ament_install'
[1.695s] Level 1:colcon.colcon_core.package_identification:_identify(new_cpp_pkg) by extensions ['colcon_pkg']
[1.695s] Level 1:colcon.colcon_core.package_identification:_identify(new_cpp_pkg) by extension 'colcon_pkg'
[1.695s] Level 1:colcon.colcon_core.package_identification:_identify(new_cpp_pkg) by extensions ['colcon_meta']
[1.695s] Level 1:colcon.colcon_core.package_identification:_identify(new_cpp_pkg) by extension 'colcon_meta'
[1.695s] Level 1:colcon.colcon_core.package_identification:_identify(new_cpp_pkg) by extensions ['ros']
[1.695s] Level 1:colcon.colcon_core.package_identification:_identify(new_cpp_pkg) by extension 'ros'
[1.696s] DEBUG:colcon.colcon_core.package_identification:Package 'new_cpp_pkg' with type 'ros.ament_cmake' and name 'new_cpp_pkg'
[1.696s] Level 1:colcon.colcon_core.package_identification:_identify(new_py_pkg) by extensions ['ignore', 'ignore_ament_install']
[1.696s] Level 1:colcon.colcon_core.package_identification:_identify(new_py_pkg) by extension 'ignore'
[1.696s] Level 1:colcon.colcon_core.package_identification:_identify(new_py_pkg) by extension 'ignore_ament_install'
[1.696s] Level 1:colcon.colcon_core.package_identification:_identify(new_py_pkg) by extensions ['colcon_pkg']
[1.696s] Level 1:colcon.colcon_core.package_identification:_identify(new_py_pkg) by extension 'colcon_pkg'
[1.696s] Level 1:colcon.colcon_core.package_identification:_identify(new_py_pkg) by extensions ['colcon_meta']
[1.696s] Level 1:colcon.colcon_core.package_identification:_identify(new_py_pkg) by extension 'colcon_meta'
[1.696s] Level 1:colcon.colcon_core.package_identification:_identify(new_py_pkg) by extensions ['ros']
[1.696s] Level 1:colcon.colcon_core.package_identification:_identify(new_py_pkg) by extension 'ros'
[1.697s] DEBUG:colcon.colcon_core.package_identification:Package 'new_py_pkg' with type 'ros.ament_python' and name 'new_py_pkg'
[1.697s] Level 1:colcon.colcon_core.package_identification:_identify(turtle_interfaces) by extensions ['ignore', 'ignore_ament_install']
[1.697s] Level 1:colcon.colcon_core.package_identification:_identify(turtle_interfaces) by extension 'ignore'
[1.697s] Level 1:colcon.colcon_core.package_identification:_identify(turtle_interfaces) by extension 'ignore_ament_install'
[1.697s] Level 1:colcon.colcon_core.package_identification:_identify(turtle_interfaces) by extensions ['colcon_pkg']
[1.697s] Level 1:colcon.colcon_core.package_identification:_identify(turtle_interfaces) by extension 'colcon_pkg'
[1.697s] Level 1:colcon.colcon_core.package_identification:_identify(turtle_interfaces) by extensions ['colcon_meta']
[1.697s] Level 1:colcon.colcon_core.package_identification:_identify(turtle_interfaces) by extension 'colcon_meta'
[1.697s] Level 1:colcon.colcon_core.package_identification:_identify(turtle_interfaces) by extensions ['ros']
[1.697s] Level 1:colcon.colcon_core.package_identification:_identify(turtle_interfaces) by extension 'ros'
[1.698s] DEBUG:colcon.colcon_core.package_identification:Package 'turtle_interfaces' with type 'ros.ament_cmake' and name 'turtle_interfaces'
[1.698s] Level 1:colcon.colcon_core.package_identification:_identify(turtlesim_bringup) by extensions ['ignore', 'ignore_ament_install']
[1.698s] Level 1:colcon.colcon_core.package_identification:_identify(turtlesim_bringup) by extension 'ignore'
[1.698s] Level 1:colcon.colcon_core.package_identification:_identify(turtlesim_bringup) by extension 'ignore_ament_install'
[1.698s] Level 1:colcon.colcon_core.package_identification:_identify(turtlesim_bringup) by extensions ['colcon_pkg']
[1.698s] Level 1:colcon.colcon_core.package_identification:_identify(turtlesim_bringup) by extension 'colcon_pkg'
[1.698s] Level 1:colcon.colcon_core.package_identification:_identify(turtlesim_bringup) by extensions ['colcon_meta']
[1.698s] Level 1:colcon.colcon_core.package_identification:_identify(turtlesim_bringup) by extension 'colcon_meta'
[1.698s] Level 1:colcon.colcon_core.package_identification:_identify(turtlesim_bringup) by extensions ['ros']
[1.698s] Level 1:colcon.colcon_core.package_identification:_identify(turtlesim_bringup) by extension 'ros'
[1.699s] DEBUG:colcon.colcon_core.package_identification:Package 'turtlesim_bringup' with type 'ros.ament_cmake' and name 'turtlesim_bringup'
[1.699s] Level 1:colcon.colcon_core.package_identification:_identify(turtlesim_catch_them_all) by extensions ['ignore', 'ignore_ament_install']
[1.699s] Level 1:colcon.colcon_core.package_identification:_identify(turtlesim_catch_them_all) by extension 'ignore'
[1.699s] Level 1:colcon.colcon_core.package_identification:_identify(turtlesim_catch_them_all) by extension 'ignore_ament_install'
[1.699s] Level 1:colcon.colcon_core.package_identification:_identify(turtlesim_catch_them_all) by extensions ['colcon_pkg']
[1.699s] Level 1:colcon.colcon_core.package_identification:_identify(turtlesim_catch_them_all) by extension 'colcon_pkg'
[1.699s] Level 1:colcon.colcon_core.package_identification:_identify(turtlesim_catch_them_all) by extensions ['colcon_meta']
[1.699s] Level 1:colcon.colcon_core.package_identification:_identify(turtlesim_catch_them_all) by extension 'colcon_meta'
[1.699s] Level 1:colcon.colcon_core.package_identification:_identify(turtlesim_catch_them_all) by extensions ['ros']
[1.699s] Level 1:colcon.colcon_core.package_identification:_identify(turtlesim_catch_them_all) by extension 'ros'
[1.700s] DEBUG:colcon.colcon_core.package_identification:Package 'turtlesim_catch_them_all' with type 'ros.ament_python' and name 'turtlesim_catch_them_all'
[1.700s] Level 1:colcon.colcon_core.package_identification:_identify(yolobot_control) by extensions ['ignore', 'ignore_ament_install']
[1.700s] Level 1:colcon.colcon_core.package_identification:_identify(yolobot_control) by extension 'ignore'
[1.700s] Level 1:colcon.colcon_core.package_identification:_identify(yolobot_control) by extension 'ignore_ament_install'
[1.701s] Level 1:colcon.colcon_core.package_identification:_identify(yolobot_control) by extensions ['colcon_pkg']
[1.701s] Level 1:colcon.colcon_core.package_identification:_identify(yolobot_control) by extension 'colcon_pkg'
[1.701s] Level 1:colcon.colcon_core.package_identification:_identify(yolobot_control) by extensions ['colcon_meta']
[1.701s] Level 1:colcon.colcon_core.package_identification:_identify(yolobot_control) by extension 'colcon_meta'
[1.701s] Level 1:colcon.colcon_core.package_identification:_identify(yolobot_control) by extensions ['ros']
[1.701s] Level 1:colcon.colcon_core.package_identification:_identify(yolobot_control) by extension 'ros'
[1.701s] DEBUG:colcon.colcon_core.package_identification:Package 'yolobot_control' with type 'ros.ament_cmake' and name 'yolobot_control'
[1.701s] Level 1:colcon.colcon_core.package_identification:_identify(yolobot_description) by extensions ['ignore', 'ignore_ament_install']
[1.701s] Level 1:colcon.colcon_core.package_identification:_identify(yolobot_description) by extension 'ignore'
[1.702s] Level 1:colcon.colcon_core.package_identification:_identify(yolobot_description) by extension 'ignore_ament_install'
[1.702s] Level 1:colcon.colcon_core.package_identification:_identify(yolobot_description) by extensions ['colcon_pkg']
[1.702s] Level 1:colcon.colcon_core.package_identification:_identify(yolobot_description) by extension 'colcon_pkg'
[1.702s] Level 1:colcon.colcon_core.package_identification:_identify(yolobot_description) by extensions ['colcon_meta']
[1.702s] Level 1:colcon.colcon_core.package_identification:_identify(yolobot_description) by extension 'colcon_meta'
[1.702s] Level 1:colcon.colcon_core.package_identification:_identify(yolobot_description) by extensions ['ros']
[1.702s] Level 1:colcon.colcon_core.package_identification:_identify(yolobot_description) by extension 'ros'
[1.702s] DEBUG:colcon.colcon_core.package_identification:Package 'yolobot_description' with type 'ros.ament_cmake' and name 'yolobot_description'
[1.702s] Level 1:colcon.colcon_core.package_identification:_identify(yolobot_gazebo) by extensions ['ignore', 'ignore_ament_install']
[1.702s] Level 1:colcon.colcon_core.package_identification:_identify(yolobot_gazebo) by extension 'ignore'
[1.703s] Level 1:colcon.colcon_core.package_identification:_identify(yolobot_gazebo) by extension 'ignore_ament_install'
[1.703s] Level 1:colcon.colcon_core.package_identification:_identify(yolobot_gazebo) by extensions ['colcon_pkg']
[1.703s] Level 1:colcon.colcon_core.package_identification:_identify(yolobot_gazebo) by extension 'colcon_pkg'
[1.703s] Level 1:colcon.colcon_core.package_identification:_identify(yolobot_gazebo) by extensions ['colcon_meta']
[1.703s] Level 1:colcon.colcon_core.package_identification:_identify(yolobot_gazebo) by extension 'colcon_meta'
[1.703s] Level 1:colcon.colcon_core.package_identification:_identify(yolobot_gazebo) by extensions ['ros']
[1.703s] Level 1:colcon.colcon_core.package_identification:_identify(yolobot_gazebo) by extension 'ros'
[1.703s] DEBUG:colcon.colcon_core.package_identification:Package 'yolobot_gazebo' with type 'ros.ament_cmake' and name 'yolobot_gazebo'
[1.703s] Level 1:colcon.colcon_core.package_identification:_identify(yolobot_recognition) by extensions ['ignore', 'ignore_ament_install']
[1.703s] Level 1:colcon.colcon_core.package_identification:_identify(yolobot_recognition) by extension 'ignore'
[1.704s] Level 1:colcon.colcon_core.package_identification:_identify(yolobot_recognition) by extension 'ignore_ament_install'
[1.704s] Level 1:colcon.colcon_core.package_identification:_identify(yolobot_recognition) by extensions ['colcon_pkg']
[1.704s] Level 1:colcon.colcon_core.package_identification:_identify(yolobot_recognition) by extension 'colcon_pkg'
[1.704s] Level 1:colcon.colcon_core.package_identification:_identify(yolobot_recognition) by extensions ['colcon_meta']
[1.704s] Level 1:colcon.colcon_core.package_identification:_identify(yolobot_recognition) by extension 'colcon_meta'
[1.704s] Level 1:colcon.colcon_core.package_identification:_identify(yolobot_recognition) by extensions ['ros']
[1.704s] Level 1:colcon.colcon_core.package_identification:_identify(yolobot_recognition) by extension 'ros'
[1.704s] DEBUG:colcon.colcon_core.package_identification:Package 'yolobot_recognition' with type 'ros.ament_cmake' and name 'yolobot_recognition'
[1.704s] Level 1:colcon.colcon_core.package_identification:_identify(yolov8_msgs) by extensions ['ignore', 'ignore_ament_install']
[1.704s] Level 1:colcon.colcon_core.package_identification:_identify(yolov8_msgs) by extension 'ignore'
[1.705s] Level 1:colcon.colcon_core.package_identification:_identify(yolov8_msgs) by extension 'ignore_ament_install'
[1.705s] Level 1:colcon.colcon_core.package_identification:_identify(yolov8_msgs) by extensions ['colcon_pkg']
[1.705s] Level 1:colcon.colcon_core.package_identification:_identify(yolov8_msgs) by extension 'colcon_pkg'
[1.705s] Level 1:colcon.colcon_core.package_identification:_identify(yolov8_msgs) by extensions ['colcon_meta']
[1.705s] Level 1:colcon.colcon_core.package_identification:_identify(yolov8_msgs) by extension 'colcon_meta'
[1.705s] Level 1:colcon.colcon_core.package_identification:_identify(yolov8_msgs) by extensions ['ros']
[1.705s] Level 1:colcon.colcon_core.package_identification:_identify(yolov8_msgs) by extension 'ros'
[1.705s] DEBUG:colcon.colcon_core.package_identification:Package 'yolov8_msgs' with type 'ros.ament_cmake' and name 'yolov8_msgs'
[1.705s] Level 1:colcon.colcon_core.package_discovery:discover_packages(recursive) using defaults
[1.705s] Level 1:colcon.colcon_core.package_discovery:discover_packages(ignore) discover
[1.706s] Level 1:colcon.colcon_core.package_discovery:discover_packages(ignore) using defaults
[1.706s] Level 1:colcon.colcon_core.package_discovery:discover_packages(path) discover
[1.706s] Level 1:colcon.colcon_core.package_discovery:discover_packages(path) using defaults
[1.808s] INFO:colcon.colcon_core.package_selection:Skipping not selected package 'components_cpp' in 'components_cpp'
[1.808s] INFO:colcon.colcon_core.package_selection:Skipping not selected package 'components_py' in 'components_py'
[1.808s] INFO:colcon.colcon_core.package_selection:Skipping not selected package 'executors_cpp' in 'executors_cpp'
[1.808s] INFO:colcon.colcon_core.package_selection:Skipping not selected package 'executors_py' in 'executors_py'
[1.808s] INFO:colcon.colcon_core.package_selection:Skipping not selected package 'lifecycle_py' in 'lifecycle_py'
[1.808s] INFO:colcon.colcon_core.package_selection:Skipping not selected package 'mavros_pkg' in 'mavros_pkg.py'
[1.808s] INFO:colcon.colcon_core.package_selection:Skipping not selected package 'my_robot_description' in 'my_robot_description'
[1.808s] INFO:colcon.colcon_core.package_selection:Skipping not selected package 'my_robot_interfaces' in 'my_robot_interfaces'
[1.809s] INFO:colcon.colcon_core.package_selection:Skipping not selected package 'new_cpp_pkg' in 'new_cpp_pkg'
[1.809s] INFO:colcon.colcon_core.package_selection:Skipping not selected package 'turtle_interfaces' in 'turtle_interfaces'
[1.809s] INFO:colcon.colcon_core.package_selection:Skipping not selected package 'turtlesim_bringup' in 'turtlesim_bringup'
[1.809s] INFO:colcon.colcon_core.package_selection:Skipping not selected package 'yolobot_control' in 'yolobot_control'
[1.809s] INFO:colcon.colcon_core.package_selection:Skipping not selected package 'yolobot_description' in 'yolobot_description'
[1.809s] INFO:colcon.colcon_core.package_selection:Skipping not selected package 'yolobot_gazebo' in 'yolobot_gazebo'
[1.809s] INFO:colcon.colcon_core.package_selection:Skipping not selected package 'yolobot_recognition' in 'yolobot_recognition'
[1.809s] INFO:colcon.colcon_core.package_selection:Skipping not selected package 'yolov8_msgs' in 'yolov8_msgs'
[1.809s] INFO:colcon.colcon_core.package_selection:Skipping not selected package 'actions_py' in 'actions_py'
[1.809s] INFO:colcon.colcon_core.package_selection:Skipping not selected package 'new_py_pkg' in 'new_py_pkg'
[1.809s] INFO:colcon.colcon_core.package_selection:Skipping not selected package 'turtlesim_catch_them_all' in 'turtlesim_catch_them_all'
[1.809s] INFO:colcon.colcon_core.package_selection:Skipping not selected package 'drone_bringup' in 'drone_bringup'
[1.809s] INFO:colcon.colcon_core.package_selection:Skipping not selected package 'my_robot_bringup' in 'my_robot_bringup'
[1.855s] Level 1:colcon.colcon_core.package_discovery:discover_packages(prefix_path) check parameters
[1.855s] Level 1:colcon.colcon_core.package_discovery:discover_packages(prefix_path) discover
[1.909s] DEBUG:colcon.colcon_installed_package_information.package_discovery:Found 21 installed packages in /home/alexander/ros2_ws/install
[1.934s] DEBUG:colcon.colcon_installed_package_information.package_discovery:Found 306 installed packages in /opt/ros/humble
[1.935s] Level 1:colcon.colcon_core.package_discovery:discover_packages(prefix_path) using defaults
[2.057s] Level 5:colcon.colcon_core.verb:set package 'drone' build argument 'cmake_args' from command line to 'None'
[2.057s] Level 5:colcon.colcon_core.verb:set package 'drone' build argument 'cmake_target' from command line to 'None'
[2.057s] Level 5:colcon.colcon_core.verb:set package 'drone' build argument 'cmake_target_skip_unavailable' from command line to 'False'
[2.057s] Level 5:colcon.colcon_core.verb:set package 'drone' build argument 'cmake_clean_cache' from command line to 'False'
[2.058s] Level 5:colcon.colcon_core.verb:set package 'drone' build argument 'cmake_clean_first' from command line to 'False'
[2.058s] Level 5:colcon.colcon_core.verb:set package 'drone' build argument 'cmake_force_configure' from command line to 'False'
[2.058s] Level 5:colcon.colcon_core.verb:set package 'drone' build argument 'ament_cmake_args' from command line to 'None'
[2.058s] Level 5:colcon.colcon_core.verb:set package 'drone' build argument 'catkin_cmake_args' from command line to 'None'
[2.058s] Level 5:colcon.colcon_core.verb:set package 'drone' build argument 'catkin_skip_building_tests' from command line to 'False'
[2.058s] DEBUG:colcon.colcon_core.verb:Building package 'drone' with the following arguments: {'ament_cmake_args': None, 'build_base': '/home/alexander/ros2_ws/src/build/drone', 'catkin_cmake_args': None, 'catkin_skip_building_tests': False, 'cmake_args': None, 'cmake_clean_cache': False, 'cmake_clean_first': False, 'cmake_force_configure': False, 'cmake_target': None, 'cmake_target_skip_unavailable': False, 'install_base': '/home/alexander/ros2_ws/src/install/drone', 'merge_install': False, 'path': '/home/alexander/ros2_ws/src/drone', 'symlink_install': False, 'test_result_base': None}
[2.080s] INFO:colcon.colcon_core.executor:Executing jobs using 'parallel' executor
[2.103s] DEBUG:colcon.colcon_parallel_executor.executor.parallel:run_until_complete
[2.103s] INFO:colcon.colcon_ros.task.ament_python.build:Building ROS package in '/home/alexander/ros2_ws/src/drone' with build type 'ament_python'
[2.103s] Level 1:colcon.colcon_core.shell:create_environment_hook('drone', 'ament_prefix_path')
[2.133s] INFO:colcon.colcon_core.plugin_system:Skipping extension 'colcon_core.shell.bat': Not used on non-Windows systems
[2.134s] INFO:colcon.colcon_core.shell:Creating environment hook '/home/alexander/ros2_ws/src/install/drone/share/drone/hook/ament_prefix_path.ps1'
[2.135s] INFO:colcon.colcon_core.shell:Creating environment descriptor '/home/alexander/ros2_ws/src/install/drone/share/drone/hook/ament_prefix_path.dsv'
[2.136s] INFO:colcon.colcon_core.shell:Creating environment hook '/home/alexander/ros2_ws/src/install/drone/share/drone/hook/ament_prefix_path.sh'
[2.161s] INFO:colcon.colcon_core.shell:Skip shell extension 'powershell' for command environment: Not usable outside of PowerShell
[2.161s] DEBUG:colcon.colcon_core.shell:Skip shell extension 'dsv' for command environment
[2.590s] INFO:colcon.colcon_core.task.python.build:Building Python package in '/home/alexander/ros2_ws/src/drone'
[2.612s] INFO:colcon.colcon_core.shell:Skip shell extension 'powershell' for command environment: Not usable outside of PowerShell
[2.612s] DEBUG:colcon.colcon_core.shell:Skip shell extension 'dsv' for command environment
[3.268s] DEBUG:colcon.colcon_core.event_handler.log_command:Invoking command in '/home/alexander/ros2_ws/src/drone': PYTHONPATH=/home/alexander/ros2_ws/src/build/drone/prefix_override:/home/alexander/ros2_ws/src/install/drone/lib/python3.10/site-packages:${PYTHONPATH} /usr/bin/python3 setup.py egg_info --egg-base ../build/drone build --build-base /home/alexander/ros2_ws/src/build/drone/build install --record /home/alexander/ros2_ws/src/build/drone/install.log --single-version-externally-managed
[3.655s] DEBUG:colcon.colcon_core.event_handler.log_command:Invoked command in '/home/alexander/ros2_ws/src/drone' returned '0': PYTHONPATH=/home/alexander/ros2_ws/src/build/drone/prefix_override:/home/alexander/ros2_ws/src/install/drone/lib/python3.10/site-packages:${PYTHONPATH} /usr/bin/python3 setup.py egg_info --egg-base ../build/drone build --build-base /home/alexander/ros2_ws/src/build/drone/build install --record /home/alexander/ros2_ws/src/build/drone/install.log --single-version-externally-managed
[3.680s] Level 1:colcon.colcon_core.environment:checking '/home/alexander/ros2_ws/src/install/drone' for CMake module files
[3.681s] Level 1:colcon.colcon_core.environment:checking '/home/alexander/ros2_ws/src/install/drone' for CMake config files
[3.681s] Level 1:colcon.colcon_core.environment:checking '/home/alexander/ros2_ws/src/install/drone/lib'
[3.681s] Level 1:colcon.colcon_core.environment:checking '/home/alexander/ros2_ws/src/install/drone/bin'
[3.682s] Level 1:colcon.colcon_core.environment:checking '/home/alexander/ros2_ws/src/install/drone/lib/pkgconfig/drone.pc'
[3.682s] Level 1:colcon.colcon_core.environment:checking '/home/alexander/ros2_ws/src/install/drone/lib/python3.10/site-packages'
[3.682s] Level 1:colcon.colcon_core.shell:create_environment_hook('drone', 'pythonpath')
[3.704s] INFO:colcon.colcon_core.shell:Creating environment hook '/home/alexander/ros2_ws/src/install/drone/share/drone/hook/pythonpath.ps1'
[3.704s] INFO:colcon.colcon_core.shell:Creating environment descriptor '/home/alexander/ros2_ws/src/install/drone/share/drone/hook/pythonpath.dsv'
[3.705s] INFO:colcon.colcon_core.shell:Creating environment hook '/home/alexander/ros2_ws/src/install/drone/share/drone/hook/pythonpath.sh'
[3.705s] Level 1:colcon.colcon_core.environment:checking '/home/alexander/ros2_ws/src/install/drone/bin'
[3.705s] Level 1:colcon.colcon_core.environment:create_environment_scripts_only(drone)
[3.727s] INFO:colcon.colcon_core.shell:Creating package script '/home/alexander/ros2_ws/src/install/drone/share/drone/package.ps1'
[3.728s] INFO:colcon.colcon_core.shell:Creating package descriptor '/home/alexander/ros2_ws/src/install/drone/share/drone/package.dsv'
[3.729s] INFO:colcon.colcon_core.shell:Creating package script '/home/alexander/ros2_ws/src/install/drone/share/drone/package.sh'
[3.729s] INFO:colcon.colcon_core.shell:Creating package script '/home/alexander/ros2_ws/src/install/drone/share/drone/package.bash'
[3.730s] INFO:colcon.colcon_core.shell:Creating package script '/home/alexander/ros2_ws/src/install/drone/share/drone/package.zsh'
[3.731s] Level 1:colcon.colcon_core.environment:create_file_with_runtime_dependencies(/home/alexander/ros2_ws/src/install/drone/share/colcon-core/packages/drone)
[3.731s] DEBUG:colcon.colcon_parallel_executor.executor.parallel:closing loop
[3.731s] DEBUG:colcon.colcon_parallel_executor.executor.parallel:loop closed
[3.732s] DEBUG:colcon.colcon_parallel_executor.executor.parallel:run_until_complete finished with '0'
[3.732s] DEBUG:colcon.colcon_core.event_reactor:joining thread
[3.767s] INFO:colcon.colcon_core.plugin_system:Skipping extension 'colcon_notification.desktop_notification.terminal_notifier': Not used on non-Darwin systems
[3.767s] INFO:colcon.colcon_core.plugin_system:Skipping extension 'colcon_notification.desktop_notification.win32': Not used on non-Windows systems
[3.768s] INFO:colcon.colcon_notification.desktop_notification:Sending desktop notification using 'notify2'
[3.781s] DEBUG:colcon.colcon_core.event_reactor:joined thread
[3.804s] INFO:colcon.colcon_core.shell:Creating prefix script '/home/alexander/ros2_ws/src/install/local_setup.ps1'
[3.806s] INFO:colcon.colcon_core.shell:Creating prefix util module '/home/alexander/ros2_ws/src/install/_local_setup_util_ps1.py'
[3.807s] INFO:colcon.colcon_core.shell:Creating prefix chain script '/home/alexander/ros2_ws/src/install/setup.ps1'
[3.831s] INFO:colcon.colcon_core.shell:Creating prefix script '/home/alexander/ros2_ws/src/install/local_setup.sh'
[3.831s] INFO:colcon.colcon_core.shell:Creating prefix util module '/home/alexander/ros2_ws/src/install/_local_setup_util_sh.py'
[3.832s] INFO:colcon.colcon_core.shell:Creating prefix chain script '/home/alexander/ros2_ws/src/install/setup.sh'
[3.856s] INFO:colcon.colcon_core.shell:Creating prefix script '/home/alexander/ros2_ws/src/install/local_setup.bash'
[3.857s] INFO:colcon.colcon_core.shell:Creating prefix chain script '/home/alexander/ros2_ws/src/install/setup.bash'
[3.881s] INFO:colcon.colcon_core.shell:Creating prefix script '/home/alexander/ros2_ws/src/install/local_setup.zsh'
[3.881s] INFO:colcon.colcon_core.shell:Creating prefix chain script '/home/alexander/ros2_ws/src/install/setup.zsh'
