/home/alexander/ros2_ws/src/new_py_pkg/install/new_py_pkg/lib/python3.10/site-packages/new_py_pkg/smartphone.py
/home/alexander/ros2_ws/src/new_py_pkg/install/new_py_pkg/lib/python3.10/site-packages/new_py_pkg/number_publisher.py
/home/alexander/ros2_ws/src/new_py_pkg/install/new_py_pkg/lib/python3.10/site-packages/new_py_pkg/my_first_node.py
/home/alexander/ros2_ws/src/new_py_pkg/install/new_py_pkg/lib/python3.10/site-packages/new_py_pkg/__init__.py
/home/alexander/ros2_ws/src/new_py_pkg/install/new_py_pkg/lib/python3.10/site-packages/new_py_pkg/number_counter.py
/home/alexander/ros2_ws/src/new_py_pkg/install/new_py_pkg/lib/python3.10/site-packages/new_py_pkg/robot_news_station.py
/home/alexander/ros2_ws/src/new_py_pkg/install/new_py_pkg/lib/python3.10/site-packages/new_py_pkg/__pycache__/smartphone.cpython-310.pyc
/home/alexander/ros2_ws/src/new_py_pkg/install/new_py_pkg/lib/python3.10/site-packages/new_py_pkg/__pycache__/number_publisher.cpython-310.pyc
/home/alexander/ros2_ws/src/new_py_pkg/install/new_py_pkg/lib/python3.10/site-packages/new_py_pkg/__pycache__/my_first_node.cpython-310.pyc
/home/alexander/ros2_ws/src/new_py_pkg/install/new_py_pkg/lib/python3.10/site-packages/new_py_pkg/__pycache__/__init__.cpython-310.pyc
/home/alexander/ros2_ws/src/new_py_pkg/install/new_py_pkg/lib/python3.10/site-packages/new_py_pkg/__pycache__/number_counter.cpython-310.pyc
/home/alexander/ros2_ws/src/new_py_pkg/install/new_py_pkg/lib/python3.10/site-packages/new_py_pkg/__pycache__/robot_news_station.cpython-310.pyc
/home/alexander/ros2_ws/src/new_py_pkg/install/new_py_pkg/share/ament_index/resource_index/packages/new_py_pkg
/home/alexander/ros2_ws/src/new_py_pkg/install/new_py_pkg/share/new_py_pkg/package.xml
/home/alexander/ros2_ws/src/new_py_pkg/install/new_py_pkg/lib/python3.10/site-packages/new_py_pkg-0.0.0-py3.10.egg-info/SOURCES.txt
/home/alexander/ros2_ws/src/new_py_pkg/install/new_py_pkg/lib/python3.10/site-packages/new_py_pkg-0.0.0-py3.10.egg-info/top_level.txt
/home/alexander/ros2_ws/src/new_py_pkg/install/new_py_pkg/lib/python3.10/site-packages/new_py_pkg-0.0.0-py3.10.egg-info/requires.txt
/home/alexander/ros2_ws/src/new_py_pkg/install/new_py_pkg/lib/python3.10/site-packages/new_py_pkg-0.0.0-py3.10.egg-info/dependency_links.txt
/home/alexander/ros2_ws/src/new_py_pkg/install/new_py_pkg/lib/python3.10/site-packages/new_py_pkg-0.0.0-py3.10.egg-info/zip-safe
/home/alexander/ros2_ws/src/new_py_pkg/install/new_py_pkg/lib/python3.10/site-packages/new_py_pkg-0.0.0-py3.10.egg-info/entry_points.txt
/home/alexander/ros2_ws/src/new_py_pkg/install/new_py_pkg/lib/python3.10/site-packages/new_py_pkg-0.0.0-py3.10.egg-info/PKG-INFO
/home/alexander/ros2_ws/src/new_py_pkg/install/new_py_pkg/lib/new_py_pkg/number_publisher
/home/alexander/ros2_ws/src/new_py_pkg/install/new_py_pkg/lib/new_py_pkg/py_node
/home/alexander/ros2_ws/src/new_py_pkg/install/new_py_pkg/lib/new_py_pkg/robot_news_station
/home/alexander/ros2_ws/src/new_py_pkg/install/new_py_pkg/lib/new_py_pkg/smartphone
